[ 2016-04-22T00:02:33+08:00 ] 127.0.0.1 /Airblog/Home/Blog/index/id/1.html
INFO: [ app_init ] --START--
INFO: Run Behavior\BuildLiteBehavior [ RunTime:0.000000s ]
INFO: [ app_init ] --END-- [ RunTime:0.003000s ]
INFO: [ app_begin ] --START--
INFO: Run Behavior\ReadHtmlCacheBehavior [ RunTime:0.094005s ]
INFO: [ app_begin ] --END-- [ RunTime:0.094005s ]
SQL: SHOW COLUMNS FROM `bg_link` [ RunTime:0.0140s ]
SQL: SELECT `name`,`link_url` FROM `bg_link` WHERE `status` = 1  [ RunTime:0.0080s ]
SQL: SHOW COLUMNS FROM `bg_blog` [ RunTime:0.0200s ]
SQL: SELECT `id`,`title`,`thumb`,`create_time` FROM `bg_blog` WHERE `status` = 1 ORDER BY view_count DESC LIMIT 10   [ RunTime:0.0020s ]
SQL: SHOW COLUMNS FROM `bg_tag` [ RunTime:0.0170s ]
SQL: SELECT `id`,`name` FROM `bg_tag` WHERE `status` = 1 ORDER BY sort ASC,create_time DESC LIMIT 20   [ RunTime:0.0090s ]
SQL: SELECT a.id,a.content,a.title,a.blog_info,a.tags,a.create_time,a.edit_time,a.auther,b.avatar,b.user_email,c.province FROM `bg_blog` a left join bg_user b on a.user_id = b.id left join bg_user_info c on a.user_id = c.user_id  WHERE a.id = 1 AND `status` = 1 LIMIT 1   [ RunTime:0.0030s ]
INFO: [ view_parse ] --START--
INFO: [ template_filter ] --START--
INFO: Run Behavior\ContentReplaceBehavior [ RunTime:0.001000s ]
INFO: [ template_filter ] --END-- [ RunTime:0.001000s ]
INFO: Run Behavior\ParseTemplateBehavior [ RunTime:0.103006s ]
INFO: [ view_parse ] --END-- [ RunTime:0.103006s ]
INFO: [ view_filter ] --START--
INFO: Run Behavior\WriteHtmlCacheBehavior [ RunTime:0.002000s ]
INFO: [ view_filter ] --END-- [ RunTime:0.002000s ]
INFO: [ app_end ] --START--
INFO: Run Behavior\ShowPageTraceBehavior [ RunTime:0.005000s ]
INFO: [ app_end ] --END-- [ RunTime:0.005000s ]

[ 2016-04-22T00:02:38+08:00 ] 127.0.0.1 /Airblog/Home/Blog/index/id/1.html
INFO: [ app_init ] --START--
INFO: Run Behavior\BuildLiteBehavior [ RunTime:0.000000s ]
INFO: [ app_init ] --END-- [ RunTime:0.002000s ]
INFO: [ app_begin ] --START--
INFO: Run Behavior\ReadHtmlCacheBehavior [ RunTime:0.003001s ]
INFO: [ app_begin ] --END-- [ RunTime:0.003001s ]
SQL: SHOW COLUMNS FROM `bg_link` [ RunTime:0.0140s ]
SQL: SELECT `name`,`link_url` FROM `bg_link` WHERE `status` = 1  [ RunTime:0.0060s ]
SQL: SHOW COLUMNS FROM `bg_blog` [ RunTime:0.0210s ]
SQL: SELECT `id`,`title`,`thumb`,`create_time` FROM `bg_blog` WHERE `status` = 1 ORDER BY view_count DESC LIMIT 10   [ RunTime:0.0020s ]
SQL: SHOW COLUMNS FROM `bg_tag` [ RunTime:0.0130s ]
SQL: SELECT `id`,`name` FROM `bg_tag` WHERE `status` = 1 ORDER BY sort ASC,create_time DESC LIMIT 20   [ RunTime:0.0050s ]
SQL: SELECT a.id,a.content,a.title,a.blog_info,a.tags,a.create_time,a.edit_time,a.auther,b.avatar,b.user_email,c.province FROM `bg_blog` a left join bg_user b on a.user_id = b.id left join bg_user_info c on a.user_id = c.user_id  WHERE a.id = 1 AND `status` = 1 LIMIT 1   [ RunTime:0.0020s ]
INFO: [ view_parse ] --START--
INFO: [ template_filter ] --START--
INFO: Run Behavior\ContentReplaceBehavior [ RunTime:0.001000s ]
INFO: [ template_filter ] --END-- [ RunTime:0.001000s ]
INFO: Run Behavior\ParseTemplateBehavior [ RunTime:0.079005s ]
INFO: [ view_parse ] --END-- [ RunTime:0.079005s ]
INFO: [ view_filter ] --START--
INFO: Run Behavior\WriteHtmlCacheBehavior [ RunTime:0.002000s ]
INFO: [ view_filter ] --END-- [ RunTime:0.002000s ]
INFO: [ app_end ] --START--
INFO: Run Behavior\ShowPageTraceBehavior [ RunTime:0.006000s ]
INFO: [ app_end ] --END-- [ RunTime:0.006000s ]

[ 2016-04-22T00:02:51+08:00 ] 127.0.0.1 /Airblog/Home/Blog/index/id/2.html
INFO: [ app_init ] --START--
INFO: Run Behavior\BuildLiteBehavior [ RunTime:0.000000s ]
INFO: [ app_init ] --END-- [ RunTime:0.002000s ]
INFO: [ app_begin ] --START--
INFO: Run Behavior\ReadHtmlCacheBehavior [ RunTime:0.005000s ]
INFO: [ app_begin ] --END-- [ RunTime:0.005000s ]
SQL: SHOW COLUMNS FROM `bg_link` [ RunTime:0.0190s ]
SQL: SELECT `name`,`link_url` FROM `bg_link` WHERE `status` = 1  [ RunTime:0.0010s ]
SQL: SHOW COLUMNS FROM `bg_blog` [ RunTime:0.0140s ]
SQL: SELECT `id`,`title`,`thumb`,`create_time` FROM `bg_blog` WHERE `status` = 1 ORDER BY view_count DESC LIMIT 10   [ RunTime:0.0080s ]
SQL: SHOW COLUMNS FROM `bg_tag` [ RunTime:0.0190s ]
SQL: SELECT `id`,`name` FROM `bg_tag` WHERE `status` = 1 ORDER BY sort ASC,create_time DESC LIMIT 20   [ RunTime:0.0010s ]
SQL: SELECT a.id,a.content,a.title,a.blog_info,a.tags,a.create_time,a.edit_time,a.auther,b.avatar,b.user_email,c.province FROM `bg_blog` a left join bg_user b on a.user_id = b.id left join bg_user_info c on a.user_id = c.user_id  WHERE a.id = 2 AND `status` = 1 LIMIT 1   [ RunTime:0.0080s ]
INFO: [ view_parse ] --START--
INFO: [ template_filter ] --START--
INFO: Run Behavior\ContentReplaceBehavior [ RunTime:0.001000s ]
INFO: [ template_filter ] --END-- [ RunTime:0.002000s ]
INFO: Run Behavior\ParseTemplateBehavior [ RunTime:0.120007s ]
INFO: [ view_parse ] --END-- [ RunTime:0.120007s ]
INFO: [ view_filter ] --START--
INFO: Run Behavior\WriteHtmlCacheBehavior [ RunTime:0.004000s ]
INFO: [ view_filter ] --END-- [ RunTime:0.004000s ]
INFO: [ app_end ] --START--
INFO: Run Behavior\ShowPageTraceBehavior [ RunTime:0.015001s ]
INFO: [ app_end ] --END-- [ RunTime:0.015001s ]

[ 2016-04-22T14:12:37+08:00 ] 127.0.0.1 /Airblog/
INFO: [ app_init ] --START--
INFO: Run Behavior\BuildLiteBehavior [ RunTime:0.000000s ]
INFO: [ app_init ] --END-- [ RunTime:0.002000s ]
INFO: [ app_begin ] --START--
INFO: Run Behavior\ReadHtmlCacheBehavior [ RunTime:0.003000s ]
INFO: [ app_begin ] --END-- [ RunTime:0.004000s ]
SQL: SHOW COLUMNS FROM `bg_link` [ RunTime:0.0590s ]
SQL: SELECT `name`,`link_url` FROM `bg_link` WHERE `status` = 1  [ RunTime:0.0040s ]
SQL: SHOW COLUMNS FROM `bg_blog` [ RunTime:0.0330s ]
SQL: SELECT `id`,`title`,`thumb`,`create_time` FROM `bg_blog` WHERE `status` = 1 ORDER BY view_count DESC LIMIT 10   [ RunTime:0.0070s ]
SQL: SHOW COLUMNS FROM `bg_tag` [ RunTime:0.0150s ]
SQL: SELECT `id`,`name` FROM `bg_tag` WHERE `status` = 1 ORDER BY sort ASC,create_time DESC LIMIT 20   [ RunTime:0.0050s ]
SQL: SELECT COUNT(*) AS tp_count FROM `bg_blog` WHERE `status` = 1 LIMIT 1   [ RunTime:0.0010s ]
SQL: SELECT `id`,`title`,`thumb`,`blog_info`,`create_time`,`edit_time`,`auther` FROM `bg_blog` WHERE `status` = 1 ORDER BY recommend DESC,id DESC LIMIT 0,10   [ RunTime:0.0020s ]
INFO: [ view_parse ] --START--
INFO: [ template_filter ] --START--
INFO: Run Behavior\ContentReplaceBehavior [ RunTime:0.001000s ]
INFO: [ template_filter ] --END-- [ RunTime:0.001000s ]
NOTIC: [8] A non well formed numeric value encountered D:\download\apache\htdocs\Airblog\Runtime\Cache\Home\2a94b8bda04ff446dcedd42276fc99ee.php 第 137 行.
NOTIC: [8] A non well formed numeric value encountered D:\download\apache\htdocs\Airblog\Runtime\Cache\Home\2a94b8bda04ff446dcedd42276fc99ee.php 第 137 行.
NOTIC: [8] A non well formed numeric value encountered D:\download\apache\htdocs\Airblog\Runtime\Cache\Home\2a94b8bda04ff446dcedd42276fc99ee.php 第 137 行.
NOTIC: [8] A non well formed numeric value encountered D:\download\apache\htdocs\Airblog\Runtime\Cache\Home\2a94b8bda04ff446dcedd42276fc99ee.php 第 137 行.
NOTIC: [8] A non well formed numeric value encountered D:\download\apache\htdocs\Airblog\Runtime\Cache\Home\2a94b8bda04ff446dcedd42276fc99ee.php 第 137 行.
NOTIC: [8] A non well formed numeric value encountered D:\download\apache\htdocs\Airblog\Runtime\Cache\Home\2a94b8bda04ff446dcedd42276fc99ee.php 第 137 行.
NOTIC: [8] A non well formed numeric value encountered D:\download\apache\htdocs\Airblog\Runtime\Cache\Home\2a94b8bda04ff446dcedd42276fc99ee.php 第 137 行.
INFO: Run Behavior\ParseTemplateBehavior [ RunTime:0.121007s ]
INFO: [ view_parse ] --END-- [ RunTime:0.121007s ]
INFO: [ view_filter ] --START--
INFO: Run Behavior\WriteHtmlCacheBehavior [ RunTime:0.002000s ]
INFO: [ view_filter ] --END-- [ RunTime:0.003000s ]
INFO: [ app_end ] --START--
INFO: Run Behavior\ShowPageTraceBehavior [ RunTime:0.006001s ]
INFO: [ app_end ] --END-- [ RunTime:0.008001s ]

[ 2016-04-22T14:15:03+08:00 ] 127.0.0.1 /Airblog/Home/Login/index.html
INFO: [ app_init ] --START--
INFO: Run Behavior\BuildLiteBehavior [ RunTime:0.000000s ]
INFO: [ app_init ] --END-- [ RunTime:0.002001s ]
INFO: [ app_begin ] --START--
INFO: Run Behavior\ReadHtmlCacheBehavior [ RunTime:0.003000s ]
INFO: [ app_begin ] --END-- [ RunTime:0.003000s ]
SQL: SHOW COLUMNS FROM `bg_user` [ RunTime:0.0750s ]
SQL: SHOW COLUMNS FROM `bg_user_info` [ RunTime:0.0330s ]
INFO: [ view_parse ] --START--
INFO: [ template_filter ] --START--
INFO: Run Behavior\ContentReplaceBehavior [ RunTime:0.000000s ]
INFO: [ template_filter ] --END-- [ RunTime:0.001000s ]
INFO: Run Behavior\ParseTemplateBehavior [ RunTime:0.036002s ]
INFO: [ view_parse ] --END-- [ RunTime:0.036002s ]
INFO: [ view_filter ] --START--
INFO: Run Behavior\WriteHtmlCacheBehavior [ RunTime:0.002000s ]
INFO: [ view_filter ] --END-- [ RunTime:0.003001s ]
INFO: [ app_end ] --START--
INFO: Run Behavior\ShowPageTraceBehavior [ RunTime:0.002000s ]
INFO: [ app_end ] --END-- [ RunTime:0.003000s ]

[ 2016-04-22T14:15:11+08:00 ] 127.0.0.1 /Airblog/Home/Login/login_run.html
INFO: [ app_init ] --START--
INFO: Run Behavior\BuildLiteBehavior [ RunTime:0.000000s ]
INFO: [ app_init ] --END-- [ RunTime:0.003000s ]
INFO: [ app_begin ] --START--
INFO: Run Behavior\ReadHtmlCacheBehavior [ RunTime:0.002000s ]
INFO: [ app_begin ] --END-- [ RunTime:0.003000s ]
SQL: SHOW COLUMNS FROM `bg_user` [ RunTime:0.0140s ]
SQL: SHOW COLUMNS FROM `bg_user_info` [ RunTime:0.0160s ]
SQL: SELECT * FROM `bg_user` WHERE `nickname` = '阿尔维奇' AND `user_pass` = 'e10adc3949ba59abbe56e057f20f883e' AND `user_status` = 1 LIMIT 1   [ RunTime:0.0020s ]
SQL: SELECT `login_time`,`login_ip` FROM `bg_user_info` WHERE `user_id` = 1 LIMIT 1   [ RunTime:0.0010s ]
SQL: UPDATE `bg_user_info` SET `login_time`='1461305711',`login_ip`='2130706433',`last_time`='1461248736',`last_ip`='2130706433' WHERE `user_id` = 1 [ RunTime:0.0030s ]

[ 2016-04-22T14:15:32+08:00 ] 127.0.0.1 /Airblog/Home/Blog/index/id/7.html
INFO: [ app_init ] --START--
INFO: Run Behavior\BuildLiteBehavior [ RunTime:0.000000s ]
INFO: [ app_init ] --END-- [ RunTime:0.002000s ]
INFO: [ app_begin ] --START--
INFO: Run Behavior\ReadHtmlCacheBehavior [ RunTime:0.002000s ]
INFO: [ app_begin ] --END-- [ RunTime:0.002000s ]
SQL: SHOW COLUMNS FROM `bg_link` [ RunTime:0.0120s ]
SQL: SELECT `name`,`link_url` FROM `bg_link` WHERE `status` = 1  [ RunTime:0.0070s ]
SQL: SHOW COLUMNS FROM `bg_blog` [ RunTime:0.0160s ]
SQL: SELECT `id`,`title`,`thumb`,`create_time` FROM `bg_blog` WHERE `status` = 1 ORDER BY view_count DESC LIMIT 10   [ RunTime:0.0030s ]
SQL: SHOW COLUMNS FROM `bg_tag` [ RunTime:0.0130s ]
SQL: SELECT `id`,`name` FROM `bg_tag` WHERE `status` = 1 ORDER BY sort ASC,create_time DESC LIMIT 20   [ RunTime:0.0040s ]
SQL: SELECT a.id,a.content,a.title,a.blog_info,a.tags,a.create_time,a.edit_time,a.auther,b.avatar,b.user_email,c.province FROM `bg_blog` a left join bg_user b on a.user_id = b.id left join bg_user_info c on a.user_id = c.user_id  WHERE a.id = 7 AND `status` = 1 LIMIT 1   [ RunTime:0.0020s ]
INFO: [ view_parse ] --START--
INFO: [ template_filter ] --START--
INFO: Run Behavior\ContentReplaceBehavior [ RunTime:0.001000s ]
INFO: [ template_filter ] --END-- [ RunTime:0.001000s ]
INFO: Run Behavior\ParseTemplateBehavior [ RunTime:0.082005s ]
INFO: [ view_parse ] --END-- [ RunTime:0.083005s ]
INFO: [ view_filter ] --START--
INFO: Run Behavior\WriteHtmlCacheBehavior [ RunTime:0.002000s ]
INFO: [ view_filter ] --END-- [ RunTime:0.002000s ]
INFO: [ app_end ] --START--
INFO: Run Behavior\ShowPageTraceBehavior [ RunTime:0.004000s ]
INFO: [ app_end ] --END-- [ RunTime:0.004000s ]

[ 2016-04-22T14:15:33+08:00 ] 127.0.0.1 /Airblog/Uploads/Blog/2016/03_26/56f64a1222449.jpg
INFO: [ app_init ] --START--
INFO: Run Behavior\BuildLiteBehavior [ RunTime:0.000000s ]
INFO: [ app_init ] --END-- [ RunTime:0.002000s ]

[ 2016-04-22T14:47:28+08:00 ] 127.0.0.1 /Airblog/Home/Index/index.html
INFO: [ app_init ] --START--
INFO: Run Behavior\BuildLiteBehavior [ RunTime:0.000000s ]
INFO: [ app_init ] --END-- [ RunTime:0.002000s ]
INFO: [ app_begin ] --START--
INFO: Run Behavior\ReadHtmlCacheBehavior [ RunTime:0.002001s ]
INFO: [ app_begin ] --END-- [ RunTime:0.003001s ]
SQL: SHOW COLUMNS FROM `bg_link` [ RunTime:0.0110s ]
SQL: SELECT `name`,`link_url` FROM `bg_link` WHERE `status` = 1  [ RunTime:0.0040s ]
SQL: SHOW COLUMNS FROM `bg_blog` [ RunTime:0.0100s ]
SQL: SELECT `id`,`title`,`thumb`,`create_time` FROM `bg_blog` WHERE `status` = 1 ORDER BY view_count DESC LIMIT 10   [ RunTime:0.0070s ]
SQL: SHOW COLUMNS FROM `bg_tag` [ RunTime:0.0110s ]
SQL: SELECT `id`,`name` FROM `bg_tag` WHERE `status` = 1 ORDER BY sort ASC,create_time DESC LIMIT 20   [ RunTime:0.0040s ]
SQL: SELECT COUNT(*) AS tp_count FROM `bg_blog` WHERE `status` = 1 LIMIT 1   [ RunTime:0.0020s ]
SQL: SELECT `id`,`title`,`thumb`,`blog_info`,`create_time`,`edit_time`,`auther` FROM `bg_blog` WHERE `status` = 1 ORDER BY recommend DESC,id DESC LIMIT 0,10   [ RunTime:0.0020s ]
INFO: [ view_parse ] --START--
INFO: [ template_filter ] --START--
INFO: Run Behavior\ContentReplaceBehavior [ RunTime:0.000000s ]
INFO: [ template_filter ] --END-- [ RunTime:0.000000s ]
NOTIC: [8] A non well formed numeric value encountered D:\download\apache\htdocs\Airblog\Runtime\Cache\Home\2a94b8bda04ff446dcedd42276fc99ee.php 第 137 行.
NOTIC: [8] A non well formed numeric value encountered D:\download\apache\htdocs\Airblog\Runtime\Cache\Home\2a94b8bda04ff446dcedd42276fc99ee.php 第 137 行.
NOTIC: [8] A non well formed numeric value encountered D:\download\apache\htdocs\Airblog\Runtime\Cache\Home\2a94b8bda04ff446dcedd42276fc99ee.php 第 137 行.
NOTIC: [8] A non well formed numeric value encountered D:\download\apache\htdocs\Airblog\Runtime\Cache\Home\2a94b8bda04ff446dcedd42276fc99ee.php 第 137 行.
NOTIC: [8] A non well formed numeric value encountered D:\download\apache\htdocs\Airblog\Runtime\Cache\Home\2a94b8bda04ff446dcedd42276fc99ee.php 第 137 行.
NOTIC: [8] A non well formed numeric value encountered D:\download\apache\htdocs\Airblog\Runtime\Cache\Home\2a94b8bda04ff446dcedd42276fc99ee.php 第 137 行.
NOTIC: [8] A non well formed numeric value encountered D:\download\apache\htdocs\Airblog\Runtime\Cache\Home\2a94b8bda04ff446dcedd42276fc99ee.php 第 137 行.
INFO: Run Behavior\ParseTemplateBehavior [ RunTime:0.074004s ]
INFO: [ view_parse ] --END-- [ RunTime:0.074004s ]
INFO: [ view_filter ] --START--
INFO: Run Behavior\WriteHtmlCacheBehavior [ RunTime:0.003000s ]
INFO: [ view_filter ] --END-- [ RunTime:0.003000s ]
INFO: [ app_end ] --START--
INFO: Run Behavior\ShowPageTraceBehavior [ RunTime:0.014001s ]
INFO: [ app_end ] --END-- [ RunTime:0.014001s ]

[ 2016-04-22T15:10:50+08:00 ] 127.0.0.1 /Airblog/Home/Blog/index/id/1.html
INFO: [ app_init ] --START--
INFO: Run Behavior\BuildLiteBehavior [ RunTime:0.000000s ]
INFO: [ app_init ] --END-- [ RunTime:0.002000s ]
INFO: [ app_begin ] --START--
INFO: Run Behavior\ReadHtmlCacheBehavior [ RunTime:0.003001s ]
INFO: [ app_begin ] --END-- [ RunTime:0.003001s ]
SQL: SHOW COLUMNS FROM `bg_link` [ RunTime:0.0180s ]
SQL: SELECT `name`,`link_url` FROM `bg_link` WHERE `status` = 1  [ RunTime:0.0050s ]
SQL: SHOW COLUMNS FROM `bg_blog` [ RunTime:0.0190s ]
SQL: SELECT `id`,`title`,`thumb`,`create_time` FROM `bg_blog` WHERE `status` = 1 ORDER BY view_count DESC LIMIT 10   [ RunTime:0.0020s ]
SQL: SHOW COLUMNS FROM `bg_tag` [ RunTime:0.0130s ]
SQL: SELECT `id`,`name` FROM `bg_tag` WHERE `status` = 1 ORDER BY sort ASC,create_time DESC LIMIT 20   [ RunTime:0.0070s ]
SQL: SELECT a.id,a.content,a.title,a.blog_info,a.tags,a.create_time,a.edit_time,a.auther,b.avatar,b.user_email,c.province FROM `bg_blog` a left join bg_user b on a.user_id = b.id left join bg_user_info c on a.user_id = c.user_id  WHERE a.id = 1 AND `status` = 1 LIMIT 1   [ RunTime:0.0020s ]
INFO: [ view_parse ] --START--
INFO: [ template_filter ] --START--
INFO: Run Behavior\ContentReplaceBehavior [ RunTime:0.000000s ]
INFO: [ template_filter ] --END-- [ RunTime:0.003001s ]
INFO: Run Behavior\ParseTemplateBehavior [ RunTime:0.100005s ]
INFO: [ view_parse ] --END-- [ RunTime:0.103006s ]
INFO: [ view_filter ] --START--
INFO: Run Behavior\WriteHtmlCacheBehavior [ RunTime:0.007001s ]
INFO: [ view_filter ] --END-- [ RunTime:0.007001s ]
INFO: [ app_end ] --START--
INFO: Run Behavior\ShowPageTraceBehavior [ RunTime:0.006000s ]
INFO: [ app_end ] --END-- [ RunTime:0.006000s ]

[ 2016-04-22T15:36:37+08:00 ] 127.0.0.1 /Airblog/Home/Index/index.html
INFO: [ app_init ] --START--
INFO: Run Behavior\BuildLiteBehavior [ RunTime:0.001000s ]
INFO: [ app_init ] --END-- [ RunTime:0.002000s ]
INFO: [ app_begin ] --START--
INFO: Run Behavior\ReadHtmlCacheBehavior [ RunTime:0.003000s ]
INFO: [ app_begin ] --END-- [ RunTime:0.005001s ]
SQL: SHOW COLUMNS FROM `bg_link` [ RunTime:0.0130s ]
SQL: SELECT `name`,`link_url` FROM `bg_link` WHERE `status` = 1  [ RunTime:0.0040s ]
SQL: SHOW COLUMNS FROM `bg_blog` [ RunTime:0.0130s ]
SQL: SELECT `id`,`title`,`thumb`,`create_time` FROM `bg_blog` WHERE `status` = 1 ORDER BY view_count DESC LIMIT 10   [ RunTime:0.0040s ]
SQL: SHOW COLUMNS FROM `bg_tag` [ RunTime:0.0140s ]
SQL: SELECT `id`,`name` FROM `bg_tag` WHERE `status` = 1 ORDER BY sort ASC,create_time DESC LIMIT 20   [ RunTime:0.0060s ]
SQL: SELECT COUNT(*) AS tp_count FROM `bg_blog` WHERE `status` = 1 LIMIT 1   [ RunTime:0.0020s ]
SQL: SELECT `id`,`title`,`thumb`,`blog_info`,`create_time`,`edit_time`,`auther` FROM `bg_blog` WHERE `status` = 1 ORDER BY recommend DESC,id DESC LIMIT 0,10   [ RunTime:0.0020s ]
INFO: [ view_parse ] --START--
INFO: [ template_filter ] --START--
INFO: Run Behavior\ContentReplaceBehavior [ RunTime:0.002001s ]
INFO: [ template_filter ] --END-- [ RunTime:0.002001s ]
NOTIC: [8] A non well formed numeric value encountered D:\download\apache\htdocs\Airblog\Runtime\Cache\Home\2a94b8bda04ff446dcedd42276fc99ee.php 第 137 行.
NOTIC: [8] A non well formed numeric value encountered D:\download\apache\htdocs\Airblog\Runtime\Cache\Home\2a94b8bda04ff446dcedd42276fc99ee.php 第 137 行.
NOTIC: [8] A non well formed numeric value encountered D:\download\apache\htdocs\Airblog\Runtime\Cache\Home\2a94b8bda04ff446dcedd42276fc99ee.php 第 137 行.
NOTIC: [8] A non well formed numeric value encountered D:\download\apache\htdocs\Airblog\Runtime\Cache\Home\2a94b8bda04ff446dcedd42276fc99ee.php 第 137 行.
NOTIC: [8] A non well formed numeric value encountered D:\download\apache\htdocs\Airblog\Runtime\Cache\Home\2a94b8bda04ff446dcedd42276fc99ee.php 第 137 行.
NOTIC: [8] A non well formed numeric value encountered D:\download\apache\htdocs\Airblog\Runtime\Cache\Home\2a94b8bda04ff446dcedd42276fc99ee.php 第 137 行.
NOTIC: [8] A non well formed numeric value encountered D:\download\apache\htdocs\Airblog\Runtime\Cache\Home\2a94b8bda04ff446dcedd42276fc99ee.php 第 137 行.
INFO: Run Behavior\ParseTemplateBehavior [ RunTime:0.077005s ]
INFO: [ view_parse ] --END-- [ RunTime:0.077005s ]
INFO: [ view_filter ] --START--
INFO: Run Behavior\WriteHtmlCacheBehavior [ RunTime:0.004000s ]
INFO: [ view_filter ] --END-- [ RunTime:0.004000s ]
INFO: [ app_end ] --START--
INFO: Run Behavior\ShowPageTraceBehavior [ RunTime:0.034002s ]
INFO: [ app_end ] --END-- [ RunTime:0.034002s ]

[ 2016-04-22T15:36:52+08:00 ] 127.0.0.1 /Airblog/Home/Project/index.html
INFO: [ app_init ] --START--
INFO: Run Behavior\BuildLiteBehavior [ RunTime:0.000000s ]
INFO: [ app_init ] --END-- [ RunTime:0.003000s ]
INFO: [ app_begin ] --START--
INFO: Run Behavior\ReadHtmlCacheBehavior [ RunTime:0.002000s ]
INFO: [ app_begin ] --END-- [ RunTime:0.003000s ]
SQL: SHOW COLUMNS FROM `bg_link` [ RunTime:0.0170s ]
SQL: SELECT `name`,`link_url` FROM `bg_link` WHERE `status` = 1  [ RunTime:0.0010s ]
SQL: SHOW COLUMNS FROM `bg_blog` [ RunTime:0.0130s ]
SQL: SELECT `id`,`title`,`thumb`,`create_time` FROM `bg_blog` WHERE `status` = 1 ORDER BY view_count DESC LIMIT 10   [ RunTime:0.0050s ]
SQL: SHOW COLUMNS FROM `bg_tag` [ RunTime:0.0150s ]
SQL: SELECT `id`,`name` FROM `bg_tag` WHERE `status` = 1 ORDER BY sort ASC,create_time DESC LIMIT 20   [ RunTime:0.0040s ]
SQL: SHOW COLUMNS FROM `bg_project` [ RunTime:0.0580s ]
SQL: SELECT COUNT(*) AS tp_count FROM `bg_project` WHERE `status` = 1 LIMIT 1   [ RunTime:0.0050s ]
SQL: SELECT `thumb`,`name`,`info`,`url` FROM `bg_project` WHERE `status` = 1 ORDER BY sort ASC,create_time DESC LIMIT 0,12   [ RunTime:0.0010s ]
INFO: [ view_parse ] --START--
INFO: [ template_filter ] --START--
INFO: Run Behavior\ContentReplaceBehavior [ RunTime:0.000000s ]
INFO: [ template_filter ] --END-- [ RunTime:0.000000s ]
INFO: Run Behavior\ParseTemplateBehavior [ RunTime:0.052003s ]
INFO: [ view_parse ] --END-- [ RunTime:0.052003s ]
INFO: [ view_filter ] --START--
INFO: Run Behavior\WriteHtmlCacheBehavior [ RunTime:0.002000s ]
INFO: [ view_filter ] --END-- [ RunTime:0.002000s ]
INFO: [ app_end ] --START--
INFO: Run Behavior\ShowPageTraceBehavior [ RunTime:0.004000s ]
INFO: [ app_end ] --END-- [ RunTime:0.005000s ]

[ 2016-04-22T15:37:20+08:00 ] 127.0.0.1 /Airblog/Home/Project/index.html
INFO: [ app_init ] --START--
INFO: Run Behavior\BuildLiteBehavior [ RunTime:0.000000s ]
INFO: [ app_init ] --END-- [ RunTime:0.003000s ]
INFO: [ app_begin ] --START--
INFO: Run Behavior\ReadHtmlCacheBehavior [ RunTime:0.003000s ]
INFO: [ app_begin ] --END-- [ RunTime:0.003000s ]
SQL: SHOW COLUMNS FROM `bg_link` [ RunTime:0.0120s ]
SQL: SELECT `name`,`link_url` FROM `bg_link` WHERE `status` = 1  [ RunTime:0.0070s ]
SQL: SHOW COLUMNS FROM `bg_blog` [ RunTime:0.0180s ]
SQL: SELECT `id`,`title`,`thumb`,`create_time` FROM `bg_blog` WHERE `status` = 1 ORDER BY view_count DESC LIMIT 10   [ RunTime:0.0020s ]
SQL: SHOW COLUMNS FROM `bg_tag` [ RunTime:0.0130s ]
SQL: SELECT `id`,`name` FROM `bg_tag` WHERE `status` = 1 ORDER BY sort ASC,create_time DESC LIMIT 20   [ RunTime:0.0090s ]
SQL: SHOW COLUMNS FROM `bg_project` [ RunTime:0.0140s ]
SQL: SELECT COUNT(*) AS tp_count FROM `bg_project` WHERE `status` = 1 LIMIT 1   [ RunTime:0.0040s ]
SQL: SELECT `thumb`,`name`,`info`,`url` FROM `bg_project` WHERE `status` = 1 ORDER BY sort ASC,create_time DESC LIMIT 0,12   [ RunTime:0.0020s ]
INFO: [ view_parse ] --START--
INFO: [ template_filter ] --START--
INFO: Run Behavior\ContentReplaceBehavior [ RunTime:0.000000s ]
INFO: [ template_filter ] --END-- [ RunTime:0.000000s ]
INFO: Run Behavior\ParseTemplateBehavior [ RunTime:0.067004s ]
INFO: [ view_parse ] --END-- [ RunTime:0.067004s ]
INFO: [ view_filter ] --START--
INFO: Run Behavior\WriteHtmlCacheBehavior [ RunTime:0.003000s ]
INFO: [ view_filter ] --END-- [ RunTime:0.003000s ]
INFO: [ app_end ] --START--
INFO: Run Behavior\ShowPageTraceBehavior [ RunTime:0.004000s ]
INFO: [ app_end ] --END-- [ RunTime:0.004000s ]

[ 2016-04-22T15:37:26+08:00 ] 127.0.0.1 /Airblog/Project/index/p/2.html
INFO: [ app_init ] --START--
INFO: Run Behavior\BuildLiteBehavior [ RunTime:0.000000s ]
INFO: [ app_init ] --END-- [ RunTime:0.002000s ]
INFO: [ app_begin ] --START--
INFO: Run Behavior\ReadHtmlCacheBehavior [ RunTime:0.003000s ]
INFO: [ app_begin ] --END-- [ RunTime:0.003000s ]
SQL: SHOW COLUMNS FROM `bg_link` [ RunTime:0.0120s ]
SQL: SELECT `name`,`link_url` FROM `bg_link` WHERE `status` = 1  [ RunTime:0.0050s ]
SQL: SHOW COLUMNS FROM `bg_blog` [ RunTime:0.0130s ]
SQL: SELECT `id`,`title`,`thumb`,`create_time` FROM `bg_blog` WHERE `status` = 1 ORDER BY view_count DESC LIMIT 10   [ RunTime:0.0060s ]
SQL: SHOW COLUMNS FROM `bg_tag` [ RunTime:0.0150s ]
SQL: SELECT `id`,`name` FROM `bg_tag` WHERE `status` = 1 ORDER BY sort ASC,create_time DESC LIMIT 20   [ RunTime:0.0050s ]
SQL: SHOW COLUMNS FROM `bg_project` [ RunTime:0.0110s ]
SQL: SELECT COUNT(*) AS tp_count FROM `bg_project` WHERE `status` = 1 LIMIT 1   [ RunTime:0.0060s ]
SQL: SELECT `thumb`,`name`,`info`,`url` FROM `bg_project` WHERE `status` = 1 ORDER BY sort ASC,create_time DESC LIMIT 12,12   [ RunTime:0.0050s ]
INFO: [ view_parse ] --START--
INFO: [ template_filter ] --START--
INFO: Run Behavior\ContentReplaceBehavior [ RunTime:0.000000s ]
INFO: [ template_filter ] --END-- [ RunTime:0.000000s ]
INFO: Run Behavior\ParseTemplateBehavior [ RunTime:0.056003s ]
INFO: [ view_parse ] --END-- [ RunTime:0.056003s ]
INFO: [ view_filter ] --START--
INFO: Run Behavior\WriteHtmlCacheBehavior [ RunTime:0.003001s ]
INFO: [ view_filter ] --END-- [ RunTime:0.004001s ]
INFO: [ app_end ] --START--
INFO: Run Behavior\ShowPageTraceBehavior [ RunTime:0.005000s ]
INFO: [ app_end ] --END-- [ RunTime:0.006000s ]

[ 2016-04-22T15:37:33+08:00 ] 127.0.0.1 /Airblog/Home/Index/index.html
INFO: [ app_init ] --START--
INFO: Run Behavior\BuildLiteBehavior [ RunTime:0.000000s ]
INFO: [ app_init ] --END-- [ RunTime:0.002000s ]
INFO: [ app_begin ] --START--
INFO: Run Behavior\ReadHtmlCacheBehavior [ RunTime:0.011001s ]
INFO: [ app_begin ] --END-- [ RunTime:0.012001s ]
SQL: SHOW COLUMNS FROM `bg_link` [ RunTime:0.0160s ]
SQL: SELECT `name`,`link_url` FROM `bg_link` WHERE `status` = 1  [ RunTime:0.0030s ]
SQL: SHOW COLUMNS FROM `bg_blog` [ RunTime:0.0150s ]
SQL: SELECT `id`,`title`,`thumb`,`create_time` FROM `bg_blog` WHERE `status` = 1 ORDER BY view_count DESC LIMIT 10   [ RunTime:0.0050s ]
SQL: SHOW COLUMNS FROM `bg_tag` [ RunTime:0.0140s ]
SQL: SELECT `id`,`name` FROM `bg_tag` WHERE `status` = 1 ORDER BY sort ASC,create_time DESC LIMIT 20   [ RunTime:0.0090s ]
SQL: SELECT COUNT(*) AS tp_count FROM `bg_blog` WHERE `status` = 1 LIMIT 1   [ RunTime:0.0020s ]
SQL: SELECT `id`,`title`,`thumb`,`blog_info`,`create_time`,`edit_time`,`auther` FROM `bg_blog` WHERE `status` = 1 ORDER BY recommend DESC,id DESC LIMIT 0,10   [ RunTime:0.0020s ]
INFO: [ view_parse ] --START--
INFO: [ template_filter ] --START--
INFO: Run Behavior\ContentReplaceBehavior [ RunTime:0.000000s ]
INFO: [ template_filter ] --END-- [ RunTime:0.000000s ]
NOTIC: [8] A non well formed numeric value encountered D:\download\apache\htdocs\Airblog\Runtime\Cache\Home\2a94b8bda04ff446dcedd42276fc99ee.php 第 137 行.
NOTIC: [8] A non well formed numeric value encountered D:\download\apache\htdocs\Airblog\Runtime\Cache\Home\2a94b8bda04ff446dcedd42276fc99ee.php 第 137 行.
NOTIC: [8] A non well formed numeric value encountered D:\download\apache\htdocs\Airblog\Runtime\Cache\Home\2a94b8bda04ff446dcedd42276fc99ee.php 第 137 行.
NOTIC: [8] A non well formed numeric value encountered D:\download\apache\htdocs\Airblog\Runtime\Cache\Home\2a94b8bda04ff446dcedd42276fc99ee.php 第 137 行.
NOTIC: [8] A non well formed numeric value encountered D:\download\apache\htdocs\Airblog\Runtime\Cache\Home\2a94b8bda04ff446dcedd42276fc99ee.php 第 137 行.
NOTIC: [8] A non well formed numeric value encountered D:\download\apache\htdocs\Airblog\Runtime\Cache\Home\2a94b8bda04ff446dcedd42276fc99ee.php 第 137 行.
NOTIC: [8] A non well formed numeric value encountered D:\download\apache\htdocs\Airblog\Runtime\Cache\Home\2a94b8bda04ff446dcedd42276fc99ee.php 第 137 行.
INFO: Run Behavior\ParseTemplateBehavior [ RunTime:0.074004s ]
INFO: [ view_parse ] --END-- [ RunTime:0.075004s ]
INFO: [ view_filter ] --START--
INFO: Run Behavior\WriteHtmlCacheBehavior [ RunTime:0.003000s ]
INFO: [ view_filter ] --END-- [ RunTime:0.003000s ]
INFO: [ app_end ] --START--
INFO: Run Behavior\ShowPageTraceBehavior [ RunTime:0.013000s ]
INFO: [ app_end ] --END-- [ RunTime:0.013000s ]

[ 2016-04-22T15:39:17+08:00 ] 127.0.0.1 /Airblog/Home/Index/index.html
INFO: [ app_init ] --START--
INFO: Run Behavior\BuildLiteBehavior [ RunTime:0.000000s ]
INFO: [ app_init ] --END-- [ RunTime:0.002000s ]
INFO: [ app_begin ] --START--
INFO: Run Behavior\ReadHtmlCacheBehavior [ RunTime:0.005000s ]
INFO: [ app_begin ] --END-- [ RunTime:0.005000s ]
SQL: SHOW COLUMNS FROM `bg_link` [ RunTime:0.0130s ]
SQL: SELECT `name`,`link_url` FROM `bg_link` WHERE `status` = 1  [ RunTime:0.0030s ]
SQL: SHOW COLUMNS FROM `bg_blog` [ RunTime:0.0140s ]
SQL: SELECT `id`,`title`,`thumb`,`create_time` FROM `bg_blog` WHERE `status` = 1 ORDER BY view_count DESC LIMIT 10   [ RunTime:0.0010s ]
SQL: SHOW COLUMNS FROM `bg_tag` [ RunTime:0.0130s ]
SQL: SELECT `id`,`name` FROM `bg_tag` WHERE `status` = 1 ORDER BY sort ASC,create_time DESC LIMIT 20   [ RunTime:0.0040s ]
SQL: SELECT COUNT(*) AS tp_count FROM `bg_blog` WHERE `status` = 1 LIMIT 1   [ RunTime:0.0020s ]
SQL: SELECT `id`,`title`,`thumb`,`blog_info`,`create_time`,`edit_time`,`auther` FROM `bg_blog` WHERE `status` = 1 ORDER BY recommend DESC,id DESC LIMIT 0,10   [ RunTime:0.0020s ]
INFO: [ view_parse ] --START--
INFO: [ template_filter ] --START--
INFO: Run Behavior\ContentReplaceBehavior [ RunTime:0.001000s ]
INFO: [ template_filter ] --END-- [ RunTime:0.001000s ]
NOTIC: [8] A non well formed numeric value encountered D:\download\apache\htdocs\Airblog\Runtime\Cache\Home\2a94b8bda04ff446dcedd42276fc99ee.php 第 137 行.
NOTIC: [8] A non well formed numeric value encountered D:\download\apache\htdocs\Airblog\Runtime\Cache\Home\2a94b8bda04ff446dcedd42276fc99ee.php 第 137 行.
NOTIC: [8] A non well formed numeric value encountered D:\download\apache\htdocs\Airblog\Runtime\Cache\Home\2a94b8bda04ff446dcedd42276fc99ee.php 第 137 行.
NOTIC: [8] A non well formed numeric value encountered D:\download\apache\htdocs\Airblog\Runtime\Cache\Home\2a94b8bda04ff446dcedd42276fc99ee.php 第 137 行.
NOTIC: [8] A non well formed numeric value encountered D:\download\apache\htdocs\Airblog\Runtime\Cache\Home\2a94b8bda04ff446dcedd42276fc99ee.php 第 137 行.
NOTIC: [8] A non well formed numeric value encountered D:\download\apache\htdocs\Airblog\Runtime\Cache\Home\2a94b8bda04ff446dcedd42276fc99ee.php 第 137 行.
NOTIC: [8] A non well formed numeric value encountered D:\download\apache\htdocs\Airblog\Runtime\Cache\Home\2a94b8bda04ff446dcedd42276fc99ee.php 第 137 行.
INFO: Run Behavior\ParseTemplateBehavior [ RunTime:0.070004s ]
INFO: [ view_parse ] --END-- [ RunTime:0.070004s ]
INFO: [ view_filter ] --START--
INFO: Run Behavior\WriteHtmlCacheBehavior [ RunTime:0.002000s ]
INFO: [ view_filter ] --END-- [ RunTime:0.002000s ]
INFO: [ app_end ] --START--
INFO: Run Behavior\ShowPageTraceBehavior [ RunTime:0.004001s ]
INFO: [ app_end ] --END-- [ RunTime:0.004001s ]

[ 2016-04-22T15:41:56+08:00 ] 127.0.0.1 /Airblog/Home/Index/index.html
INFO: [ app_init ] --START--
INFO: Run Behavior\BuildLiteBehavior [ RunTime:0.000000s ]
INFO: [ app_init ] --END-- [ RunTime:0.002000s ]
INFO: [ app_begin ] --START--
INFO: Run Behavior\ReadHtmlCacheBehavior [ RunTime:0.003000s ]
INFO: [ app_begin ] --END-- [ RunTime:0.003000s ]
SQL: SHOW COLUMNS FROM `bg_link` [ RunTime:0.0190s ]
SQL: SELECT `name`,`link_url` FROM `bg_link` WHERE `status` = 1  [ RunTime:0.0090s ]
SQL: SHOW COLUMNS FROM `bg_blog` [ RunTime:0.0140s ]
SQL: SELECT `id`,`title`,`thumb`,`create_time` FROM `bg_blog` WHERE `status` = 1 ORDER BY view_count DESC LIMIT 10   [ RunTime:0.0090s ]
SQL: SHOW COLUMNS FROM `bg_tag` [ RunTime:0.0120s ]
SQL: SELECT `id`,`name` FROM `bg_tag` WHERE `status` = 1 ORDER BY sort ASC,create_time DESC LIMIT 20   [ RunTime:0.0060s ]
SQL: SELECT COUNT(*) AS tp_count FROM `bg_blog` WHERE `status` = 1 LIMIT 1   [ RunTime:0.0010s ]
SQL: SELECT `id`,`title`,`thumb`,`blog_info`,`create_time`,`edit_time`,`auther` FROM `bg_blog` WHERE `status` = 1 ORDER BY recommend DESC,id DESC LIMIT 0,10   [ RunTime:0.0020s ]
INFO: [ view_parse ] --START--
INFO: [ template_filter ] --START--
INFO: Run Behavior\ContentReplaceBehavior [ RunTime:0.001000s ]
INFO: [ template_filter ] --END-- [ RunTime:0.001000s ]
NOTIC: [8] A non well formed numeric value encountered D:\download\apache\htdocs\Airblog\Runtime\Cache\Home\2a94b8bda04ff446dcedd42276fc99ee.php 第 137 行.
NOTIC: [8] A non well formed numeric value encountered D:\download\apache\htdocs\Airblog\Runtime\Cache\Home\2a94b8bda04ff446dcedd42276fc99ee.php 第 137 行.
NOTIC: [8] A non well formed numeric value encountered D:\download\apache\htdocs\Airblog\Runtime\Cache\Home\2a94b8bda04ff446dcedd42276fc99ee.php 第 137 行.
NOTIC: [8] A non well formed numeric value encountered D:\download\apache\htdocs\Airblog\Runtime\Cache\Home\2a94b8bda04ff446dcedd42276fc99ee.php 第 137 行.
NOTIC: [8] A non well formed numeric value encountered D:\download\apache\htdocs\Airblog\Runtime\Cache\Home\2a94b8bda04ff446dcedd42276fc99ee.php 第 137 行.
NOTIC: [8] A non well formed numeric value encountered D:\download\apache\htdocs\Airblog\Runtime\Cache\Home\2a94b8bda04ff446dcedd42276fc99ee.php 第 137 行.
NOTIC: [8] A non well formed numeric value encountered D:\download\apache\htdocs\Airblog\Runtime\Cache\Home\2a94b8bda04ff446dcedd42276fc99ee.php 第 137 行.
INFO: Run Behavior\ParseTemplateBehavior [ RunTime:0.077005s ]
INFO: [ view_parse ] --END-- [ RunTime:0.079005s ]
INFO: [ view_filter ] --START--
INFO: Run Behavior\WriteHtmlCacheBehavior [ RunTime:0.003000s ]
INFO: [ view_filter ] --END-- [ RunTime:0.003000s ]
INFO: [ app_end ] --START--
INFO: Run Behavior\ShowPageTraceBehavior [ RunTime:0.004000s ]
INFO: [ app_end ] --END-- [ RunTime:0.004000s ]

[ 2016-04-22T16:07:32+08:00 ] 127.0.0.1 /Airblog/Home/Index/index.html
INFO: [ app_init ] --START--
INFO: Run Behavior\BuildLiteBehavior [ RunTime:0.000000s ]
INFO: [ app_init ] --END-- [ RunTime:0.003000s ]
INFO: [ app_begin ] --START--
INFO: Run Behavior\ReadHtmlCacheBehavior [ RunTime:0.003001s ]
INFO: [ app_begin ] --END-- [ RunTime:0.003001s ]
SQL: SHOW COLUMNS FROM `bg_link` [ RunTime:0.0550s ]
SQL: SELECT `name`,`link_url` FROM `bg_link` WHERE `status` = 1  [ RunTime:0.0040s ]
SQL: SHOW COLUMNS FROM `bg_blog` [ RunTime:0.0120s ]
SQL: SELECT `id`,`title`,`thumb`,`create_time` FROM `bg_blog` WHERE `status` = 1 ORDER BY view_count DESC LIMIT 10   [ RunTime:0.0050s ]
SQL: SHOW COLUMNS FROM `bg_tag` [ RunTime:0.0130s ]
SQL: SELECT `id`,`name` FROM `bg_tag` WHERE `status` = 1 ORDER BY sort ASC,create_time DESC LIMIT 20   [ RunTime:0.0060s ]
SQL: SELECT COUNT(*) AS tp_count FROM `bg_blog` WHERE `status` = 1 LIMIT 1   [ RunTime:0.0010s ]
SQL: SELECT `id`,`title`,`thumb`,`blog_info`,`create_time`,`edit_time`,`auther` FROM `bg_blog` WHERE `status` = 1 ORDER BY recommend DESC,id DESC LIMIT 0,10   [ RunTime:0.0020s ]
INFO: [ view_parse ] --START--
INFO: [ template_filter ] --START--
INFO: Run Behavior\ContentReplaceBehavior [ RunTime:0.001000s ]
INFO: [ template_filter ] --END-- [ RunTime:0.001000s ]
NOTIC: [8] A non well formed numeric value encountered D:\download\apache\htdocs\Airblog\Runtime\Cache\Home\2a94b8bda04ff446dcedd42276fc99ee.php 第 137 行.
NOTIC: [8] A non well formed numeric value encountered D:\download\apache\htdocs\Airblog\Runtime\Cache\Home\2a94b8bda04ff446dcedd42276fc99ee.php 第 137 行.
NOTIC: [8] A non well formed numeric value encountered D:\download\apache\htdocs\Airblog\Runtime\Cache\Home\2a94b8bda04ff446dcedd42276fc99ee.php 第 137 行.
NOTIC: [8] A non well formed numeric value encountered D:\download\apache\htdocs\Airblog\Runtime\Cache\Home\2a94b8bda04ff446dcedd42276fc99ee.php 第 137 行.
NOTIC: [8] A non well formed numeric value encountered D:\download\apache\htdocs\Airblog\Runtime\Cache\Home\2a94b8bda04ff446dcedd42276fc99ee.php 第 137 行.
NOTIC: [8] A non well formed numeric value encountered D:\download\apache\htdocs\Airblog\Runtime\Cache\Home\2a94b8bda04ff446dcedd42276fc99ee.php 第 137 行.
NOTIC: [8] A non well formed numeric value encountered D:\download\apache\htdocs\Airblog\Runtime\Cache\Home\2a94b8bda04ff446dcedd42276fc99ee.php 第 137 行.
INFO: Run Behavior\ParseTemplateBehavior [ RunTime:0.072004s ]
INFO: [ view_parse ] --END-- [ RunTime:0.072004s ]
INFO: [ view_filter ] --START--
INFO: Run Behavior\WriteHtmlCacheBehavior [ RunTime:0.002000s ]
INFO: [ view_filter ] --END-- [ RunTime:0.002000s ]
INFO: [ app_end ] --START--
INFO: Run Behavior\ShowPageTraceBehavior [ RunTime:0.003000s ]
INFO: [ app_end ] --END-- [ RunTime:0.003000s ]

