[ 2016-04-08T12:22:52+08:00 ] ::1 /Airblog/
INFO: [ app_init ] --START--
INFO: Run Behavior\BuildLiteBehavior [ RunTime:0.000000s ]
INFO: [ app_init ] --END-- [ RunTime:0.009501s ]
INFO: [ app_begin ] --START--
INFO: Run Behavior\ReadHtmlCacheBehavior [ RunTime:0.010002s ]
INFO: [ app_begin ] --END-- [ RunTime:0.010002s ]
SQL: SHOW COLUMNS FROM `bg_link` [ RunTime:0.0755s ]
SQL: SELECT `name`,`link_url` FROM `bg_link` WHERE `status` = 1  [ RunTime:0.0345s ]
SQL: SHOW COLUMNS FROM `bg_blog` [ RunTime:0.0860s ]
SQL: SELECT `id`,`title`,`thumb`,`create_time` FROM `bg_blog` WHERE `status` = 1 ORDER BY view_count DESC LIMIT 10   [ RunTime:0.0070s ]
SQL: SHOW COLUMNS FROM `bg_tag` [ RunTime:0.0295s ]
SQL: SELECT `id`,`name` FROM `bg_tag` WHERE `status` = 1 ORDER BY sort ASC,create_time DESC LIMIT 20   [ RunTime:0.0040s ]
SQL: SELECT COUNT(*) AS tp_count FROM `bg_blog` WHERE `status` = 1 LIMIT 1   [ RunTime:0.0210s ]
SQL: SELECT `id`,`title`,`thumb`,`blog_info`,`create_time`,`edit_time`,`auther` FROM `bg_blog` WHERE `status` = 1 ORDER BY recommend DESC,id DESC LIMIT 0,10   [ RunTime:0.0020s ]
INFO: [ view_parse ] --START--
INFO: [ template_filter ] --START--
INFO: Run Behavior\ContentReplaceBehavior [ RunTime:0.000500s ]
INFO: [ template_filter ] --END-- [ RunTime:0.000500s ]
NOTIC: [8] A non well formed numeric value encountered D:\download\apache\htdocs\Airblog\Runtime\Cache\Home\2a94b8bda04ff446dcedd42276fc99ee.php 第 137 行.
NOTIC: [8] A non well formed numeric value encountered D:\download\apache\htdocs\Airblog\Runtime\Cache\Home\2a94b8bda04ff446dcedd42276fc99ee.php 第 137 行.
NOTIC: [8] A non well formed numeric value encountered D:\download\apache\htdocs\Airblog\Runtime\Cache\Home\2a94b8bda04ff446dcedd42276fc99ee.php 第 137 行.
NOTIC: [8] A non well formed numeric value encountered D:\download\apache\htdocs\Airblog\Runtime\Cache\Home\2a94b8bda04ff446dcedd42276fc99ee.php 第 137 行.
NOTIC: [8] A non well formed numeric value encountered D:\download\apache\htdocs\Airblog\Runtime\Cache\Home\2a94b8bda04ff446dcedd42276fc99ee.php 第 137 行.
NOTIC: [8] A non well formed numeric value encountered D:\download\apache\htdocs\Airblog\Runtime\Cache\Home\2a94b8bda04ff446dcedd42276fc99ee.php 第 137 行.
NOTIC: [8] A non well formed numeric value encountered D:\download\apache\htdocs\Airblog\Runtime\Cache\Home\2a94b8bda04ff446dcedd42276fc99ee.php 第 137 行.
INFO: Run Behavior\ParseTemplateBehavior [ RunTime:0.205526s ]
INFO: [ view_parse ] --END-- [ RunTime:0.205526s ]
INFO: [ view_filter ] --START--
INFO: Run Behavior\WriteHtmlCacheBehavior [ RunTime:0.009501s ]
INFO: [ view_filter ] --END-- [ RunTime:0.010501s ]
INFO: [ app_end ] --START--
INFO: Run Behavior\ShowPageTraceBehavior [ RunTime:0.024503s ]
INFO: [ app_end ] --END-- [ RunTime:0.024503s ]

[ 2016-04-08T12:22:57+08:00 ] ::1 /Airblog/Home/Blog/index/id/8.html
INFO: [ app_init ] --START--
INFO: Run Behavior\BuildLiteBehavior [ RunTime:0.000000s ]
INFO: [ app_init ] --END-- [ RunTime:0.002500s ]
INFO: [ app_begin ] --START--
INFO: Run Behavior\ReadHtmlCacheBehavior [ RunTime:0.003000s ]
INFO: [ app_begin ] --END-- [ RunTime:0.003500s ]
SQL: SHOW COLUMNS FROM `bg_link` [ RunTime:0.0315s ]
SQL: SELECT `name`,`link_url` FROM `bg_link` WHERE `status` = 1  [ RunTime:0.0055s ]
SQL: SHOW COLUMNS FROM `bg_blog` [ RunTime:0.0145s ]
SQL: SELECT `id`,`title`,`thumb`,`create_time` FROM `bg_blog` WHERE `status` = 1 ORDER BY view_count DESC LIMIT 10   [ RunTime:0.0025s ]
SQL: SHOW COLUMNS FROM `bg_tag` [ RunTime:0.0130s ]
SQL: SELECT `id`,`name` FROM `bg_tag` WHERE `status` = 1 ORDER BY sort ASC,create_time DESC LIMIT 20   [ RunTime:0.0055s ]
SQL: SELECT a.id,a.content,a.title,a.blog_info,a.tags,a.create_time,a.edit_time,a.auther,b.avatar,b.user_email,c.province FROM `bg_blog` a left join bg_user b on a.user_id = b.id left join bg_user_info c on a.user_id = c.user_id  WHERE a.id = 8 AND `status` = 1 LIMIT 1   [ RunTime:0.1945s ]
INFO: [ view_parse ] --START--
INFO: [ template_filter ] --START--
INFO: Run Behavior\ContentReplaceBehavior [ RunTime:0.000500s ]
INFO: [ template_filter ] --END-- [ RunTime:0.000500s ]
INFO: Run Behavior\ParseTemplateBehavior [ RunTime:0.152520s ]
INFO: [ view_parse ] --END-- [ RunTime:0.153520s ]
INFO: [ view_filter ] --START--
INFO: Run Behavior\WriteHtmlCacheBehavior [ RunTime:0.002500s ]
INFO: [ view_filter ] --END-- [ RunTime:0.003000s ]
INFO: [ app_end ] --START--
INFO: Run Behavior\ShowPageTraceBehavior [ RunTime:0.013502s ]
INFO: [ app_end ] --END-- [ RunTime:0.013502s ]

[ 2016-04-08T12:22:57+08:00 ] ::1 /Airblog/Uploads/Blog/2016/03_31/56fd35fa7792c.png
INFO: [ app_init ] --START--
INFO: Run Behavior\BuildLiteBehavior [ RunTime:0.000000s ]
INFO: [ app_init ] --END-- [ RunTime:0.002000s ]

[ 2016-04-08T23:36:12+08:00 ] 127.0.0.1 /Airblog/
INFO: [ app_init ] --START--
INFO: Run Behavior\BuildLiteBehavior [ RunTime:0.000000s ]
INFO: [ app_init ] --END-- [ RunTime:0.029004s ]
INFO: [ app_begin ] --START--
INFO: Run Behavior\ReadHtmlCacheBehavior [ RunTime:0.016502s ]
INFO: [ app_begin ] --END-- [ RunTime:0.016502s ]
SQL: SHOW COLUMNS FROM `bg_link` [ RunTime:0.0165s ]
SQL: SELECT `name`,`link_url` FROM `bg_link` WHERE `status` = 1  [ RunTime:0.0025s ]
SQL: SHOW COLUMNS FROM `bg_blog` [ RunTime:0.0155s ]
SQL: SELECT `id`,`title`,`thumb`,`create_time` FROM `bg_blog` WHERE `status` = 1 ORDER BY view_count DESC LIMIT 10   [ RunTime:0.0040s ]
SQL: SHOW COLUMNS FROM `bg_tag` [ RunTime:0.0125s ]
SQL: SELECT `id`,`name` FROM `bg_tag` WHERE `status` = 1 ORDER BY sort ASC,create_time DESC LIMIT 20   [ RunTime:0.0050s ]
SQL: SELECT COUNT(*) AS tp_count FROM `bg_blog` WHERE `status` = 1 LIMIT 1   [ RunTime:0.0015s ]
SQL: SELECT `id`,`title`,`thumb`,`blog_info`,`create_time`,`edit_time`,`auther` FROM `bg_blog` WHERE `status` = 1 ORDER BY recommend DESC,id DESC LIMIT 0,10   [ RunTime:0.0020s ]
INFO: [ view_parse ] --START--
INFO: [ template_filter ] --START--
INFO: Run Behavior\ContentReplaceBehavior [ RunTime:0.000500s ]
INFO: [ template_filter ] --END-- [ RunTime:0.000500s ]
NOTIC: [8] A non well formed numeric value encountered D:\download\apache\htdocs\Airblog\Runtime\Cache\Home\2a94b8bda04ff446dcedd42276fc99ee.php 第 137 行.
NOTIC: [8] A non well formed numeric value encountered D:\download\apache\htdocs\Airblog\Runtime\Cache\Home\2a94b8bda04ff446dcedd42276fc99ee.php 第 137 行.
NOTIC: [8] A non well formed numeric value encountered D:\download\apache\htdocs\Airblog\Runtime\Cache\Home\2a94b8bda04ff446dcedd42276fc99ee.php 第 137 行.
NOTIC: [8] A non well formed numeric value encountered D:\download\apache\htdocs\Airblog\Runtime\Cache\Home\2a94b8bda04ff446dcedd42276fc99ee.php 第 137 行.
NOTIC: [8] A non well formed numeric value encountered D:\download\apache\htdocs\Airblog\Runtime\Cache\Home\2a94b8bda04ff446dcedd42276fc99ee.php 第 137 行.
NOTIC: [8] A non well formed numeric value encountered D:\download\apache\htdocs\Airblog\Runtime\Cache\Home\2a94b8bda04ff446dcedd42276fc99ee.php 第 137 行.
NOTIC: [8] A non well formed numeric value encountered D:\download\apache\htdocs\Airblog\Runtime\Cache\Home\2a94b8bda04ff446dcedd42276fc99ee.php 第 137 行.
INFO: Run Behavior\ParseTemplateBehavior [ RunTime:0.285536s ]
INFO: [ view_parse ] --END-- [ RunTime:0.286037s ]
INFO: [ view_filter ] --START--
INFO: Run Behavior\WriteHtmlCacheBehavior [ RunTime:0.018002s ]
INFO: [ view_filter ] --END-- [ RunTime:0.018002s ]
INFO: [ app_end ] --START--
INFO: Run Behavior\ShowPageTraceBehavior [ RunTime:0.009501s ]
INFO: [ app_end ] --END-- [ RunTime:0.009501s ]

[ 2016-04-08T23:36:19+08:00 ] 127.0.0.1 /Airblog/Home/Login/index.html
INFO: [ app_init ] --START--
INFO: Run Behavior\BuildLiteBehavior [ RunTime:0.000000s ]
INFO: [ app_init ] --END-- [ RunTime:0.002000s ]
INFO: [ app_begin ] --START--
INFO: Run Behavior\ReadHtmlCacheBehavior [ RunTime:0.003001s ]
INFO: [ app_begin ] --END-- [ RunTime:0.003001s ]
SQL: SHOW COLUMNS FROM `bg_user` [ RunTime:0.0150s ]
SQL: SHOW COLUMNS FROM `bg_user_info` [ RunTime:0.0150s ]
INFO: [ view_parse ] --START--
INFO: [ template_filter ] --START--
INFO: Run Behavior\ContentReplaceBehavior [ RunTime:0.000500s ]
INFO: [ template_filter ] --END-- [ RunTime:0.000500s ]
INFO: Run Behavior\ParseTemplateBehavior [ RunTime:0.064508s ]
INFO: [ view_parse ] --END-- [ RunTime:0.065008s ]
INFO: [ view_filter ] --START--
INFO: Run Behavior\WriteHtmlCacheBehavior [ RunTime:0.006001s ]
INFO: [ view_filter ] --END-- [ RunTime:0.006001s ]
INFO: [ app_end ] --START--
INFO: Run Behavior\ShowPageTraceBehavior [ RunTime:0.004500s ]
INFO: [ app_end ] --END-- [ RunTime:0.004500s ]

[ 2016-04-08T23:36:26+08:00 ] 127.0.0.1 /Airblog/Home/Login/login_run.html
INFO: [ app_init ] --START--
INFO: Run Behavior\BuildLiteBehavior [ RunTime:0.000000s ]
INFO: [ app_init ] --END-- [ RunTime:0.002500s ]
INFO: [ app_begin ] --START--
INFO: Run Behavior\ReadHtmlCacheBehavior [ RunTime:0.003501s ]
INFO: [ app_begin ] --END-- [ RunTime:0.003501s ]
SQL: SHOW COLUMNS FROM `bg_user` [ RunTime:0.0110s ]
SQL: SHOW COLUMNS FROM `bg_user_info` [ RunTime:0.0165s ]
SQL: SELECT * FROM `bg_user` WHERE `nickname` = '阿尔维奇' AND `user_pass` = 'e10adc3949ba59abbe56e057f20f883e' AND `user_status` = 1 LIMIT 1   [ RunTime:0.0785s ]
SQL: SELECT `login_time`,`login_ip` FROM `bg_user_info` WHERE `user_id` = 1 LIMIT 1   [ RunTime:0.0295s ]
SQL: UPDATE `bg_user_info` SET `login_time`='1460129785',`login_ip`='2130706433',`last_time`='1460016130',`last_ip`='2130706433' WHERE `user_id` = 1 [ RunTime:0.0290s ]

[ 2016-04-08T23:36:27+08:00 ] 127.0.0.1 /Airblog/Home/Index/index.html
INFO: [ app_init ] --START--
INFO: Run Behavior\BuildLiteBehavior [ RunTime:0.000501s ]
INFO: [ app_init ] --END-- [ RunTime:0.002001s ]
INFO: [ app_begin ] --START--
INFO: Run Behavior\ReadHtmlCacheBehavior [ RunTime:0.004000s ]
INFO: [ app_begin ] --END-- [ RunTime:0.004000s ]
SQL: SHOW COLUMNS FROM `bg_link` [ RunTime:0.0110s ]
SQL: SELECT `name`,`link_url` FROM `bg_link` WHERE `status` = 1  [ RunTime:0.0050s ]
SQL: SHOW COLUMNS FROM `bg_blog` [ RunTime:0.0190s ]
SQL: SELECT `id`,`title`,`thumb`,`create_time` FROM `bg_blog` WHERE `status` = 1 ORDER BY view_count DESC LIMIT 10   [ RunTime:0.0015s ]
SQL: SHOW COLUMNS FROM `bg_tag` [ RunTime:0.0130s ]
SQL: SELECT `id`,`name` FROM `bg_tag` WHERE `status` = 1 ORDER BY sort ASC,create_time DESC LIMIT 20   [ RunTime:0.0045s ]
SQL: SELECT COUNT(*) AS tp_count FROM `bg_blog` WHERE `status` = 1 LIMIT 1   [ RunTime:0.0015s ]
SQL: SELECT `id`,`title`,`thumb`,`blog_info`,`create_time`,`edit_time`,`auther` FROM `bg_blog` WHERE `status` = 1 ORDER BY recommend DESC,id DESC LIMIT 0,10   [ RunTime:0.0015s ]
INFO: [ view_parse ] --START--
INFO: [ template_filter ] --START--
INFO: Run Behavior\ContentReplaceBehavior [ RunTime:0.000500s ]
INFO: [ template_filter ] --END-- [ RunTime:0.000500s ]
NOTIC: [8] A non well formed numeric value encountered D:\download\apache\htdocs\Airblog\Runtime\Cache\Home\2a94b8bda04ff446dcedd42276fc99ee.php 第 137 行.
NOTIC: [8] A non well formed numeric value encountered D:\download\apache\htdocs\Airblog\Runtime\Cache\Home\2a94b8bda04ff446dcedd42276fc99ee.php 第 137 行.
NOTIC: [8] A non well formed numeric value encountered D:\download\apache\htdocs\Airblog\Runtime\Cache\Home\2a94b8bda04ff446dcedd42276fc99ee.php 第 137 行.
NOTIC: [8] A non well formed numeric value encountered D:\download\apache\htdocs\Airblog\Runtime\Cache\Home\2a94b8bda04ff446dcedd42276fc99ee.php 第 137 行.
NOTIC: [8] A non well formed numeric value encountered D:\download\apache\htdocs\Airblog\Runtime\Cache\Home\2a94b8bda04ff446dcedd42276fc99ee.php 第 137 行.
NOTIC: [8] A non well formed numeric value encountered D:\download\apache\htdocs\Airblog\Runtime\Cache\Home\2a94b8bda04ff446dcedd42276fc99ee.php 第 137 行.
NOTIC: [8] A non well formed numeric value encountered D:\download\apache\htdocs\Airblog\Runtime\Cache\Home\2a94b8bda04ff446dcedd42276fc99ee.php 第 137 行.
INFO: Run Behavior\ParseTemplateBehavior [ RunTime:0.116515s ]
INFO: [ view_parse ] --END-- [ RunTime:0.116515s ]
INFO: [ view_filter ] --START--
INFO: Run Behavior\WriteHtmlCacheBehavior [ RunTime:0.002500s ]
INFO: [ view_filter ] --END-- [ RunTime:0.003000s ]
INFO: [ app_end ] --START--
INFO: Run Behavior\ShowPageTraceBehavior [ RunTime:0.004001s ]
INFO: [ app_end ] --END-- [ RunTime:0.004001s ]

