[ 2016-03-19T01:58:33+08:00 ] 127.0.0.1 /Airblog/Public/images/avatar/a1.jpg
INFO: [ app_init ] --START--
INFO: Run Behavior\BuildLiteBehavior [ RunTime:0.000000s ]
INFO: [ app_init ] --END-- [ RunTime:0.004000s ]

[ 2016-03-19T01:58:33+08:00 ] 127.0.0.1 /Airblog/Application/Admin/View/Public/css/futurico/futurico.css
INFO: [ app_init ] --START--
INFO: Run Behavior\BuildLiteBehavior [ RunTime:0.000000s ]
INFO: [ app_init ] --END-- [ RunTime:0.001000s ]
INFO: [ app_begin ] --START--
INFO: Run Behavior\ReadHtmlCacheBehavior [ RunTime:0.004000s ]
INFO: [ app_begin ] --END-- [ RunTime:0.004000s ]
ERR: 非法操作:Admin

[ 2016-03-19T01:58:33+08:00 ] 127.0.0.1 /Airblog/Application/Admin/View/Public/css/flat/all.css
INFO: [ app_init ] --START--
INFO: Run Behavior\BuildLiteBehavior [ RunTime:0.000000s ]
INFO: [ app_init ] --END-- [ RunTime:0.002000s ]
INFO: [ app_begin ] --START--
INFO: Run Behavior\ReadHtmlCacheBehavior [ RunTime:0.004001s ]
INFO: [ app_begin ] --END-- [ RunTime:0.005001s ]
ERR: 非法操作:Admin

[ 2016-03-19T01:58:34+08:00 ] 127.0.0.1 /Airblog/Application/Admin/View/Public/fonts/fontawesome-webfont.woff?v=4.1.0
INFO: [ app_init ] --START--
INFO: Run Behavior\BuildLiteBehavior [ RunTime:0.000000s ]
INFO: [ app_init ] --END-- [ RunTime:0.002000s ]
INFO: [ app_begin ] --START--
INFO: Run Behavior\ReadHtmlCacheBehavior [ RunTime:0.002000s ]
INFO: [ app_begin ] --END-- [ RunTime:0.003000s ]
ERR: 非法操作:Admin

[ 2016-03-19T01:58:34+08:00 ] 127.0.0.1 /Airblog/Application/Admin/View/Public/fonts/fontawesome-webfont.ttf?v=4.1.0
INFO: [ app_init ] --START--
INFO: Run Behavior\BuildLiteBehavior [ RunTime:0.000000s ]
INFO: [ app_init ] --END-- [ RunTime:0.002000s ]
INFO: [ app_begin ] --START--
INFO: Run Behavior\ReadHtmlCacheBehavior [ RunTime:0.002000s ]
INFO: [ app_begin ] --END-- [ RunTime:0.003000s ]
ERR: 非法操作:Admin

[ 2016-03-19T02:00:28+08:00 ] 127.0.0.1 /Airblog/Public/images/avatar/a1.jpg
INFO: [ app_init ] --START--
INFO: Run Behavior\BuildLiteBehavior [ RunTime:0.000000s ]
INFO: [ app_init ] --END-- [ RunTime:0.002000s ]

[ 2016-03-19T02:00:28+08:00 ] 127.0.0.1 /Airblog/Application/Admin/View/Public/css/flat/all.css
INFO: [ app_init ] --START--
INFO: Run Behavior\BuildLiteBehavior [ RunTime:0.000000s ]
INFO: [ app_init ] --END-- [ RunTime:0.002000s ]
INFO: [ app_begin ] --START--
INFO: Run Behavior\ReadHtmlCacheBehavior [ RunTime:0.002001s ]
INFO: [ app_begin ] --END-- [ RunTime:0.002001s ]
ERR: 非法操作:Admin

[ 2016-03-19T02:00:28+08:00 ] 127.0.0.1 /Airblog/Application/Admin/View/Public/css/futurico/futurico.css
INFO: [ app_init ] --START--
INFO: Run Behavior\BuildLiteBehavior [ RunTime:0.000000s ]
INFO: [ app_init ] --END-- [ RunTime:0.001000s ]
INFO: [ app_begin ] --START--
INFO: Run Behavior\ReadHtmlCacheBehavior [ RunTime:0.002000s ]
INFO: [ app_begin ] --END-- [ RunTime:0.002000s ]
ERR: 非法操作:Admin

[ 2016-03-19T02:00:28+08:00 ] 127.0.0.1 /Airblog/Public/script/jquery-1.10.2.min.js
INFO: [ app_init ] --START--
INFO: Run Behavior\BuildLiteBehavior [ RunTime:0.000000s ]
INFO: [ app_init ] --END-- [ RunTime:0.002000s ]
INFO: [ app_begin ] --START--
INFO: Run Behavior\ReadHtmlCacheBehavior [ RunTime:0.003000s ]
INFO: [ app_begin ] --END-- [ RunTime:0.003000s ]
ERR: 非法操作:script

[ 2016-03-19T02:00:28+08:00 ] 127.0.0.1 /Airblog/Public/script/bootstrap-hover-dropdown.js
INFO: [ app_init ] --START--
INFO: Run Behavior\BuildLiteBehavior [ RunTime:0.000000s ]
INFO: [ app_init ] --END-- [ RunTime:0.004000s ]
INFO: [ app_begin ] --START--
INFO: Run Behavior\ReadHtmlCacheBehavior [ RunTime:0.003001s ]
INFO: [ app_begin ] --END-- [ RunTime:0.003001s ]
ERR: 非法操作:script

[ 2016-03-19T02:00:28+08:00 ] 127.0.0.1 /Airblog/Public/script/jquery-migrate-1.2.1.min.js
INFO: [ app_init ] --START--
INFO: Run Behavior\BuildLiteBehavior [ RunTime:0.000000s ]
INFO: [ app_init ] --END-- [ RunTime:0.001000s ]
INFO: [ app_begin ] --START--
INFO: Run Behavior\ReadHtmlCacheBehavior [ RunTime:0.548032s ]
INFO: [ app_begin ] --END-- [ RunTime:0.548032s ]
ERR: 非法操作:script

[ 2016-03-19T02:00:29+08:00 ] 127.0.0.1 /Airblog/Public/script/jquery.slimscroll.js
INFO: [ app_init ] --START--
INFO: Run Behavior\BuildLiteBehavior [ RunTime:0.000000s ]
INFO: [ app_init ] --END-- [ RunTime:0.002000s ]
INFO: [ app_begin ] --START--
INFO: Run Behavior\ReadHtmlCacheBehavior [ RunTime:0.003000s ]
INFO: [ app_begin ] --END-- [ RunTime:0.004000s ]
ERR: 非法操作:script

[ 2016-03-19T02:00:29+08:00 ] 127.0.0.1 /Airblog/Public/script/html5shiv.js
INFO: [ app_init ] --START--
INFO: Run Behavior\BuildLiteBehavior [ RunTime:0.000000s ]
INFO: [ app_init ] --END-- [ RunTime:0.008000s ]
INFO: [ app_begin ] --START--
INFO: Run Behavior\ReadHtmlCacheBehavior [ RunTime:0.003000s ]
INFO: [ app_begin ] --END-- [ RunTime:0.003000s ]
ERR: 非法操作:script

[ 2016-03-19T02:00:29+08:00 ] 127.0.0.1 /Airblog/Public/script/bootstrap.min.js
INFO: [ app_init ] --START--
INFO: Run Behavior\BuildLiteBehavior [ RunTime:0.001000s ]
INFO: [ app_init ] --END-- [ RunTime:0.003000s ]
INFO: [ app_begin ] --START--
INFO: Run Behavior\ReadHtmlCacheBehavior [ RunTime:0.003000s ]
INFO: [ app_begin ] --END-- [ RunTime:0.003000s ]
ERR: 非法操作:script

[ 2016-03-19T02:00:29+08:00 ] 127.0.0.1 /Airblog/Public/script/jquery-ui.js
INFO: [ app_init ] --START--
INFO: Run Behavior\BuildLiteBehavior [ RunTime:0.000000s ]
INFO: [ app_init ] --END-- [ RunTime:0.002000s ]
INFO: [ app_begin ] --START--
INFO: Run Behavior\ReadHtmlCacheBehavior [ RunTime:0.007000s ]
INFO: [ app_begin ] --END-- [ RunTime:0.008001s ]
ERR: 非法操作:script

[ 2016-03-19T02:00:29+08:00 ] 127.0.0.1 /Airblog/Public/script/jquery.metisMenu.js
INFO: [ app_init ] --START--
INFO: Run Behavior\BuildLiteBehavior [ RunTime:0.000000s ]
INFO: [ app_init ] --END-- [ RunTime:0.002000s ]
INFO: [ app_begin ] --START--
INFO: Run Behavior\ReadHtmlCacheBehavior [ RunTime:0.003000s ]
INFO: [ app_begin ] --END-- [ RunTime:0.003000s ]
ERR: 非法操作:script

[ 2016-03-19T02:00:29+08:00 ] 127.0.0.1 /Airblog/Public/script/respond.min.js
INFO: [ app_init ] --START--
INFO: Run Behavior\BuildLiteBehavior [ RunTime:0.000000s ]
INFO: [ app_init ] --END-- [ RunTime:0.004000s ]
INFO: [ app_begin ] --START--
INFO: Run Behavior\ReadHtmlCacheBehavior [ RunTime:0.062003s ]
INFO: [ app_begin ] --END-- [ RunTime:0.063003s ]
ERR: 非法操作:script

[ 2016-03-19T02:00:30+08:00 ] 127.0.0.1 /Airblog/Public/script/pace.min.js
INFO: [ app_init ] --START--
INFO: Run Behavior\BuildLiteBehavior [ RunTime:0.000000s ]
INFO: [ app_init ] --END-- [ RunTime:0.002000s ]
INFO: [ app_begin ] --START--
INFO: Run Behavior\ReadHtmlCacheBehavior [ RunTime:0.072004s ]
INFO: [ app_begin ] --END-- [ RunTime:0.073004s ]
ERR: 非法操作:script

[ 2016-03-19T02:00:30+08:00 ] 127.0.0.1 /Airblog/Public/script/icheck.min.js
INFO: [ app_init ] --START--
INFO: Run Behavior\BuildLiteBehavior [ RunTime:0.000000s ]
INFO: [ app_init ] --END-- [ RunTime:0.005000s ]
INFO: [ app_begin ] --START--
INFO: Run Behavior\ReadHtmlCacheBehavior [ RunTime:0.003000s ]
INFO: [ app_begin ] --END-- [ RunTime:0.003000s ]
ERR: 非法操作:script

[ 2016-03-19T02:00:30+08:00 ] 127.0.0.1 /Airblog/Public/script/jquery.menu.js
INFO: [ app_init ] --START--
INFO: Run Behavior\BuildLiteBehavior [ RunTime:0.000000s ]
INFO: [ app_init ] --END-- [ RunTime:0.002000s ]
INFO: [ app_begin ] --START--
INFO: Run Behavior\ReadHtmlCacheBehavior [ RunTime:0.004000s ]
INFO: [ app_begin ] --END-- [ RunTime:0.004000s ]
ERR: 非法操作:script

[ 2016-03-19T02:00:30+08:00 ] 127.0.0.1 /Airblog/Public/script/jquery.cookie.js
INFO: [ app_init ] --START--
INFO: Run Behavior\BuildLiteBehavior [ RunTime:0.000000s ]
INFO: [ app_init ] --END-- [ RunTime:0.002000s ]
INFO: [ app_begin ] --START--
INFO: Run Behavior\ReadHtmlCacheBehavior [ RunTime:0.003000s ]
INFO: [ app_begin ] --END-- [ RunTime:0.003000s ]
ERR: 非法操作:script

[ 2016-03-19T02:00:30+08:00 ] 127.0.0.1 /Airblog/Public/script/jquery.news-ticker.js
INFO: [ app_init ] --START--
INFO: Run Behavior\BuildLiteBehavior [ RunTime:0.000000s ]
INFO: [ app_init ] --END-- [ RunTime:0.002000s ]
INFO: [ app_begin ] --START--
INFO: Run Behavior\ReadHtmlCacheBehavior [ RunTime:0.026002s ]
INFO: [ app_begin ] --END-- [ RunTime:0.026002s ]
ERR: 非法操作:script

[ 2016-03-19T02:00:30+08:00 ] 127.0.0.1 /Airblog/Public/script/responsive-tabs.js
INFO: [ app_init ] --START--
INFO: Run Behavior\BuildLiteBehavior [ RunTime:0.000000s ]
INFO: [ app_init ] --END-- [ RunTime:0.002000s ]
INFO: [ app_begin ] --START--
INFO: Run Behavior\ReadHtmlCacheBehavior [ RunTime:0.002001s ]
INFO: [ app_begin ] --END-- [ RunTime:0.002001s ]
ERR: 非法操作:script

[ 2016-03-19T02:00:30+08:00 ] 127.0.0.1 /Airblog/Public/script/holder.js
INFO: [ app_init ] --START--
INFO: Run Behavior\BuildLiteBehavior [ RunTime:0.000000s ]
INFO: [ app_init ] --END-- [ RunTime:0.003000s ]
INFO: [ app_begin ] --START--
INFO: Run Behavior\ReadHtmlCacheBehavior [ RunTime:0.004000s ]
INFO: [ app_begin ] --END-- [ RunTime:0.005000s ]
ERR: 非法操作:script

[ 2016-03-19T02:00:30+08:00 ] 127.0.0.1 /Airblog/Public/script/jquery.flot.categories.js
INFO: [ app_init ] --START--
INFO: Run Behavior\BuildLiteBehavior [ RunTime:0.000000s ]
INFO: [ app_init ] --END-- [ RunTime:0.005000s ]
INFO: [ app_begin ] --START--
INFO: Run Behavior\ReadHtmlCacheBehavior [ RunTime:0.003000s ]
INFO: [ app_begin ] --END-- [ RunTime:0.004000s ]
ERR: 非法操作:script

[ 2016-03-19T02:00:30+08:00 ] 127.0.0.1 /Airblog/Public/script/jquery.flot.pie.js
INFO: [ app_init ] --START--
INFO: Run Behavior\BuildLiteBehavior [ RunTime:0.001000s ]
INFO: [ app_init ] --END-- [ RunTime:0.004000s ]
INFO: [ app_begin ] --START--
INFO: Run Behavior\ReadHtmlCacheBehavior [ RunTime:0.004001s ]
INFO: [ app_begin ] --END-- [ RunTime:0.004001s ]
ERR: 非法操作:script

[ 2016-03-19T02:00:30+08:00 ] 127.0.0.1 /Airblog/Public/script/jquery.flot.resize.js
INFO: [ app_init ] --START--
INFO: Run Behavior\BuildLiteBehavior [ RunTime:0.000000s ]
INFO: [ app_init ] --END-- [ RunTime:0.002000s ]
INFO: [ app_begin ] --START--
INFO: Run Behavior\ReadHtmlCacheBehavior [ RunTime:0.003001s ]
INFO: [ app_begin ] --END-- [ RunTime:0.004001s ]
ERR: 非法操作:script

[ 2016-03-19T02:00:30+08:00 ] 127.0.0.1 /Airblog/Public/script/custom.min.js
INFO: [ app_init ] --START--
INFO: Run Behavior\BuildLiteBehavior [ RunTime:0.000000s ]
INFO: [ app_init ] --END-- [ RunTime:0.002000s ]
INFO: [ app_begin ] --START--
INFO: Run Behavior\ReadHtmlCacheBehavior [ RunTime:0.002000s ]
INFO: [ app_begin ] --END-- [ RunTime:0.003000s ]
ERR: 非法操作:script

[ 2016-03-19T02:00:30+08:00 ] 127.0.0.1 /Airblog/Public/script/jquery.flot.js
INFO: [ app_init ] --START--
INFO: Run Behavior\BuildLiteBehavior [ RunTime:0.000000s ]
INFO: [ app_init ] --END-- [ RunTime:0.022001s ]
INFO: [ app_begin ] --START--
INFO: Run Behavior\ReadHtmlCacheBehavior [ RunTime:0.004001s ]
INFO: [ app_begin ] --END-- [ RunTime:0.004001s ]
ERR: 非法操作:script

[ 2016-03-19T02:00:30+08:00 ] 127.0.0.1 /Airblog/Public/script/jquery.flot.stack.js
INFO: [ app_init ] --START--
INFO: Run Behavior\BuildLiteBehavior [ RunTime:0.000000s ]
INFO: [ app_init ] --END-- [ RunTime:0.002001s ]
INFO: [ app_begin ] --START--
INFO: Run Behavior\ReadHtmlCacheBehavior [ RunTime:0.007000s ]
INFO: [ app_begin ] --END-- [ RunTime:0.008001s ]
ERR: 非法操作:script

[ 2016-03-19T02:00:30+08:00 ] 127.0.0.1 /Airblog/Public/script/jquery.flot.spline.js
INFO: [ app_init ] --START--
INFO: Run Behavior\BuildLiteBehavior [ RunTime:0.000000s ]
INFO: [ app_init ] --END-- [ RunTime:0.002000s ]
INFO: [ app_begin ] --START--
INFO: Run Behavior\ReadHtmlCacheBehavior [ RunTime:0.004000s ]
INFO: [ app_begin ] --END-- [ RunTime:0.004000s ]
ERR: 非法操作:script

[ 2016-03-19T02:00:31+08:00 ] 127.0.0.1 /Airblog/Public/script/zabuto_calendar.min.js
INFO: [ app_init ] --START--
INFO: Run Behavior\BuildLiteBehavior [ RunTime:0.000000s ]
INFO: [ app_init ] --END-- [ RunTime:0.006000s ]
INFO: [ app_begin ] --START--
INFO: Run Behavior\ReadHtmlCacheBehavior [ RunTime:0.006001s ]
INFO: [ app_begin ] --END-- [ RunTime:0.006001s ]
ERR: 非法操作:script

[ 2016-03-19T02:00:31+08:00 ] 127.0.0.1 /Airblog/Public/script/index.js
INFO: [ app_init ] --START--
INFO: Run Behavior\BuildLiteBehavior [ RunTime:0.001000s ]
INFO: [ app_init ] --END-- [ RunTime:0.005001s ]
INFO: [ app_begin ] --START--
INFO: Run Behavior\ReadHtmlCacheBehavior [ RunTime:0.006001s ]
INFO: [ app_begin ] --END-- [ RunTime:0.006001s ]
ERR: 非法操作:script

[ 2016-03-19T02:00:31+08:00 ] 127.0.0.1 /Airblog/Public/script/jquery.flot.tooltip.js
INFO: [ app_init ] --START--
INFO: Run Behavior\BuildLiteBehavior [ RunTime:0.000000s ]
INFO: [ app_init ] --END-- [ RunTime:0.002000s ]
INFO: [ app_begin ] --START--
INFO: Run Behavior\ReadHtmlCacheBehavior [ RunTime:0.003000s ]
INFO: [ app_begin ] --END-- [ RunTime:0.003000s ]
ERR: 非法操作:script

[ 2016-03-19T02:00:31+08:00 ] 127.0.0.1 /Airblog/Public/script/jquery.flot.fillbetween.js
INFO: [ app_init ] --START--
INFO: Run Behavior\BuildLiteBehavior [ RunTime:0.000000s ]
INFO: [ app_init ] --END-- [ RunTime:0.002000s ]
INFO: [ app_begin ] --START--
INFO: Run Behavior\ReadHtmlCacheBehavior [ RunTime:0.004000s ]
INFO: [ app_begin ] --END-- [ RunTime:0.004000s ]
ERR: 非法操作:script

[ 2016-03-19T02:00:31+08:00 ] 127.0.0.1 /Airblog/Public/script/main.js
INFO: [ app_init ] --START--
INFO: Run Behavior\BuildLiteBehavior [ RunTime:0.000000s ]
INFO: [ app_init ] --END-- [ RunTime:0.002000s ]
INFO: [ app_begin ] --START--
INFO: Run Behavior\ReadHtmlCacheBehavior [ RunTime:0.004000s ]
INFO: [ app_begin ] --END-- [ RunTime:0.004000s ]
ERR: 非法操作:script

[ 2016-03-19T02:00:37+08:00 ] 127.0.0.1 /Airblog/Public/images/avatar/a1.jpg
INFO: [ app_init ] --START--
INFO: Run Behavior\BuildLiteBehavior [ RunTime:0.000000s ]
INFO: [ app_init ] --END-- [ RunTime:0.003000s ]

[ 2016-03-19T02:00:37+08:00 ] 127.0.0.1 /Airblog/Application/Admin/View/Public/css/futurico/futurico.css
INFO: [ app_init ] --START--
INFO: Run Behavior\BuildLiteBehavior [ RunTime:0.000000s ]
INFO: [ app_init ] --END-- [ RunTime:0.005001s ]
INFO: [ app_begin ] --START--
INFO: Run Behavior\ReadHtmlCacheBehavior [ RunTime:0.002000s ]
INFO: [ app_begin ] --END-- [ RunTime:0.002000s ]
ERR: 非法操作:Admin

[ 2016-03-19T02:00:37+08:00 ] 127.0.0.1 /Airblog/Application/Admin/View/Public/css/flat/all.css
INFO: [ app_init ] --START--
INFO: Run Behavior\BuildLiteBehavior [ RunTime:0.000000s ]
INFO: [ app_init ] --END-- [ RunTime:0.085005s ]
INFO: [ app_begin ] --START--
INFO: Run Behavior\ReadHtmlCacheBehavior [ RunTime:0.003001s ]
INFO: [ app_begin ] --END-- [ RunTime:0.003001s ]
ERR: 非法操作:Admin

[ 2016-03-19T02:02:55+08:00 ] 127.0.0.1 /Airblog/Public/images/avatar/a1.jpg
INFO: [ app_init ] --START--
INFO: Run Behavior\BuildLiteBehavior [ RunTime:0.001000s ]
INFO: [ app_init ] --END-- [ RunTime:0.004000s ]

[ 2016-03-19T02:03:01+08:00 ] 127.0.0.1 /Airblog/Public/images/avatar/a1.jpg
INFO: [ app_init ] --START--
INFO: Run Behavior\BuildLiteBehavior [ RunTime:0.000000s ]
INFO: [ app_init ] --END-- [ RunTime:0.003000s ]

[ 2016-03-19T02:03:14+08:00 ] 127.0.0.1 /Airblog/Public/images/avatar/a1.jpg
INFO: [ app_init ] --START--
INFO: Run Behavior\BuildLiteBehavior [ RunTime:0.000000s ]
INFO: [ app_init ] --END-- [ RunTime:0.002001s ]

[ 2016-03-19T02:03:14+08:00 ] 127.0.0.1 /Airblog/Public/script/jquery-1.10.2.min.js
INFO: [ app_init ] --START--
INFO: Run Behavior\BuildLiteBehavior [ RunTime:0.000000s ]
INFO: [ app_init ] --END-- [ RunTime:0.002000s ]
INFO: [ app_begin ] --START--
INFO: Run Behavior\ReadHtmlCacheBehavior [ RunTime:0.004001s ]
INFO: [ app_begin ] --END-- [ RunTime:0.005001s ]
ERR: 非法操作:script

[ 2016-03-19T02:03:14+08:00 ] 127.0.0.1 /Airblog/Public/script/respond.min.js
INFO: [ app_init ] --START--
INFO: Run Behavior\BuildLiteBehavior [ RunTime:0.000000s ]
INFO: [ app_init ] --END-- [ RunTime:0.003000s ]
INFO: [ app_begin ] --START--
INFO: Run Behavior\ReadHtmlCacheBehavior [ RunTime:0.005000s ]
INFO: [ app_begin ] --END-- [ RunTime:0.005000s ]
ERR: 非法操作:script

[ 2016-03-19T02:03:14+08:00 ] 127.0.0.1 /Airblog/Public/script/jquery.metisMenu.js
INFO: [ app_init ] --START--
INFO: Run Behavior\BuildLiteBehavior [ RunTime:0.000000s ]
INFO: [ app_init ] --END-- [ RunTime:0.003000s ]
INFO: [ app_begin ] --START--
INFO: Run Behavior\ReadHtmlCacheBehavior [ RunTime:0.008000s ]
INFO: [ app_begin ] --END-- [ RunTime:0.008000s ]
ERR: 非法操作:script

[ 2016-03-19T02:03:15+08:00 ] 127.0.0.1 /Airblog/Public/script/jquery.slimscroll.js
INFO: [ app_init ] --START--
INFO: Run Behavior\BuildLiteBehavior [ RunTime:0.000000s ]
INFO: [ app_init ] --END-- [ RunTime:0.005000s ]
INFO: [ app_begin ] --START--
INFO: Run Behavior\ReadHtmlCacheBehavior [ RunTime:0.010000s ]
INFO: [ app_begin ] --END-- [ RunTime:0.010000s ]
ERR: 非法操作:script

[ 2016-03-19T02:03:15+08:00 ] 127.0.0.1 /Airblog/Public/script/jquery.cookie.js
INFO: [ app_init ] --START--
INFO: Run Behavior\BuildLiteBehavior [ RunTime:0.000000s ]
INFO: [ app_init ] --END-- [ RunTime:0.003000s ]
INFO: [ app_begin ] --START--
INFO: Run Behavior\ReadHtmlCacheBehavior [ RunTime:0.005000s ]
INFO: [ app_begin ] --END-- [ RunTime:0.005000s ]
ERR: 非法操作:script

[ 2016-03-19T02:03:15+08:00 ] 127.0.0.1 /Airblog/Public/script/jquery-migrate-1.2.1.min.js
INFO: [ app_init ] --START--
INFO: Run Behavior\BuildLiteBehavior [ RunTime:0.000000s ]
INFO: [ app_init ] --END-- [ RunTime:0.003001s ]
INFO: [ app_begin ] --START--
INFO: Run Behavior\ReadHtmlCacheBehavior [ RunTime:0.004000s ]
INFO: [ app_begin ] --END-- [ RunTime:0.004000s ]
ERR: 非法操作:script

[ 2016-03-19T02:03:15+08:00 ] 127.0.0.1 /Airblog/Public/script/jquery-ui.js
INFO: [ app_init ] --START--
INFO: Run Behavior\BuildLiteBehavior [ RunTime:0.000000s ]
INFO: [ app_init ] --END-- [ RunTime:0.003000s ]
INFO: [ app_begin ] --START--
INFO: Run Behavior\ReadHtmlCacheBehavior [ RunTime:0.003000s ]
INFO: [ app_begin ] --END-- [ RunTime:0.003000s ]
ERR: 非法操作:script

[ 2016-03-19T02:03:15+08:00 ] 127.0.0.1 /Airblog/Public/script/icheck.min.js
INFO: [ app_init ] --START--
INFO: Run Behavior\BuildLiteBehavior [ RunTime:0.000000s ]
INFO: [ app_init ] --END-- [ RunTime:0.006001s ]
INFO: [ app_begin ] --START--
INFO: Run Behavior\ReadHtmlCacheBehavior [ RunTime:0.073004s ]
INFO: [ app_begin ] --END-- [ RunTime:0.073004s ]
ERR: 非法操作:script

[ 2016-03-19T02:03:16+08:00 ] 127.0.0.1 /Airblog/Public/script/bootstrap.min.js
INFO: [ app_init ] --START--
INFO: Run Behavior\BuildLiteBehavior [ RunTime:0.000000s ]
INFO: [ app_init ] --END-- [ RunTime:0.045002s ]
INFO: [ app_begin ] --START--
INFO: Run Behavior\ReadHtmlCacheBehavior [ RunTime:0.038002s ]
INFO: [ app_begin ] --END-- [ RunTime:0.038002s ]
ERR: 非法操作:script

[ 2016-03-19T02:03:16+08:00 ] 127.0.0.1 /Airblog/Public/script/bootstrap-hover-dropdown.js
INFO: [ app_init ] --START--
INFO: Run Behavior\BuildLiteBehavior [ RunTime:0.000000s ]
INFO: [ app_init ] --END-- [ RunTime:0.005000s ]
INFO: [ app_begin ] --START--
INFO: Run Behavior\ReadHtmlCacheBehavior [ RunTime:0.009001s ]
INFO: [ app_begin ] --END-- [ RunTime:0.009001s ]
ERR: 非法操作:script

[ 2016-03-19T02:03:16+08:00 ] 127.0.0.1 /Airblog/Public/script/html5shiv.js
INFO: [ app_init ] --START--
INFO: Run Behavior\BuildLiteBehavior [ RunTime:0.000000s ]
INFO: [ app_init ] --END-- [ RunTime:0.006000s ]
INFO: [ app_begin ] --START--
INFO: Run Behavior\ReadHtmlCacheBehavior [ RunTime:0.004000s ]
INFO: [ app_begin ] --END-- [ RunTime:0.004000s ]
ERR: 非法操作:script

[ 2016-03-19T02:03:16+08:00 ] 127.0.0.1 /Airblog/Public/script/custom.min.js
INFO: [ app_init ] --START--
INFO: Run Behavior\BuildLiteBehavior [ RunTime:0.000000s ]
INFO: [ app_init ] --END-- [ RunTime:0.006000s ]
INFO: [ app_begin ] --START--
INFO: Run Behavior\ReadHtmlCacheBehavior [ RunTime:0.014001s ]
INFO: [ app_begin ] --END-- [ RunTime:0.015001s ]
ERR: 非法操作:script

[ 2016-03-19T02:03:16+08:00 ] 127.0.0.1 /Airblog/Public/script/responsive-tabs.js
INFO: [ app_init ] --START--
INFO: Run Behavior\BuildLiteBehavior [ RunTime:0.000000s ]
INFO: [ app_init ] --END-- [ RunTime:0.002000s ]
INFO: [ app_begin ] --START--
INFO: Run Behavior\ReadHtmlCacheBehavior [ RunTime:0.004000s ]
INFO: [ app_begin ] --END-- [ RunTime:0.004000s ]
ERR: 非法操作:script

[ 2016-03-19T02:03:16+08:00 ] 127.0.0.1 /Airblog/Public/script/jquery.news-ticker.js
INFO: [ app_init ] --START--
INFO: Run Behavior\BuildLiteBehavior [ RunTime:0.001000s ]
INFO: [ app_init ] --END-- [ RunTime:0.011000s ]
INFO: [ app_begin ] --START--
INFO: Run Behavior\ReadHtmlCacheBehavior [ RunTime:0.006000s ]
INFO: [ app_begin ] --END-- [ RunTime:0.007000s ]
ERR: 非法操作:script

[ 2016-03-19T02:03:16+08:00 ] 127.0.0.1 /Airblog/Public/script/pace.min.js
INFO: [ app_init ] --START--
INFO: Run Behavior\BuildLiteBehavior [ RunTime:0.000000s ]
INFO: [ app_init ] --END-- [ RunTime:0.005000s ]
INFO: [ app_begin ] --START--
INFO: Run Behavior\ReadHtmlCacheBehavior [ RunTime:0.064004s ]
INFO: [ app_begin ] --END-- [ RunTime:0.064004s ]
ERR: 非法操作:script

[ 2016-03-19T02:03:16+08:00 ] 127.0.0.1 /Airblog/Public/script/jquery.flot.pie.js
INFO: [ app_init ] --START--
INFO: Run Behavior\BuildLiteBehavior [ RunTime:0.000000s ]
INFO: [ app_init ] --END-- [ RunTime:0.001000s ]
INFO: [ app_begin ] --START--
INFO: Run Behavior\ReadHtmlCacheBehavior [ RunTime:0.004000s ]
INFO: [ app_begin ] --END-- [ RunTime:0.004000s ]
ERR: 非法操作:script

[ 2016-03-19T02:03:16+08:00 ] 127.0.0.1 /Airblog/Public/script/holder.js
INFO: [ app_init ] --START--
INFO: Run Behavior\BuildLiteBehavior [ RunTime:0.000000s ]
INFO: [ app_init ] --END-- [ RunTime:0.007001s ]
INFO: [ app_begin ] --START--
INFO: Run Behavior\ReadHtmlCacheBehavior [ RunTime:0.244014s ]
INFO: [ app_begin ] --END-- [ RunTime:0.245014s ]
ERR: 非法操作:script

[ 2016-03-19T02:03:16+08:00 ] 127.0.0.1 /Airblog/Public/script/jquery.flot.categories.js
INFO: [ app_init ] --START--
INFO: Run Behavior\BuildLiteBehavior [ RunTime:0.000000s ]
INFO: [ app_init ] --END-- [ RunTime:0.002000s ]
INFO: [ app_begin ] --START--
INFO: Run Behavior\ReadHtmlCacheBehavior [ RunTime:0.003000s ]
INFO: [ app_begin ] --END-- [ RunTime:0.004000s ]
ERR: 非法操作:script

[ 2016-03-19T02:03:17+08:00 ] 127.0.0.1 /Airblog/Public/script/jquery.menu.js
INFO: [ app_init ] --START--
INFO: Run Behavior\BuildLiteBehavior [ RunTime:0.000000s ]
INFO: [ app_init ] --END-- [ RunTime:0.003000s ]
INFO: [ app_begin ] --START--
INFO: Run Behavior\ReadHtmlCacheBehavior [ RunTime:0.004000s ]
INFO: [ app_begin ] --END-- [ RunTime:0.004000s ]
ERR: 非法操作:script

[ 2016-03-19T02:03:17+08:00 ] 127.0.0.1 /Airblog/Public/script/jquery.flot.stack.js
INFO: [ app_init ] --START--
INFO: Run Behavior\BuildLiteBehavior [ RunTime:0.001000s ]
INFO: [ app_init ] --END-- [ RunTime:0.003000s ]
INFO: [ app_begin ] --START--
INFO: Run Behavior\ReadHtmlCacheBehavior [ RunTime:0.017001s ]
INFO: [ app_begin ] --END-- [ RunTime:0.018001s ]
ERR: 非法操作:script

[ 2016-03-19T02:03:17+08:00 ] 127.0.0.1 /Airblog/Public/script/jquery.flot.js
INFO: [ app_init ] --START--
INFO: Run Behavior\BuildLiteBehavior [ RunTime:0.000000s ]
INFO: [ app_init ] --END-- [ RunTime:0.244014s ]
INFO: [ app_begin ] --START--
INFO: Run Behavior\ReadHtmlCacheBehavior [ RunTime:0.235013s ]
INFO: [ app_begin ] --END-- [ RunTime:0.283016s ]
ERR: 非法操作:script

[ 2016-03-19T02:03:17+08:00 ] 127.0.0.1 /Airblog/Public/script/jquery.flot.spline.js
INFO: [ app_init ] --START--
INFO: Run Behavior\BuildLiteBehavior [ RunTime:0.000000s ]
INFO: [ app_init ] --END-- [ RunTime:0.004001s ]
INFO: [ app_begin ] --START--
INFO: Run Behavior\ReadHtmlCacheBehavior [ RunTime:0.007001s ]
INFO: [ app_begin ] --END-- [ RunTime:0.007001s ]
ERR: 非法操作:script

[ 2016-03-19T02:03:17+08:00 ] 127.0.0.1 /Airblog/Public/script/jquery.flot.fillbetween.js
INFO: [ app_init ] --START--
INFO: Run Behavior\BuildLiteBehavior [ RunTime:0.001000s ]
INFO: [ app_init ] --END-- [ RunTime:0.184011s ]
INFO: [ app_begin ] --START--
INFO: Run Behavior\ReadHtmlCacheBehavior [ RunTime:0.004001s ]
INFO: [ app_begin ] --END-- [ RunTime:0.004001s ]
ERR: 非法操作:script

[ 2016-03-19T02:03:17+08:00 ] 127.0.0.1 /Airblog/Public/script/main.js
INFO: [ app_init ] --START--
INFO: Run Behavior\BuildLiteBehavior [ RunTime:0.001000s ]
INFO: [ app_init ] --END-- [ RunTime:0.003001s ]
INFO: [ app_begin ] --START--
INFO: Run Behavior\ReadHtmlCacheBehavior [ RunTime:0.004000s ]
INFO: [ app_begin ] --END-- [ RunTime:0.004000s ]
ERR: 非法操作:script

[ 2016-03-19T02:03:17+08:00 ] 127.0.0.1 /Airblog/Public/script/index.js
INFO: [ app_init ] --START--
INFO: Run Behavior\BuildLiteBehavior [ RunTime:0.000000s ]
INFO: [ app_init ] --END-- [ RunTime:0.003000s ]
INFO: [ app_begin ] --START--
INFO: Run Behavior\ReadHtmlCacheBehavior [ RunTime:0.005000s ]
INFO: [ app_begin ] --END-- [ RunTime:0.005000s ]
ERR: 非法操作:script

[ 2016-03-19T02:03:17+08:00 ] 127.0.0.1 /Airblog/Public/script/zabuto_calendar.min.js
INFO: [ app_init ] --START--
INFO: Run Behavior\BuildLiteBehavior [ RunTime:0.000000s ]
INFO: [ app_init ] --END-- [ RunTime:0.002000s ]
INFO: [ app_begin ] --START--
INFO: Run Behavior\ReadHtmlCacheBehavior [ RunTime:0.004000s ]
INFO: [ app_begin ] --END-- [ RunTime:0.004000s ]
ERR: 非法操作:script

[ 2016-03-19T02:03:17+08:00 ] 127.0.0.1 /Airblog/Public/script/jquery.flot.tooltip.js
INFO: [ app_init ] --START--
INFO: Run Behavior\BuildLiteBehavior [ RunTime:0.000000s ]
INFO: [ app_init ] --END-- [ RunTime:0.003000s ]
INFO: [ app_begin ] --START--
INFO: Run Behavior\ReadHtmlCacheBehavior [ RunTime:0.004000s ]
INFO: [ app_begin ] --END-- [ RunTime:0.004000s ]
ERR: 非法操作:script

[ 2016-03-19T02:03:17+08:00 ] 127.0.0.1 /Airblog/Public/script/jquery.flot.resize.js
INFO: [ app_init ] --START--
INFO: Run Behavior\BuildLiteBehavior [ RunTime:0.001000s ]
INFO: [ app_init ] --END-- [ RunTime:0.004000s ]
INFO: [ app_begin ] --START--
INFO: Run Behavior\ReadHtmlCacheBehavior [ RunTime:0.003000s ]
INFO: [ app_begin ] --END-- [ RunTime:0.003000s ]
ERR: 非法操作:script

[ 2016-03-19T02:10:14+08:00 ] 127.0.0.1 /Airblog/Public/script/bootstrap-hover-dropdown.js
INFO: [ app_init ] --START--
INFO: Run Behavior\BuildLiteBehavior [ RunTime:0.001000s ]
INFO: [ app_init ] --END-- [ RunTime:0.002000s ]
INFO: [ app_begin ] --START--
INFO: Run Behavior\ReadHtmlCacheBehavior [ RunTime:0.002000s ]
INFO: [ app_begin ] --END-- [ RunTime:0.003000s ]
ERR: 非法操作:script

[ 2016-03-19T02:10:14+08:00 ] 127.0.0.1 /Airblog/Public/script/jquery-1.10.2.min.js
INFO: [ app_init ] --START--
INFO: Run Behavior\BuildLiteBehavior [ RunTime:0.000000s ]
INFO: [ app_init ] --END-- [ RunTime:0.003000s ]
INFO: [ app_begin ] --START--
INFO: Run Behavior\ReadHtmlCacheBehavior [ RunTime:0.004001s ]
INFO: [ app_begin ] --END-- [ RunTime:0.004001s ]
ERR: 非法操作:script

[ 2016-03-19T02:10:14+08:00 ] 127.0.0.1 /Airblog/Public/script/html5shiv.js
INFO: [ app_init ] --START--
INFO: Run Behavior\BuildLiteBehavior [ RunTime:0.000000s ]
INFO: [ app_init ] --END-- [ RunTime:0.002000s ]
INFO: [ app_begin ] --START--
INFO: Run Behavior\ReadHtmlCacheBehavior [ RunTime:0.003000s ]
INFO: [ app_begin ] --END-- [ RunTime:0.004000s ]
ERR: 非法操作:script

[ 2016-03-19T02:10:15+08:00 ] 127.0.0.1 /Airblog/Public/script/jquery.metisMenu.js
INFO: [ app_init ] --START--
INFO: Run Behavior\BuildLiteBehavior [ RunTime:0.000000s ]
INFO: [ app_init ] --END-- [ RunTime:0.002000s ]
INFO: [ app_begin ] --START--
INFO: Run Behavior\ReadHtmlCacheBehavior [ RunTime:0.004000s ]
INFO: [ app_begin ] --END-- [ RunTime:0.004000s ]
ERR: 非法操作:script

[ 2016-03-19T02:10:15+08:00 ] 127.0.0.1 /Airblog/Public/script/respond.min.js
INFO: [ app_init ] --START--
INFO: Run Behavior\BuildLiteBehavior [ RunTime:0.000000s ]
INFO: [ app_init ] --END-- [ RunTime:0.006000s ]
INFO: [ app_begin ] --START--
INFO: Run Behavior\ReadHtmlCacheBehavior [ RunTime:0.006000s ]
INFO: [ app_begin ] --END-- [ RunTime:0.006000s ]
ERR: 非法操作:script

[ 2016-03-19T02:10:15+08:00 ] 127.0.0.1 /Airblog/Public/script/jquery-ui.js
INFO: [ app_init ] --START--
INFO: Run Behavior\BuildLiteBehavior [ RunTime:0.000000s ]
INFO: [ app_init ] --END-- [ RunTime:0.005001s ]
INFO: [ app_begin ] --START--
INFO: Run Behavior\ReadHtmlCacheBehavior [ RunTime:0.004000s ]
INFO: [ app_begin ] --END-- [ RunTime:0.004000s ]
ERR: 非法操作:script

[ 2016-03-19T02:10:15+08:00 ] 127.0.0.1 /Airblog/Public/script/jquery-migrate-1.2.1.min.js
INFO: [ app_init ] --START--
INFO: Run Behavior\BuildLiteBehavior [ RunTime:0.000000s ]
INFO: [ app_init ] --END-- [ RunTime:0.590034s ]
INFO: [ app_begin ] --START--
INFO: Run Behavior\ReadHtmlCacheBehavior [ RunTime:0.016001s ]
INFO: [ app_begin ] --END-- [ RunTime:0.016001s ]
ERR: 非法操作:script

[ 2016-03-19T02:10:15+08:00 ] 127.0.0.1 /Airblog/Public/script/jquery.cookie.js
INFO: [ app_init ] --START--
INFO: Run Behavior\BuildLiteBehavior [ RunTime:0.000000s ]
INFO: [ app_init ] --END-- [ RunTime:0.008001s ]
INFO: [ app_begin ] --START--
INFO: Run Behavior\ReadHtmlCacheBehavior [ RunTime:0.005000s ]
INFO: [ app_begin ] --END-- [ RunTime:0.005000s ]
ERR: 非法操作:script

[ 2016-03-19T02:10:15+08:00 ] 127.0.0.1 /Airblog/Public/script/jquery.slimscroll.js
INFO: [ app_init ] --START--
INFO: Run Behavior\BuildLiteBehavior [ RunTime:0.000000s ]
INFO: [ app_init ] --END-- [ RunTime:0.004000s ]
INFO: [ app_begin ] --START--
INFO: Run Behavior\ReadHtmlCacheBehavior [ RunTime:0.004000s ]
INFO: [ app_begin ] --END-- [ RunTime:0.004000s ]
ERR: 非法操作:script

[ 2016-03-19T02:10:16+08:00 ] 127.0.0.1 /Airblog/Public/script/custom.min.js
INFO: [ app_init ] --START--
INFO: Run Behavior\BuildLiteBehavior [ RunTime:0.000000s ]
INFO: [ app_init ] --END-- [ RunTime:0.002000s ]
INFO: [ app_begin ] --START--
INFO: Run Behavior\ReadHtmlCacheBehavior [ RunTime:0.108007s ]
INFO: [ app_begin ] --END-- [ RunTime:0.108007s ]
ERR: 非法操作:script

[ 2016-03-19T02:10:16+08:00 ] 127.0.0.1 /Airblog/Public/script/icheck.min.js
INFO: [ app_init ] --START--
INFO: Run Behavior\BuildLiteBehavior [ RunTime:0.000000s ]
INFO: [ app_init ] --END-- [ RunTime:0.048003s ]
INFO: [ app_begin ] --START--
INFO: Run Behavior\ReadHtmlCacheBehavior [ RunTime:0.003000s ]
INFO: [ app_begin ] --END-- [ RunTime:0.006000s ]
ERR: 非法操作:script

[ 2016-03-19T02:10:16+08:00 ] 127.0.0.1 /Airblog/Public/script/jquery.news-ticker.js
INFO: [ app_init ] --START--
INFO: Run Behavior\BuildLiteBehavior [ RunTime:0.001000s ]
INFO: [ app_init ] --END-- [ RunTime:0.002000s ]
INFO: [ app_begin ] --START--
INFO: Run Behavior\ReadHtmlCacheBehavior [ RunTime:0.092006s ]
INFO: [ app_begin ] --END-- [ RunTime:0.094006s ]
ERR: 非法操作:script

[ 2016-03-19T02:10:16+08:00 ] 127.0.0.1 /Airblog/Public/script/pace.min.js
INFO: [ app_init ] --START--
INFO: Run Behavior\BuildLiteBehavior [ RunTime:0.000000s ]
INFO: [ app_init ] --END-- [ RunTime:0.002000s ]
INFO: [ app_begin ] --START--
INFO: Run Behavior\ReadHtmlCacheBehavior [ RunTime:0.002000s ]
INFO: [ app_begin ] --END-- [ RunTime:0.002000s ]
ERR: 非法操作:script

[ 2016-03-19T02:10:16+08:00 ] 127.0.0.1 /Airblog/Public/script/jquery.flot.categories.js
INFO: [ app_init ] --START--
INFO: Run Behavior\BuildLiteBehavior [ RunTime:0.000000s ]
INFO: [ app_init ] --END-- [ RunTime:0.002000s ]
INFO: [ app_begin ] --START--
INFO: Run Behavior\ReadHtmlCacheBehavior [ RunTime:0.002001s ]
INFO: [ app_begin ] --END-- [ RunTime:0.003001s ]
ERR: 非法操作:script

[ 2016-03-19T02:10:16+08:00 ] 127.0.0.1 /Airblog/Public/script/responsive-tabs.js
INFO: [ app_init ] --START--
INFO: Run Behavior\BuildLiteBehavior [ RunTime:0.000000s ]
INFO: [ app_init ] --END-- [ RunTime:0.036002s ]
INFO: [ app_begin ] --START--
INFO: Run Behavior\ReadHtmlCacheBehavior [ RunTime:0.004000s ]
INFO: [ app_begin ] --END-- [ RunTime:0.004000s ]
ERR: 非法操作:script

[ 2016-03-19T02:10:16+08:00 ] 127.0.0.1 /Airblog/Public/script/jquery.menu.js
INFO: [ app_init ] --START--
INFO: Run Behavior\BuildLiteBehavior [ RunTime:0.000000s ]
INFO: [ app_init ] --END-- [ RunTime:0.002000s ]
INFO: [ app_begin ] --START--
INFO: Run Behavior\ReadHtmlCacheBehavior [ RunTime:0.006000s ]
INFO: [ app_begin ] --END-- [ RunTime:0.006000s ]
ERR: 非法操作:script

[ 2016-03-19T02:10:17+08:00 ] 127.0.0.1 /Airblog/Public/script/holder.js
INFO: [ app_init ] --START--
INFO: Run Behavior\BuildLiteBehavior [ RunTime:0.000000s ]
INFO: [ app_init ] --END-- [ RunTime:0.003000s ]
INFO: [ app_begin ] --START--
INFO: Run Behavior\ReadHtmlCacheBehavior [ RunTime:0.008001s ]
INFO: [ app_begin ] --END-- [ RunTime:0.009001s ]
ERR: 非法操作:script

[ 2016-03-19T02:10:17+08:00 ] 127.0.0.1 /Airblog/Public/script/jquery.flot.resize.js
INFO: [ app_init ] --START--
INFO: Run Behavior\BuildLiteBehavior [ RunTime:0.001001s ]
INFO: [ app_init ] --END-- [ RunTime:0.006001s ]
INFO: [ app_begin ] --START--
INFO: Run Behavior\ReadHtmlCacheBehavior [ RunTime:0.003000s ]
INFO: [ app_begin ] --END-- [ RunTime:0.005000s ]
ERR: 非法操作:script

[ 2016-03-19T02:10:17+08:00 ] 127.0.0.1 /Airblog/Public/script/bootstrap.min.js
INFO: [ app_init ] --START--
INFO: Run Behavior\BuildLiteBehavior [ RunTime:0.000000s ]
INFO: [ app_init ] --END-- [ RunTime:0.002000s ]
INFO: [ app_begin ] --START--
INFO: Run Behavior\ReadHtmlCacheBehavior [ RunTime:0.101006s ]
INFO: [ app_begin ] --END-- [ RunTime:0.103006s ]
ERR: 非法操作:script

[ 2016-03-19T02:10:17+08:00 ] 127.0.0.1 /Airblog/Public/script/jquery.flot.js
INFO: [ app_init ] --START--
INFO: Run Behavior\BuildLiteBehavior [ RunTime:0.001000s ]
INFO: [ app_init ] --END-- [ RunTime:0.006000s ]
INFO: [ app_begin ] --START--
INFO: Run Behavior\ReadHtmlCacheBehavior [ RunTime:0.304018s ]
INFO: [ app_begin ] --END-- [ RunTime:0.304018s ]
ERR: 非法操作:script

[ 2016-03-19T02:10:17+08:00 ] 127.0.0.1 /Airblog/Public/script/jquery.flot.spline.js
INFO: [ app_init ] --START--
INFO: Run Behavior\BuildLiteBehavior [ RunTime:0.000000s ]
INFO: [ app_init ] --END-- [ RunTime:0.002000s ]
INFO: [ app_begin ] --START--
INFO: Run Behavior\ReadHtmlCacheBehavior [ RunTime:0.006001s ]
INFO: [ app_begin ] --END-- [ RunTime:0.006001s ]
ERR: 非法操作:script

[ 2016-03-19T02:10:17+08:00 ] 127.0.0.1 /Airblog/Public/script/index.js
INFO: [ app_init ] --START--
INFO: Run Behavior\BuildLiteBehavior [ RunTime:0.000000s ]
INFO: [ app_init ] --END-- [ RunTime:0.002000s ]
INFO: [ app_begin ] --START--
INFO: Run Behavior\ReadHtmlCacheBehavior [ RunTime:0.002000s ]
INFO: [ app_begin ] --END-- [ RunTime:0.002000s ]
ERR: 非法操作:script

[ 2016-03-19T02:10:17+08:00 ] 127.0.0.1 /Airblog/Public/script/main.js
INFO: [ app_init ] --START--
INFO: Run Behavior\BuildLiteBehavior [ RunTime:0.000000s ]
INFO: [ app_init ] --END-- [ RunTime:0.002000s ]
INFO: [ app_begin ] --START--
INFO: Run Behavior\ReadHtmlCacheBehavior [ RunTime:0.002000s ]
INFO: [ app_begin ] --END-- [ RunTime:0.002000s ]
ERR: 非法操作:script

[ 2016-03-19T02:10:17+08:00 ] 127.0.0.1 /Airblog/Public/script/jquery.flot.pie.js
INFO: [ app_init ] --START--
INFO: Run Behavior\BuildLiteBehavior [ RunTime:0.000000s ]
INFO: [ app_init ] --END-- [ RunTime:0.002000s ]
INFO: [ app_begin ] --START--
INFO: Run Behavior\ReadHtmlCacheBehavior [ RunTime:0.015001s ]
INFO: [ app_begin ] --END-- [ RunTime:0.016001s ]
ERR: 非法操作:script

[ 2016-03-19T02:10:17+08:00 ] 127.0.0.1 /Airblog/Public/images/avatar/a1.jpg
INFO: [ app_init ] --START--
INFO: Run Behavior\BuildLiteBehavior [ RunTime:0.000000s ]
INFO: [ app_init ] --END-- [ RunTime:0.002000s ]

[ 2016-03-19T02:10:17+08:00 ] 127.0.0.1 /Airblog/Public/script/zabuto_calendar.min.js
INFO: [ app_init ] --START--
INFO: Run Behavior\BuildLiteBehavior [ RunTime:0.000000s ]
INFO: [ app_init ] --END-- [ RunTime:0.002000s ]
INFO: [ app_begin ] --START--
INFO: Run Behavior\ReadHtmlCacheBehavior [ RunTime:0.228013s ]
INFO: [ app_begin ] --END-- [ RunTime:0.228013s ]
ERR: 非法操作:script

[ 2016-03-19T02:10:18+08:00 ] 127.0.0.1 /Airblog/Public/script/jquery.flot.stack.js
INFO: [ app_init ] --START--
INFO: Run Behavior\BuildLiteBehavior [ RunTime:0.001001s ]
INFO: [ app_init ] --END-- [ RunTime:0.038003s ]
INFO: [ app_begin ] --START--
INFO: Run Behavior\ReadHtmlCacheBehavior [ RunTime:0.018001s ]
INFO: [ app_begin ] --END-- [ RunTime:0.019001s ]
ERR: 非法操作:script

[ 2016-03-19T02:10:18+08:00 ] 127.0.0.1 /Airblog/Public/script/jquery.flot.fillbetween.js
INFO: [ app_init ] --START--
INFO: Run Behavior\BuildLiteBehavior [ RunTime:0.000000s ]
INFO: [ app_init ] --END-- [ RunTime:0.016001s ]
INFO: [ app_begin ] --START--
INFO: Run Behavior\ReadHtmlCacheBehavior [ RunTime:0.007001s ]
INFO: [ app_begin ] --END-- [ RunTime:0.007001s ]
ERR: 非法操作:script

[ 2016-03-19T02:10:18+08:00 ] 127.0.0.1 /Airblog/Public/script/jquery.flot.tooltip.js
INFO: [ app_init ] --START--
INFO: Run Behavior\BuildLiteBehavior [ RunTime:0.000000s ]
INFO: [ app_init ] --END-- [ RunTime:0.002000s ]
INFO: [ app_begin ] --START--
INFO: Run Behavior\ReadHtmlCacheBehavior [ RunTime:0.003000s ]
INFO: [ app_begin ] --END-- [ RunTime:0.003000s ]
ERR: 非法操作:script

[ 2016-03-19T02:11:17+08:00 ] 127.0.0.1 /Airblog/Public/script/bootstrap.min.js
INFO: [ app_init ] --START--
INFO: Run Behavior\BuildLiteBehavior [ RunTime:0.000000s ]
INFO: [ app_init ] --END-- [ RunTime:0.002000s ]
INFO: [ app_begin ] --START--
INFO: Run Behavior\ReadHtmlCacheBehavior [ RunTime:0.003000s ]
INFO: [ app_begin ] --END-- [ RunTime:0.003000s ]
ERR: 非法操作:script

[ 2016-03-19T02:11:17+08:00 ] 127.0.0.1 /Airblog/Public/script/html5shiv.js
INFO: [ app_init ] --START--
INFO: Run Behavior\BuildLiteBehavior [ RunTime:0.001000s ]
INFO: [ app_init ] --END-- [ RunTime:0.002000s ]
INFO: [ app_begin ] --START--
INFO: Run Behavior\ReadHtmlCacheBehavior [ RunTime:0.003001s ]
INFO: [ app_begin ] --END-- [ RunTime:0.003001s ]
ERR: 非法操作:script

[ 2016-03-19T02:11:17+08:00 ] 127.0.0.1 /Airblog/Public/script/bootstrap-hover-dropdown.js
INFO: [ app_init ] --START--
INFO: Run Behavior\BuildLiteBehavior [ RunTime:0.000000s ]
INFO: [ app_init ] --END-- [ RunTime:0.001000s ]
INFO: [ app_begin ] --START--
INFO: Run Behavior\ReadHtmlCacheBehavior [ RunTime:0.003000s ]
INFO: [ app_begin ] --END-- [ RunTime:0.003000s ]
ERR: 非法操作:script

[ 2016-03-19T02:11:17+08:00 ] 127.0.0.1 /Airblog/Public/script/jquery.metisMenu.js
INFO: [ app_init ] --START--
INFO: Run Behavior\BuildLiteBehavior [ RunTime:0.000000s ]
INFO: [ app_init ] --END-- [ RunTime:0.003000s ]
INFO: [ app_begin ] --START--
INFO: Run Behavior\ReadHtmlCacheBehavior [ RunTime:0.004000s ]
INFO: [ app_begin ] --END-- [ RunTime:0.004000s ]
ERR: 非法操作:script

[ 2016-03-19T02:11:17+08:00 ] 127.0.0.1 /Airblog/Public/script/respond.min.js
INFO: [ app_init ] --START--
INFO: Run Behavior\BuildLiteBehavior [ RunTime:0.000000s ]
INFO: [ app_init ] --END-- [ RunTime:0.007000s ]
INFO: [ app_begin ] --START--
INFO: Run Behavior\ReadHtmlCacheBehavior [ RunTime:0.008000s ]
INFO: [ app_begin ] --END-- [ RunTime:0.008000s ]
ERR: 非法操作:script

[ 2016-03-19T02:11:17+08:00 ] 127.0.0.1 /Airblog/Public/script/jquery.slimscroll.js
INFO: [ app_init ] --START--
INFO: Run Behavior\BuildLiteBehavior [ RunTime:0.000000s ]
INFO: [ app_init ] --END-- [ RunTime:0.003000s ]
INFO: [ app_begin ] --START--
INFO: Run Behavior\ReadHtmlCacheBehavior [ RunTime:0.003001s ]
INFO: [ app_begin ] --END-- [ RunTime:0.003001s ]
ERR: 非法操作:script

[ 2016-03-19T02:11:18+08:00 ] 127.0.0.1 /Airblog/Public/script/icheck.min.js
INFO: [ app_init ] --START--
INFO: Run Behavior\BuildLiteBehavior [ RunTime:0.001000s ]
INFO: [ app_init ] --END-- [ RunTime:0.002000s ]
INFO: [ app_begin ] --START--
INFO: Run Behavior\ReadHtmlCacheBehavior [ RunTime:0.004000s ]
INFO: [ app_begin ] --END-- [ RunTime:0.004000s ]
ERR: 非法操作:script

[ 2016-03-19T02:11:18+08:00 ] 127.0.0.1 /Airblog/Public/script/jquery.news-ticker.js
INFO: [ app_init ] --START--
INFO: Run Behavior\BuildLiteBehavior [ RunTime:0.000000s ]
INFO: [ app_init ] --END-- [ RunTime:0.010000s ]
INFO: [ app_begin ] --START--
INFO: Run Behavior\ReadHtmlCacheBehavior [ RunTime:0.004000s ]
INFO: [ app_begin ] --END-- [ RunTime:0.004000s ]
ERR: 非法操作:script

[ 2016-03-19T02:11:18+08:00 ] 127.0.0.1 /Airblog/Public/script/custom.min.js
INFO: [ app_init ] --START--
INFO: Run Behavior\BuildLiteBehavior [ RunTime:0.000000s ]
INFO: [ app_init ] --END-- [ RunTime:0.002000s ]
INFO: [ app_begin ] --START--
INFO: Run Behavior\ReadHtmlCacheBehavior [ RunTime:0.003000s ]
INFO: [ app_begin ] --END-- [ RunTime:0.003000s ]
ERR: 非法操作:script

[ 2016-03-19T02:11:18+08:00 ] 127.0.0.1 /Airblog/Public/script/jquery.menu.js
INFO: [ app_init ] --START--
INFO: Run Behavior\BuildLiteBehavior [ RunTime:0.000000s ]
INFO: [ app_init ] --END-- [ RunTime:0.002000s ]
INFO: [ app_begin ] --START--
INFO: Run Behavior\ReadHtmlCacheBehavior [ RunTime:0.003001s ]
INFO: [ app_begin ] --END-- [ RunTime:0.004001s ]
ERR: 非法操作:script

[ 2016-03-19T02:11:18+08:00 ] 127.0.0.1 /Airblog/Public/script/jquery-1.10.2.min.js
INFO: [ app_init ] --START--
INFO: Run Behavior\BuildLiteBehavior [ RunTime:0.000000s ]
INFO: [ app_init ] --END-- [ RunTime:0.003000s ]
INFO: [ app_begin ] --START--
INFO: Run Behavior\ReadHtmlCacheBehavior [ RunTime:0.010000s ]
INFO: [ app_begin ] --END-- [ RunTime:0.011000s ]
ERR: 非法操作:script

[ 2016-03-19T02:11:18+08:00 ] 127.0.0.1 /Airblog/Public/script/holder.js
INFO: [ app_init ] --START--
INFO: Run Behavior\BuildLiteBehavior [ RunTime:0.000000s ]
INFO: [ app_init ] --END-- [ RunTime:0.005000s ]
INFO: [ app_begin ] --START--
INFO: Run Behavior\ReadHtmlCacheBehavior [ RunTime:0.006000s ]
INFO: [ app_begin ] --END-- [ RunTime:0.006000s ]
ERR: 非法操作:script

[ 2016-03-19T02:11:18+08:00 ] 127.0.0.1 /Airblog/Public/script/jquery.cookie.js
INFO: [ app_init ] --START--
INFO: Run Behavior\BuildLiteBehavior [ RunTime:0.000000s ]
INFO: [ app_init ] --END-- [ RunTime:0.002000s ]
INFO: [ app_begin ] --START--
INFO: Run Behavior\ReadHtmlCacheBehavior [ RunTime:0.003000s ]
INFO: [ app_begin ] --END-- [ RunTime:0.003000s ]
ERR: 非法操作:script

[ 2016-03-19T02:11:18+08:00 ] 127.0.0.1 /Airblog/Public/script/jquery-ui.js
INFO: [ app_init ] --START--
INFO: Run Behavior\BuildLiteBehavior [ RunTime:0.000000s ]
INFO: [ app_init ] --END-- [ RunTime:0.024001s ]
INFO: [ app_begin ] --START--
INFO: Run Behavior\ReadHtmlCacheBehavior [ RunTime:0.048002s ]
INFO: [ app_begin ] --END-- [ RunTime:0.048002s ]
ERR: 非法操作:script

[ 2016-03-19T02:11:18+08:00 ] 127.0.0.1 /Airblog/Public/script/jquery.flot.pie.js
INFO: [ app_init ] --START--
INFO: Run Behavior\BuildLiteBehavior [ RunTime:0.000000s ]
INFO: [ app_init ] --END-- [ RunTime:0.002001s ]
INFO: [ app_begin ] --START--
INFO: Run Behavior\ReadHtmlCacheBehavior [ RunTime:0.005000s ]
INFO: [ app_begin ] --END-- [ RunTime:0.005000s ]
ERR: 非法操作:script

[ 2016-03-19T02:11:19+08:00 ] 127.0.0.1 /Airblog/Public/script/responsive-tabs.js
INFO: [ app_init ] --START--
INFO: Run Behavior\BuildLiteBehavior [ RunTime:0.000000s ]
INFO: [ app_init ] --END-- [ RunTime:0.002000s ]
INFO: [ app_begin ] --START--
INFO: Run Behavior\ReadHtmlCacheBehavior [ RunTime:0.008001s ]
INFO: [ app_begin ] --END-- [ RunTime:0.008001s ]
ERR: 非法操作:script

[ 2016-03-19T02:11:19+08:00 ] 127.0.0.1 /Airblog/Public/script/jquery-migrate-1.2.1.min.js
INFO: [ app_init ] --START--
INFO: Run Behavior\BuildLiteBehavior [ RunTime:0.000000s ]
INFO: [ app_init ] --END-- [ RunTime:0.002000s ]
INFO: [ app_begin ] --START--
INFO: Run Behavior\ReadHtmlCacheBehavior [ RunTime:0.005000s ]
INFO: [ app_begin ] --END-- [ RunTime:0.005000s ]
ERR: 非法操作:script

[ 2016-03-19T02:11:19+08:00 ] 127.0.0.1 /Airblog/Public/script/pace.min.js
INFO: [ app_init ] --START--
INFO: Run Behavior\BuildLiteBehavior [ RunTime:0.000000s ]
INFO: [ app_init ] --END-- [ RunTime:0.002000s ]
INFO: [ app_begin ] --START--
INFO: Run Behavior\ReadHtmlCacheBehavior [ RunTime:0.003000s ]
INFO: [ app_begin ] --END-- [ RunTime:0.004000s ]
ERR: 非法操作:script

[ 2016-03-19T02:11:19+08:00 ] 127.0.0.1 /Airblog/Public/script/jquery.flot.js
INFO: [ app_init ] --START--
INFO: Run Behavior\BuildLiteBehavior [ RunTime:0.000000s ]
INFO: [ app_init ] --END-- [ RunTime:0.002000s ]
INFO: [ app_begin ] --START--
INFO: Run Behavior\ReadHtmlCacheBehavior [ RunTime:0.209012s ]
INFO: [ app_begin ] --END-- [ RunTime:0.209012s ]
ERR: 非法操作:script

[ 2016-03-19T02:11:19+08:00 ] 127.0.0.1 /Airblog/Public/script/jquery.flot.fillbetween.js
INFO: [ app_init ] --START--
INFO: Run Behavior\BuildLiteBehavior [ RunTime:0.000000s ]
INFO: [ app_init ] --END-- [ RunTime:0.001000s ]
INFO: [ app_begin ] --START--
INFO: Run Behavior\ReadHtmlCacheBehavior [ RunTime:0.002000s ]
INFO: [ app_begin ] --END-- [ RunTime:0.003000s ]
ERR: 非法操作:script

[ 2016-03-19T02:11:19+08:00 ] 127.0.0.1 /Airblog/Public/script/jquery.flot.resize.js
INFO: [ app_init ] --START--
INFO: Run Behavior\BuildLiteBehavior [ RunTime:0.000000s ]
INFO: [ app_init ] --END-- [ RunTime:0.003001s ]
INFO: [ app_begin ] --START--
INFO: Run Behavior\ReadHtmlCacheBehavior [ RunTime:0.008000s ]
INFO: [ app_begin ] --END-- [ RunTime:0.008000s ]
ERR: 非法操作:script

[ 2016-03-19T02:11:19+08:00 ] 127.0.0.1 /Airblog/Public/script/jquery.flot.stack.js
INFO: [ app_init ] --START--
INFO: Run Behavior\BuildLiteBehavior [ RunTime:0.000000s ]
INFO: [ app_init ] --END-- [ RunTime:0.001000s ]
INFO: [ app_begin ] --START--
INFO: Run Behavior\ReadHtmlCacheBehavior [ RunTime:0.003000s ]
INFO: [ app_begin ] --END-- [ RunTime:0.003000s ]
ERR: 非法操作:script

[ 2016-03-19T02:11:19+08:00 ] 127.0.0.1 /Airblog/Public/script/jquery.flot.spline.js
INFO: [ app_init ] --START--
INFO: Run Behavior\BuildLiteBehavior [ RunTime:0.000000s ]
INFO: [ app_init ] --END-- [ RunTime:0.001000s ]
INFO: [ app_begin ] --START--
INFO: Run Behavior\ReadHtmlCacheBehavior [ RunTime:0.045002s ]
INFO: [ app_begin ] --END-- [ RunTime:0.046002s ]
ERR: 非法操作:script

[ 2016-03-19T02:11:19+08:00 ] 127.0.0.1 /Airblog/Public/images/avatar/a1.jpg
INFO: [ app_init ] --START--
INFO: Run Behavior\BuildLiteBehavior [ RunTime:0.000000s ]
INFO: [ app_init ] --END-- [ RunTime:0.002000s ]

[ 2016-03-19T02:11:19+08:00 ] 127.0.0.1 /Airblog/Public/script/zabuto_calendar.min.js
INFO: [ app_init ] --START--
INFO: Run Behavior\BuildLiteBehavior [ RunTime:0.001000s ]
INFO: [ app_init ] --END-- [ RunTime:0.002000s ]
INFO: [ app_begin ] --START--
INFO: Run Behavior\ReadHtmlCacheBehavior [ RunTime:0.002000s ]
INFO: [ app_begin ] --END-- [ RunTime:0.003000s ]
ERR: 非法操作:script

[ 2016-03-19T02:11:19+08:00 ] 127.0.0.1 /Airblog/Public/script/index.js
INFO: [ app_init ] --START--
INFO: Run Behavior\BuildLiteBehavior [ RunTime:0.000000s ]
INFO: [ app_init ] --END-- [ RunTime:0.014001s ]
INFO: [ app_begin ] --START--
INFO: Run Behavior\ReadHtmlCacheBehavior [ RunTime:0.004000s ]
INFO: [ app_begin ] --END-- [ RunTime:0.004000s ]
ERR: 非法操作:script

[ 2016-03-19T02:11:19+08:00 ] 127.0.0.1 /Airblog/Public/script/jquery.flot.tooltip.js
INFO: [ app_init ] --START--
INFO: Run Behavior\BuildLiteBehavior [ RunTime:0.000000s ]
INFO: [ app_init ] --END-- [ RunTime:0.002000s ]
INFO: [ app_begin ] --START--
INFO: Run Behavior\ReadHtmlCacheBehavior [ RunTime:0.007000s ]
INFO: [ app_begin ] --END-- [ RunTime:0.007000s ]
ERR: 非法操作:script

[ 2016-03-19T02:11:19+08:00 ] 127.0.0.1 /Airblog/Public/script/main.js
INFO: [ app_init ] --START--
INFO: Run Behavior\BuildLiteBehavior [ RunTime:0.000000s ]
INFO: [ app_init ] --END-- [ RunTime:0.005000s ]
INFO: [ app_begin ] --START--
INFO: Run Behavior\ReadHtmlCacheBehavior [ RunTime:0.005000s ]
INFO: [ app_begin ] --END-- [ RunTime:0.005000s ]
ERR: 非法操作:script

[ 2016-03-19T02:11:19+08:00 ] 127.0.0.1 /Airblog/Public/script/jquery.flot.categories.js
INFO: [ app_init ] --START--
INFO: Run Behavior\BuildLiteBehavior [ RunTime:0.000000s ]
INFO: [ app_init ] --END-- [ RunTime:0.011001s ]
INFO: [ app_begin ] --START--
INFO: Run Behavior\ReadHtmlCacheBehavior [ RunTime:0.003000s ]
INFO: [ app_begin ] --END-- [ RunTime:0.003000s ]
ERR: 非法操作:script

[ 2016-03-19T02:11:35+08:00 ] 127.0.0.1 /Airblog/Public/script/html5shiv.js
INFO: [ app_init ] --START--
INFO: Run Behavior\BuildLiteBehavior [ RunTime:0.000000s ]
INFO: [ app_init ] --END-- [ RunTime:0.001000s ]
INFO: [ app_begin ] --START--
INFO: Run Behavior\ReadHtmlCacheBehavior [ RunTime:0.002000s ]
INFO: [ app_begin ] --END-- [ RunTime:0.002000s ]
ERR: 非法操作:script

[ 2016-03-19T02:11:35+08:00 ] 127.0.0.1 /Airblog/Public/script/respond.min.js
INFO: [ app_init ] --START--
INFO: Run Behavior\BuildLiteBehavior [ RunTime:0.001000s ]
INFO: [ app_init ] --END-- [ RunTime:0.002000s ]
INFO: [ app_begin ] --START--
INFO: Run Behavior\ReadHtmlCacheBehavior [ RunTime:0.002001s ]
INFO: [ app_begin ] --END-- [ RunTime:0.002001s ]
ERR: 非法操作:script

[ 2016-03-19T02:11:35+08:00 ] 127.0.0.1 /Airblog/Public/script/bootstrap.min.js
INFO: [ app_init ] --START--
INFO: Run Behavior\BuildLiteBehavior [ RunTime:0.001000s ]
INFO: [ app_init ] --END-- [ RunTime:0.002000s ]
INFO: [ app_begin ] --START--
INFO: Run Behavior\ReadHtmlCacheBehavior [ RunTime:0.003000s ]
INFO: [ app_begin ] --END-- [ RunTime:0.003000s ]
ERR: 非法操作:script

[ 2016-03-19T02:11:35+08:00 ] 127.0.0.1 /Airblog/Public/script/bootstrap-hover-dropdown.js
INFO: [ app_init ] --START--
INFO: Run Behavior\BuildLiteBehavior [ RunTime:0.000000s ]
INFO: [ app_init ] --END-- [ RunTime:0.003000s ]
INFO: [ app_begin ] --START--
INFO: Run Behavior\ReadHtmlCacheBehavior [ RunTime:0.004000s ]
INFO: [ app_begin ] --END-- [ RunTime:0.004000s ]
ERR: 非法操作:script

[ 2016-03-19T02:11:35+08:00 ] 127.0.0.1 /Airblog/Public/script/jquery.cookie.js
INFO: [ app_init ] --START--
INFO: Run Behavior\BuildLiteBehavior [ RunTime:0.000000s ]
INFO: [ app_init ] --END-- [ RunTime:0.002000s ]
INFO: [ app_begin ] --START--
INFO: Run Behavior\ReadHtmlCacheBehavior [ RunTime:0.004000s ]
INFO: [ app_begin ] --END-- [ RunTime:0.005000s ]
ERR: 非法操作:script

[ 2016-03-19T02:11:35+08:00 ] 127.0.0.1 /Airblog/Public/script/jquery.metisMenu.js
INFO: [ app_init ] --START--
INFO: Run Behavior\BuildLiteBehavior [ RunTime:0.000000s ]
INFO: [ app_init ] --END-- [ RunTime:0.002000s ]
INFO: [ app_begin ] --START--
INFO: Run Behavior\ReadHtmlCacheBehavior [ RunTime:0.010000s ]
INFO: [ app_begin ] --END-- [ RunTime:0.011000s ]
ERR: 非法操作:script

[ 2016-03-19T02:11:36+08:00 ] 127.0.0.1 /Airblog/Public/script/icheck.min.js
INFO: [ app_init ] --START--
INFO: Run Behavior\BuildLiteBehavior [ RunTime:0.000000s ]
INFO: [ app_init ] --END-- [ RunTime:0.002000s ]
INFO: [ app_begin ] --START--
INFO: Run Behavior\ReadHtmlCacheBehavior [ RunTime:0.032002s ]
INFO: [ app_begin ] --END-- [ RunTime:0.032002s ]
ERR: 非法操作:script

[ 2016-03-19T02:11:36+08:00 ] 127.0.0.1 /Airblog/Public/script/jquery.slimscroll.js
INFO: [ app_init ] --START--
INFO: Run Behavior\BuildLiteBehavior [ RunTime:0.000000s ]
INFO: [ app_init ] --END-- [ RunTime:0.003000s ]
INFO: [ app_begin ] --START--
INFO: Run Behavior\ReadHtmlCacheBehavior [ RunTime:0.006000s ]
INFO: [ app_begin ] --END-- [ RunTime:0.006000s ]
ERR: 非法操作:script

[ 2016-03-19T02:11:36+08:00 ] 127.0.0.1 /Airblog/Public/script/jquery-1.10.2.min.js
INFO: [ app_init ] --START--
INFO: Run Behavior\BuildLiteBehavior [ RunTime:0.000000s ]
INFO: [ app_init ] --END-- [ RunTime:0.010000s ]
INFO: [ app_begin ] --START--
INFO: Run Behavior\ReadHtmlCacheBehavior [ RunTime:0.003000s ]
INFO: [ app_begin ] --END-- [ RunTime:0.003000s ]
ERR: 非法操作:script

[ 2016-03-19T02:11:36+08:00 ] 127.0.0.1 /Airblog/Public/script/jquery.menu.js
INFO: [ app_init ] --START--
INFO: Run Behavior\BuildLiteBehavior [ RunTime:0.000000s ]
INFO: [ app_init ] --END-- [ RunTime:0.003000s ]
INFO: [ app_begin ] --START--
INFO: Run Behavior\ReadHtmlCacheBehavior [ RunTime:0.003000s ]
INFO: [ app_begin ] --END-- [ RunTime:0.003000s ]
ERR: 非法操作:script

[ 2016-03-19T02:11:36+08:00 ] 127.0.0.1 /Airblog/Public/script/custom.min.js
INFO: [ app_init ] --START--
INFO: Run Behavior\BuildLiteBehavior [ RunTime:0.000000s ]
INFO: [ app_init ] --END-- [ RunTime:0.005000s ]
INFO: [ app_begin ] --START--
INFO: Run Behavior\ReadHtmlCacheBehavior [ RunTime:0.003000s ]
INFO: [ app_begin ] --END-- [ RunTime:0.004000s ]
ERR: 非法操作:script

[ 2016-03-19T02:11:36+08:00 ] 127.0.0.1 /Airblog/Public/script/pace.min.js
INFO: [ app_init ] --START--
INFO: Run Behavior\BuildLiteBehavior [ RunTime:0.000000s ]
INFO: [ app_init ] --END-- [ RunTime:0.003001s ]
INFO: [ app_begin ] --START--
INFO: Run Behavior\ReadHtmlCacheBehavior [ RunTime:0.003000s ]
INFO: [ app_begin ] --END-- [ RunTime:0.003000s ]
ERR: 非法操作:script

[ 2016-03-19T02:11:36+08:00 ] 127.0.0.1 /Airblog/Public/script/holder.js
INFO: [ app_init ] --START--
INFO: Run Behavior\BuildLiteBehavior [ RunTime:0.000000s ]
INFO: [ app_init ] --END-- [ RunTime:0.002000s ]
INFO: [ app_begin ] --START--
INFO: Run Behavior\ReadHtmlCacheBehavior [ RunTime:0.003000s ]
INFO: [ app_begin ] --END-- [ RunTime:0.089005s ]
ERR: 非法操作:script

[ 2016-03-19T02:11:36+08:00 ] 127.0.0.1 /Airblog/Public/script/jquery.flot.js
INFO: [ app_init ] --START--
INFO: Run Behavior\BuildLiteBehavior [ RunTime:0.001001s ]
INFO: [ app_init ] --END-- [ RunTime:0.002001s ]
INFO: [ app_begin ] --START--
INFO: Run Behavior\ReadHtmlCacheBehavior [ RunTime:0.004001s ]
INFO: [ app_begin ] --END-- [ RunTime:0.004001s ]
ERR: 非法操作:script

[ 2016-03-19T02:11:37+08:00 ] 127.0.0.1 /Airblog/Public/script/responsive-tabs.js
INFO: [ app_init ] --START--
INFO: Run Behavior\BuildLiteBehavior [ RunTime:0.000000s ]
INFO: [ app_init ] --END-- [ RunTime:0.009001s ]
INFO: [ app_begin ] --START--
INFO: Run Behavior\ReadHtmlCacheBehavior [ RunTime:0.009001s ]
INFO: [ app_begin ] --END-- [ RunTime:0.009001s ]
ERR: 非法操作:script

[ 2016-03-19T02:11:37+08:00 ] 127.0.0.1 /Airblog/Public/script/jquery.news-ticker.js
INFO: [ app_init ] --START--
INFO: Run Behavior\BuildLiteBehavior [ RunTime:0.000000s ]
INFO: [ app_init ] --END-- [ RunTime:0.002000s ]
INFO: [ app_begin ] --START--
INFO: Run Behavior\ReadHtmlCacheBehavior [ RunTime:0.009000s ]
INFO: [ app_begin ] --END-- [ RunTime:0.010000s ]
ERR: 非法操作:script

[ 2016-03-19T02:11:37+08:00 ] 127.0.0.1 /Airblog/Public/script/jquery.flot.pie.js
INFO: [ app_init ] --START--
INFO: Run Behavior\BuildLiteBehavior [ RunTime:0.000000s ]
INFO: [ app_init ] --END-- [ RunTime:0.002000s ]
INFO: [ app_begin ] --START--
INFO: Run Behavior\ReadHtmlCacheBehavior [ RunTime:0.005000s ]
INFO: [ app_begin ] --END-- [ RunTime:0.006000s ]
ERR: 非法操作:script

[ 2016-03-19T02:11:37+08:00 ] 127.0.0.1 /Airblog/Public/script/jquery.flot.fillbetween.js
INFO: [ app_init ] --START--
INFO: Run Behavior\BuildLiteBehavior [ RunTime:0.000000s ]
INFO: [ app_init ] --END-- [ RunTime:0.002000s ]
INFO: [ app_begin ] --START--
INFO: Run Behavior\ReadHtmlCacheBehavior [ RunTime:0.002000s ]
INFO: [ app_begin ] --END-- [ RunTime:0.003000s ]
ERR: 非法操作:script

[ 2016-03-19T02:11:37+08:00 ] 127.0.0.1 /Airblog/Public/script/jquery.flot.stack.js
INFO: [ app_init ] --START--
INFO: Run Behavior\BuildLiteBehavior [ RunTime:0.000000s ]
INFO: [ app_init ] --END-- [ RunTime:0.002000s ]
INFO: [ app_begin ] --START--
INFO: Run Behavior\ReadHtmlCacheBehavior [ RunTime:0.005001s ]
INFO: [ app_begin ] --END-- [ RunTime:0.005001s ]
ERR: 非法操作:script

[ 2016-03-19T02:11:37+08:00 ] 127.0.0.1 /Airblog/Public/script/jquery-migrate-1.2.1.min.js
INFO: [ app_init ] --START--
INFO: Run Behavior\BuildLiteBehavior [ RunTime:0.000000s ]
INFO: [ app_init ] --END-- [ RunTime:0.003000s ]
INFO: [ app_begin ] --START--
INFO: Run Behavior\ReadHtmlCacheBehavior [ RunTime:0.294017s ]
INFO: [ app_begin ] --END-- [ RunTime:0.294017s ]
ERR: 非法操作:script

[ 2016-03-19T02:11:37+08:00 ] 127.0.0.1 /Airblog/Public/script/jquery.flot.spline.js
INFO: [ app_init ] --START--
INFO: Run Behavior\BuildLiteBehavior [ RunTime:0.000000s ]
INFO: [ app_init ] --END-- [ RunTime:0.002000s ]
INFO: [ app_begin ] --START--
INFO: Run Behavior\ReadHtmlCacheBehavior [ RunTime:0.002000s ]
INFO: [ app_begin ] --END-- [ RunTime:0.002000s ]
ERR: 非法操作:script

[ 2016-03-19T02:11:37+08:00 ] 127.0.0.1 /Airblog/Public/script/zabuto_calendar.min.js
INFO: [ app_init ] --START--
INFO: Run Behavior\BuildLiteBehavior [ RunTime:0.000000s ]
INFO: [ app_init ] --END-- [ RunTime:0.003000s ]
INFO: [ app_begin ] --START--
INFO: Run Behavior\ReadHtmlCacheBehavior [ RunTime:0.004000s ]
INFO: [ app_begin ] --END-- [ RunTime:0.004000s ]
ERR: 非法操作:script

[ 2016-03-19T02:11:37+08:00 ] 127.0.0.1 /Airblog/Public/script/index.js
INFO: [ app_init ] --START--
INFO: Run Behavior\BuildLiteBehavior [ RunTime:0.000000s ]
INFO: [ app_init ] --END-- [ RunTime:0.007000s ]
INFO: [ app_begin ] --START--
INFO: Run Behavior\ReadHtmlCacheBehavior [ RunTime:0.003000s ]
INFO: [ app_begin ] --END-- [ RunTime:0.003000s ]
ERR: 非法操作:script

[ 2016-03-19T02:11:37+08:00 ] 127.0.0.1 /Airblog/Public/script/jquery.flot.categories.js
INFO: [ app_init ] --START--
INFO: Run Behavior\BuildLiteBehavior [ RunTime:0.000000s ]
INFO: [ app_init ] --END-- [ RunTime:0.132007s ]
INFO: [ app_begin ] --START--
INFO: Run Behavior\ReadHtmlCacheBehavior [ RunTime:0.289017s ]
INFO: [ app_begin ] --END-- [ RunTime:0.289017s ]
ERR: 非法操作:script

[ 2016-03-19T02:11:38+08:00 ] 127.0.0.1 /Airblog/Public/images/avatar/a1.jpg
INFO: [ app_init ] --START--
INFO: Run Behavior\BuildLiteBehavior [ RunTime:0.000000s ]
INFO: [ app_init ] --END-- [ RunTime:0.003000s ]

[ 2016-03-19T02:11:38+08:00 ] 127.0.0.1 /Airblog/Public/script/main.js
INFO: [ app_init ] --START--
INFO: Run Behavior\BuildLiteBehavior [ RunTime:0.001001s ]
INFO: [ app_init ] --END-- [ RunTime:0.003001s ]
INFO: [ app_begin ] --START--
INFO: Run Behavior\ReadHtmlCacheBehavior [ RunTime:0.002000s ]
INFO: [ app_begin ] --END-- [ RunTime:0.003000s ]
ERR: 非法操作:script

[ 2016-03-19T02:11:38+08:00 ] 127.0.0.1 /Airblog/Public/script/jquery.flot.tooltip.js
INFO: [ app_init ] --START--
INFO: Run Behavior\BuildLiteBehavior [ RunTime:0.001000s ]
INFO: [ app_init ] --END-- [ RunTime:0.007000s ]
INFO: [ app_begin ] --START--
INFO: Run Behavior\ReadHtmlCacheBehavior [ RunTime:0.003000s ]
INFO: [ app_begin ] --END-- [ RunTime:0.006000s ]
ERR: 非法操作:script

[ 2016-03-19T02:11:38+08:00 ] 127.0.0.1 /Airblog/Public/script/jquery.flot.resize.js
INFO: [ app_init ] --START--
INFO: Run Behavior\BuildLiteBehavior [ RunTime:0.000000s ]
INFO: [ app_init ] --END-- [ RunTime:0.004000s ]
INFO: [ app_begin ] --START--
INFO: Run Behavior\ReadHtmlCacheBehavior [ RunTime:0.004001s ]
INFO: [ app_begin ] --END-- [ RunTime:0.005001s ]
ERR: 非法操作:script

[ 2016-03-19T02:11:38+08:00 ] 127.0.0.1 /Airblog/Public/script/jquery-ui.js
INFO: [ app_init ] --START--
INFO: Run Behavior\BuildLiteBehavior [ RunTime:0.000000s ]
INFO: [ app_init ] --END-- [ RunTime:0.002000s ]
INFO: [ app_begin ] --START--
INFO: Run Behavior\ReadHtmlCacheBehavior [ RunTime:0.007000s ]
INFO: [ app_begin ] --END-- [ RunTime:0.007000s ]
ERR: 非法操作:script

[ 2016-03-19T02:15:43+08:00 ] 127.0.0.1 /Airblog/Public/script/jquery-ui.js
INFO: [ app_init ] --START--
INFO: Run Behavior\BuildLiteBehavior [ RunTime:0.000000s ]
INFO: [ app_init ] --END-- [ RunTime:0.002000s ]
INFO: [ app_begin ] --START--
INFO: Run Behavior\ReadHtmlCacheBehavior [ RunTime:0.129008s ]
INFO: [ app_begin ] --END-- [ RunTime:0.130008s ]
ERR: 非法操作:script

[ 2016-03-19T02:15:43+08:00 ] 127.0.0.1 /Airblog/Public/script/html5shiv.js
INFO: [ app_init ] --START--
INFO: Run Behavior\BuildLiteBehavior [ RunTime:0.000000s ]
INFO: [ app_init ] --END-- [ RunTime:0.002000s ]
INFO: [ app_begin ] --START--
INFO: Run Behavior\ReadHtmlCacheBehavior [ RunTime:0.003000s ]
INFO: [ app_begin ] --END-- [ RunTime:0.003000s ]
ERR: 非法操作:script

[ 2016-03-19T02:15:43+08:00 ] 127.0.0.1 /Airblog/Public/script/bootstrap-hover-dropdown.js
INFO: [ app_init ] --START--
INFO: Run Behavior\BuildLiteBehavior [ RunTime:0.000000s ]
INFO: [ app_init ] --END-- [ RunTime:0.002000s ]
INFO: [ app_begin ] --START--
INFO: Run Behavior\ReadHtmlCacheBehavior [ RunTime:0.009001s ]
INFO: [ app_begin ] --END-- [ RunTime:0.112007s ]
ERR: 非法操作:script

[ 2016-03-19T02:15:43+08:00 ] 127.0.0.1 /Airblog/Public/script/respond.min.js
INFO: [ app_init ] --START--
INFO: Run Behavior\BuildLiteBehavior [ RunTime:0.000000s ]
INFO: [ app_init ] --END-- [ RunTime:0.002001s ]
INFO: [ app_begin ] --START--
INFO: Run Behavior\ReadHtmlCacheBehavior [ RunTime:0.003000s ]
INFO: [ app_begin ] --END-- [ RunTime:0.003000s ]
ERR: 非法操作:script

[ 2016-03-19T02:15:43+08:00 ] 127.0.0.1 /Airblog/Public/script/jquery.metisMenu.js
INFO: [ app_init ] --START--
INFO: Run Behavior\BuildLiteBehavior [ RunTime:0.000000s ]
INFO: [ app_init ] --END-- [ RunTime:0.002000s ]
INFO: [ app_begin ] --START--
INFO: Run Behavior\ReadHtmlCacheBehavior [ RunTime:0.003001s ]
INFO: [ app_begin ] --END-- [ RunTime:0.004001s ]
ERR: 非法操作:script

[ 2016-03-19T02:15:43+08:00 ] 127.0.0.1 /Airblog/Public/script/jquery.cookie.js
INFO: [ app_init ] --START--
INFO: Run Behavior\BuildLiteBehavior [ RunTime:0.000000s ]
INFO: [ app_init ] --END-- [ RunTime:0.003000s ]
INFO: [ app_begin ] --START--
INFO: Run Behavior\ReadHtmlCacheBehavior [ RunTime:0.004000s ]
INFO: [ app_begin ] --END-- [ RunTime:0.004000s ]
ERR: 非法操作:script

[ 2016-03-19T02:15:44+08:00 ] 127.0.0.1 /Airblog/Public/script/jquery.slimscroll.js
INFO: [ app_init ] --START--
INFO: Run Behavior\BuildLiteBehavior [ RunTime:0.000000s ]
INFO: [ app_init ] --END-- [ RunTime:0.003000s ]
INFO: [ app_begin ] --START--
INFO: Run Behavior\ReadHtmlCacheBehavior [ RunTime:0.218013s ]
INFO: [ app_begin ] --END-- [ RunTime:0.218013s ]
ERR: 非法操作:script

[ 2016-03-19T02:15:44+08:00 ] 127.0.0.1 /Airblog/Public/script/bootstrap.min.js
INFO: [ app_init ] --START--
INFO: Run Behavior\BuildLiteBehavior [ RunTime:0.000000s ]
INFO: [ app_init ] --END-- [ RunTime:0.061003s ]
INFO: [ app_begin ] --START--
INFO: Run Behavior\ReadHtmlCacheBehavior [ RunTime:0.007001s ]
INFO: [ app_begin ] --END-- [ RunTime:0.007001s ]
ERR: 非法操作:script

[ 2016-03-19T02:15:44+08:00 ] 127.0.0.1 /Airblog/Public/images/avatar/a1.jpg
INFO: [ app_init ] --START--
INFO: Run Behavior\BuildLiteBehavior [ RunTime:0.179010s ]
INFO: [ app_init ] --END-- [ RunTime:0.182010s ]

[ 2016-03-19T02:15:44+08:00 ] 127.0.0.1 /Airblog/Public/script/jquery.news-ticker.js
INFO: [ app_init ] --START--
INFO: Run Behavior\BuildLiteBehavior [ RunTime:0.000000s ]
INFO: [ app_init ] --END-- [ RunTime:0.027001s ]
INFO: [ app_begin ] --START--
INFO: Run Behavior\ReadHtmlCacheBehavior [ RunTime:0.003000s ]
INFO: [ app_begin ] --END-- [ RunTime:0.003000s ]
ERR: 非法操作:script

[ 2016-03-19T02:15:44+08:00 ] 127.0.0.1 /Airblog/Public/script/icheck.min.js
INFO: [ app_init ] --START--
INFO: Run Behavior\BuildLiteBehavior [ RunTime:0.000000s ]
INFO: [ app_init ] --END-- [ RunTime:0.003000s ]
INFO: [ app_begin ] --START--
INFO: Run Behavior\ReadHtmlCacheBehavior [ RunTime:0.388022s ]
INFO: [ app_begin ] --END-- [ RunTime:0.389022s ]
ERR: 非法操作:script

[ 2016-03-19T02:15:44+08:00 ] 127.0.0.1 /Airblog/Public/script/pace.min.js
INFO: [ app_init ] --START--
INFO: Run Behavior\BuildLiteBehavior [ RunTime:0.000000s ]
INFO: [ app_init ] --END-- [ RunTime:0.003000s ]
INFO: [ app_begin ] --START--
INFO: Run Behavior\ReadHtmlCacheBehavior [ RunTime:0.002000s ]
INFO: [ app_begin ] --END-- [ RunTime:0.002000s ]
ERR: 非法操作:script

[ 2016-03-19T02:15:44+08:00 ] 127.0.0.1 /Airblog/Public/script/jquery.menu.js
INFO: [ app_init ] --START--
INFO: Run Behavior\BuildLiteBehavior [ RunTime:0.000000s ]
INFO: [ app_init ] --END-- [ RunTime:0.123007s ]
INFO: [ app_begin ] --START--
INFO: Run Behavior\ReadHtmlCacheBehavior [ RunTime:0.011001s ]
INFO: [ app_begin ] --END-- [ RunTime:0.012001s ]
ERR: 非法操作:script

[ 2016-03-19T02:15:44+08:00 ] 127.0.0.1 /Airblog/Public/script/custom.min.js
INFO: [ app_init ] --START--
INFO: Run Behavior\BuildLiteBehavior [ RunTime:0.000000s ]
INFO: [ app_init ] --END-- [ RunTime:0.013001s ]
INFO: [ app_begin ] --START--
INFO: Run Behavior\ReadHtmlCacheBehavior [ RunTime:0.007001s ]
INFO: [ app_begin ] --END-- [ RunTime:0.007001s ]
ERR: 非法操作:script

[ 2016-03-19T02:15:44+08:00 ] 127.0.0.1 /Airblog/Public/script/jquery.flot.js
INFO: [ app_init ] --START--
INFO: Run Behavior\BuildLiteBehavior [ RunTime:0.000000s ]
INFO: [ app_init ] --END-- [ RunTime:0.005001s ]
INFO: [ app_begin ] --START--
INFO: Run Behavior\ReadHtmlCacheBehavior [ RunTime:0.003001s ]
INFO: [ app_begin ] --END-- [ RunTime:0.003001s ]
ERR: 非法操作:script

[ 2016-03-19T02:15:44+08:00 ] 127.0.0.1 /Airblog/Public/script/holder.js
INFO: [ app_init ] --START--
INFO: Run Behavior\BuildLiteBehavior [ RunTime:0.000000s ]
INFO: [ app_init ] --END-- [ RunTime:0.002000s ]
INFO: [ app_begin ] --START--
INFO: Run Behavior\ReadHtmlCacheBehavior [ RunTime:0.004001s ]
INFO: [ app_begin ] --END-- [ RunTime:0.004001s ]
ERR: 非法操作:script

[ 2016-03-19T02:15:44+08:00 ] 127.0.0.1 /Airblog/Public/script/responsive-tabs.js
INFO: [ app_init ] --START--
INFO: Run Behavior\BuildLiteBehavior [ RunTime:0.000000s ]
INFO: [ app_init ] --END-- [ RunTime:0.002000s ]
INFO: [ app_begin ] --START--
INFO: Run Behavior\ReadHtmlCacheBehavior [ RunTime:0.003000s ]
INFO: [ app_begin ] --END-- [ RunTime:0.003000s ]
ERR: 非法操作:script

[ 2016-03-19T02:15:45+08:00 ] 127.0.0.1 /Airblog/Public/script/jquery.flot.categories.js
INFO: [ app_init ] --START--
INFO: Run Behavior\BuildLiteBehavior [ RunTime:0.000000s ]
INFO: [ app_init ] --END-- [ RunTime:0.002000s ]
INFO: [ app_begin ] --START--
INFO: Run Behavior\ReadHtmlCacheBehavior [ RunTime:0.004000s ]
INFO: [ app_begin ] --END-- [ RunTime:0.004000s ]
ERR: 非法操作:script

[ 2016-03-19T02:15:45+08:00 ] 127.0.0.1 /Airblog/Public/script/jquery.flot.tooltip.js
INFO: [ app_init ] --START--
INFO: Run Behavior\BuildLiteBehavior [ RunTime:0.000000s ]
INFO: [ app_init ] --END-- [ RunTime:0.004000s ]
INFO: [ app_begin ] --START--
INFO: Run Behavior\ReadHtmlCacheBehavior [ RunTime:0.003000s ]
INFO: [ app_begin ] --END-- [ RunTime:0.003000s ]
ERR: 非法操作:script

[ 2016-03-19T02:15:45+08:00 ] 127.0.0.1 /Airblog/Public/script/jquery.flot.resize.js
INFO: [ app_init ] --START--
INFO: Run Behavior\BuildLiteBehavior [ RunTime:0.000000s ]
INFO: [ app_init ] --END-- [ RunTime:0.002000s ]
INFO: [ app_begin ] --START--
INFO: Run Behavior\ReadHtmlCacheBehavior [ RunTime:0.003001s ]
INFO: [ app_begin ] --END-- [ RunTime:0.003001s ]
ERR: 非法操作:script

[ 2016-03-19T02:15:45+08:00 ] 127.0.0.1 /Airblog/Public/script/jquery-migrate-1.2.1.min.js
INFO: [ app_init ] --START--
INFO: Run Behavior\BuildLiteBehavior [ RunTime:0.000000s ]
INFO: [ app_init ] --END-- [ RunTime:0.002000s ]
INFO: [ app_begin ] --START--
INFO: Run Behavior\ReadHtmlCacheBehavior [ RunTime:0.008000s ]
INFO: [ app_begin ] --END-- [ RunTime:0.008000s ]
ERR: 非法操作:script

[ 2016-03-19T02:15:45+08:00 ] 127.0.0.1 /Airblog/Public/script/jquery-1.10.2.min.js
INFO: [ app_init ] --START--
INFO: Run Behavior\BuildLiteBehavior [ RunTime:0.000000s ]
INFO: [ app_init ] --END-- [ RunTime:0.002000s ]
INFO: [ app_begin ] --START--
INFO: Run Behavior\ReadHtmlCacheBehavior [ RunTime:0.006000s ]
INFO: [ app_begin ] --END-- [ RunTime:0.007000s ]
ERR: 非法操作:script

[ 2016-03-19T02:15:45+08:00 ] 127.0.0.1 /Airblog/Public/script/jquery.flot.spline.js
INFO: [ app_init ] --START--
INFO: Run Behavior\BuildLiteBehavior [ RunTime:0.000000s ]
INFO: [ app_init ] --END-- [ RunTime:0.002000s ]
INFO: [ app_begin ] --START--
INFO: Run Behavior\ReadHtmlCacheBehavior [ RunTime:0.002000s ]
INFO: [ app_begin ] --END-- [ RunTime:0.002000s ]
ERR: 非法操作:script

[ 2016-03-19T02:15:45+08:00 ] 127.0.0.1 /Airblog/Public/script/jquery.flot.fillbetween.js
INFO: [ app_init ] --START--
INFO: Run Behavior\BuildLiteBehavior [ RunTime:0.000000s ]
INFO: [ app_init ] --END-- [ RunTime:0.008001s ]
INFO: [ app_begin ] --START--
INFO: Run Behavior\ReadHtmlCacheBehavior [ RunTime:0.002000s ]
INFO: [ app_begin ] --END-- [ RunTime:0.003000s ]
ERR: 非法操作:script

[ 2016-03-19T02:15:45+08:00 ] 127.0.0.1 /Airblog/Public/script/main.js
INFO: [ app_init ] --START--
INFO: Run Behavior\BuildLiteBehavior [ RunTime:0.000000s ]
INFO: [ app_init ] --END-- [ RunTime:0.006001s ]
INFO: [ app_begin ] --START--
INFO: Run Behavior\ReadHtmlCacheBehavior [ RunTime:0.003001s ]
INFO: [ app_begin ] --END-- [ RunTime:0.003001s ]
ERR: 非法操作:script

[ 2016-03-19T02:15:45+08:00 ] 127.0.0.1 /Airblog/Public/script/zabuto_calendar.min.js
INFO: [ app_init ] --START--
INFO: Run Behavior\BuildLiteBehavior [ RunTime:0.000000s ]
INFO: [ app_init ] --END-- [ RunTime:0.003000s ]
INFO: [ app_begin ] --START--
INFO: Run Behavior\ReadHtmlCacheBehavior [ RunTime:0.010000s ]
INFO: [ app_begin ] --END-- [ RunTime:0.010000s ]
ERR: 非法操作:script

[ 2016-03-19T02:15:45+08:00 ] 127.0.0.1 /Airblog/Public/script/jquery.flot.stack.js
INFO: [ app_init ] --START--
INFO: Run Behavior\BuildLiteBehavior [ RunTime:0.000000s ]
INFO: [ app_init ] --END-- [ RunTime:0.002000s ]
INFO: [ app_begin ] --START--
INFO: Run Behavior\ReadHtmlCacheBehavior [ RunTime:0.359020s ]
INFO: [ app_begin ] --END-- [ RunTime:0.359020s ]
ERR: 非法操作:script

[ 2016-03-19T02:15:45+08:00 ] 127.0.0.1 /Airblog/Public/script/index.js
INFO: [ app_init ] --START--
INFO: Run Behavior\BuildLiteBehavior [ RunTime:0.000000s ]
INFO: [ app_init ] --END-- [ RunTime:0.008001s ]
INFO: [ app_begin ] --START--
INFO: Run Behavior\ReadHtmlCacheBehavior [ RunTime:0.011001s ]
INFO: [ app_begin ] --END-- [ RunTime:0.012001s ]
ERR: 非法操作:script

[ 2016-03-19T02:15:45+08:00 ] 127.0.0.1 /Airblog/Public/script/jquery.flot.pie.js
INFO: [ app_init ] --START--
INFO: Run Behavior\BuildLiteBehavior [ RunTime:0.001000s ]
INFO: [ app_init ] --END-- [ RunTime:0.003000s ]
INFO: [ app_begin ] --START--
INFO: Run Behavior\ReadHtmlCacheBehavior [ RunTime:0.004000s ]
INFO: [ app_begin ] --END-- [ RunTime:0.006000s ]
ERR: 非法操作:script

[ 2016-03-19T02:17:14+08:00 ] 127.0.0.1 /Airblog/Public/bootstrap.min.css
INFO: [ app_init ] --START--
INFO: Run Behavior\BuildLiteBehavior [ RunTime:0.000000s ]
INFO: [ app_init ] --END-- [ RunTime:0.008000s ]
INFO: [ app_begin ] --START--
INFO: Run Behavior\ReadHtmlCacheBehavior [ RunTime:0.005001s ]
INFO: [ app_begin ] --END-- [ RunTime:0.006001s ]
ERR: 非法操作:bootstrap.min.css

[ 2016-03-19T02:17:55+08:00 ] 127.0.0.1 /Airblog/Public/bootstrap.min.css
INFO: [ app_init ] --START--
INFO: Run Behavior\BuildLiteBehavior [ RunTime:0.000000s ]
INFO: [ app_init ] --END-- [ RunTime:0.003000s ]
INFO: [ app_begin ] --START--
INFO: Run Behavior\ReadHtmlCacheBehavior [ RunTime:0.005000s ]
INFO: [ app_begin ] --END-- [ RunTime:0.005000s ]
ERR: 非法操作:bootstrap.min.css

[ 2016-03-19T02:21:22+08:00 ] 127.0.0.1 /Airblog/Public/js/jquery-1.10.2.min.js
INFO: [ app_init ] --START--
INFO: Run Behavior\BuildLiteBehavior [ RunTime:0.000000s ]
INFO: [ app_init ] --END-- [ RunTime:0.489028s ]
INFO: [ app_begin ] --START--
INFO: Run Behavior\ReadHtmlCacheBehavior [ RunTime:0.003000s ]
INFO: [ app_begin ] --END-- [ RunTime:0.003000s ]
ERR: 非法操作:js

[ 2016-03-19T02:21:39+08:00 ] 127.0.0.1 /Airblog/Public/js/jquery-1.10.2.min.js
INFO: [ app_init ] --START--
INFO: Run Behavior\BuildLiteBehavior [ RunTime:0.000000s ]
INFO: [ app_init ] --END-- [ RunTime:0.002000s ]
INFO: [ app_begin ] --START--
INFO: Run Behavior\ReadHtmlCacheBehavior [ RunTime:0.004000s ]
INFO: [ app_begin ] --END-- [ RunTime:0.004000s ]
ERR: 非法操作:js

[ 2016-03-19T02:22:17+08:00 ] 127.0.0.1 /Airblog/Public/js/jquery-1.10.2.min.js
INFO: [ app_init ] --START--
INFO: Run Behavior\BuildLiteBehavior [ RunTime:0.000000s ]
INFO: [ app_init ] --END-- [ RunTime:0.004000s ]
INFO: [ app_begin ] --START--
INFO: Run Behavior\ReadHtmlCacheBehavior [ RunTime:0.003000s ]
INFO: [ app_begin ] --END-- [ RunTime:0.003000s ]
ERR: 非法操作:js

[ 2016-03-19T02:22:26+08:00 ] 127.0.0.1 /Airblog/Public/js/jquery-1.10.2.min.js
INFO: [ app_init ] --START--
INFO: Run Behavior\BuildLiteBehavior [ RunTime:0.000000s ]
INFO: [ app_init ] --END-- [ RunTime:0.034002s ]
INFO: [ app_begin ] --START--
INFO: Run Behavior\ReadHtmlCacheBehavior [ RunTime:0.020001s ]
INFO: [ app_begin ] --END-- [ RunTime:0.023001s ]
ERR: 非法操作:js

[ 2016-03-19T02:22:30+08:00 ] 127.0.0.1 /Airblog/Public/js/jquery-1.10.2.min.js
INFO: [ app_init ] --START--
INFO: Run Behavior\BuildLiteBehavior [ RunTime:0.000000s ]
INFO: [ app_init ] --END-- [ RunTime:0.002000s ]
INFO: [ app_begin ] --START--
INFO: Run Behavior\ReadHtmlCacheBehavior [ RunTime:0.003000s ]
INFO: [ app_begin ] --END-- [ RunTime:0.003000s ]
ERR: 非法操作:js

[ 2016-03-19T02:23:56+08:00 ] 127.0.0.1 /Airblog/Public/js/jquery-1.10.2.min.js
INFO: [ app_init ] --START--
INFO: Run Behavior\BuildLiteBehavior [ RunTime:0.000000s ]
INFO: [ app_init ] --END-- [ RunTime:0.002000s ]
INFO: [ app_begin ] --START--
INFO: Run Behavior\ReadHtmlCacheBehavior [ RunTime:0.004000s ]
INFO: [ app_begin ] --END-- [ RunTime:0.004000s ]
ERR: 非法操作:js

[ 2016-03-19T02:23:56+08:00 ] 127.0.0.1 /Airblog/Application/Admin/View/Public/js/index.js
INFO: [ app_init ] --START--
INFO: Run Behavior\BuildLiteBehavior [ RunTime:0.000000s ]
INFO: [ app_init ] --END-- [ RunTime:0.077005s ]
INFO: [ app_begin ] --START--
INFO: Run Behavior\ReadHtmlCacheBehavior [ RunTime:0.018001s ]
INFO: [ app_begin ] --END-- [ RunTime:0.019001s ]
ERR: 非法操作:Admin

[ 2016-03-19T02:24:04+08:00 ] 127.0.0.1 /Airblog/Public/js/jquery-1.10.2.min.js
INFO: [ app_init ] --START--
INFO: Run Behavior\BuildLiteBehavior [ RunTime:0.001000s ]
INFO: [ app_init ] --END-- [ RunTime:0.005000s ]
INFO: [ app_begin ] --START--
INFO: Run Behavior\ReadHtmlCacheBehavior [ RunTime:0.005000s ]
INFO: [ app_begin ] --END-- [ RunTime:0.005000s ]
ERR: 非法操作:js

[ 2016-03-19T02:24:04+08:00 ] 127.0.0.1 /Airblog/Application/Admin/View/Public/js/index.js
INFO: [ app_init ] --START--
INFO: Run Behavior\BuildLiteBehavior [ RunTime:0.000000s ]
INFO: [ app_init ] --END-- [ RunTime:0.002000s ]
INFO: [ app_begin ] --START--
INFO: Run Behavior\ReadHtmlCacheBehavior [ RunTime:0.003000s ]
INFO: [ app_begin ] --END-- [ RunTime:0.003000s ]
ERR: 非法操作:Admin

[ 2016-03-19T02:25:17+08:00 ] 127.0.0.1 /Airblog/Application/Admin/View/Public/js/index.js
INFO: [ app_init ] --START--
INFO: Run Behavior\BuildLiteBehavior [ RunTime:0.000000s ]
INFO: [ app_init ] --END-- [ RunTime:0.004000s ]
INFO: [ app_begin ] --START--
INFO: Run Behavior\ReadHtmlCacheBehavior [ RunTime:0.082005s ]
INFO: [ app_begin ] --END-- [ RunTime:0.082005s ]
ERR: 非法操作:Admin

[ 2016-03-19T02:25:17+08:00 ] 127.0.0.1 /Airblog/Public/js/jquery-1.10.2.min.js
INFO: [ app_init ] --START--
INFO: Run Behavior\BuildLiteBehavior [ RunTime:0.000000s ]
INFO: [ app_init ] --END-- [ RunTime:0.003000s ]
INFO: [ app_begin ] --START--
INFO: Run Behavior\ReadHtmlCacheBehavior [ RunTime:0.014001s ]
INFO: [ app_begin ] --END-- [ RunTime:0.014001s ]
ERR: 非法操作:js

[ 2016-03-19T02:25:54+08:00 ] 127.0.0.1 /Airblog/Public/js/jquery-1.10.2.min.js
INFO: [ app_init ] --START--
INFO: Run Behavior\BuildLiteBehavior [ RunTime:0.000000s ]
INFO: [ app_init ] --END-- [ RunTime:0.006000s ]
INFO: [ app_begin ] --START--
INFO: Run Behavior\ReadHtmlCacheBehavior [ RunTime:0.007000s ]
INFO: [ app_begin ] --END-- [ RunTime:0.007000s ]
ERR: 非法操作:js

[ 2016-03-19T02:25:54+08:00 ] 127.0.0.1 /Airblog/Application/Admin/View/Public/js/index.js
INFO: [ app_init ] --START--
INFO: Run Behavior\BuildLiteBehavior [ RunTime:0.000000s ]
INFO: [ app_init ] --END-- [ RunTime:0.001000s ]
INFO: [ app_begin ] --START--
INFO: Run Behavior\ReadHtmlCacheBehavior [ RunTime:0.004000s ]
INFO: [ app_begin ] --END-- [ RunTime:0.005000s ]
ERR: 非法操作:Admin

[ 2016-03-19T02:36:51+08:00 ] 127.0.0.1 /Airblog/Public/js/jquery-1.10.2.min.js
INFO: [ app_init ] --START--
INFO: Run Behavior\BuildLiteBehavior [ RunTime:0.000000s ]
INFO: [ app_init ] --END-- [ RunTime:0.002000s ]
INFO: [ app_begin ] --START--
INFO: Run Behavior\ReadHtmlCacheBehavior [ RunTime:0.003000s ]
INFO: [ app_begin ] --END-- [ RunTime:0.003000s ]
ERR: 非法操作:js

[ 2016-03-19T02:36:52+08:00 ] 127.0.0.1 /Airblog/Application/Admin/View/Public/js/index.js
INFO: [ app_init ] --START--
INFO: Run Behavior\BuildLiteBehavior [ RunTime:0.000000s ]
INFO: [ app_init ] --END-- [ RunTime:0.002000s ]
INFO: [ app_begin ] --START--
INFO: Run Behavior\ReadHtmlCacheBehavior [ RunTime:0.003000s ]
INFO: [ app_begin ] --END-- [ RunTime:0.005000s ]
ERR: 非法操作:Admin

[ 2016-03-19T02:36:57+08:00 ] 127.0.0.1 /Airblog/Public/js/jquery-1.10.2.min.js
INFO: [ app_init ] --START--
INFO: Run Behavior\BuildLiteBehavior [ RunTime:0.001000s ]
INFO: [ app_init ] --END-- [ RunTime:0.003000s ]
INFO: [ app_begin ] --START--
INFO: Run Behavior\ReadHtmlCacheBehavior [ RunTime:0.002000s ]
INFO: [ app_begin ] --END-- [ RunTime:0.003000s ]
ERR: 非法操作:js

[ 2016-03-19T02:36:57+08:00 ] 127.0.0.1 /Airblog/Application/Admin/View/Public/js/index.js
INFO: [ app_init ] --START--
INFO: Run Behavior\BuildLiteBehavior [ RunTime:0.000000s ]
INFO: [ app_init ] --END-- [ RunTime:0.002000s ]
INFO: [ app_begin ] --START--
INFO: Run Behavior\ReadHtmlCacheBehavior [ RunTime:0.003000s ]
INFO: [ app_begin ] --END-- [ RunTime:0.004000s ]
ERR: 非法操作:Admin

[ 2016-03-19T02:41:03+08:00 ] 127.0.0.1 /Airblog/Application/Admin/View/Public/js/main.js
INFO: [ app_init ] --START--
INFO: Run Behavior\BuildLiteBehavior [ RunTime:0.000000s ]
INFO: [ app_init ] --END-- [ RunTime:0.005000s ]
INFO: [ app_begin ] --START--
INFO: Run Behavior\ReadHtmlCacheBehavior [ RunTime:0.003000s ]
INFO: [ app_begin ] --END-- [ RunTime:0.004000s ]
ERR: 非法操作:Admin

[ 2016-03-19T02:41:03+08:00 ] 127.0.0.1 /Airblog/Public/styles/bootstrap.min.css
INFO: [ app_init ] --START--
INFO: Run Behavior\BuildLiteBehavior [ RunTime:0.000000s ]
INFO: [ app_init ] --END-- [ RunTime:0.005000s ]
INFO: [ app_begin ] --START--
INFO: Run Behavior\ReadHtmlCacheBehavior [ RunTime:0.004000s ]
INFO: [ app_begin ] --END-- [ RunTime:0.005000s ]
ERR: 非法操作:styles

[ 2016-03-19T02:41:03+08:00 ] 127.0.0.1 /Airblog/Public/js/jquery-1.10.2.min.js
INFO: [ app_init ] --START--
INFO: Run Behavior\BuildLiteBehavior [ RunTime:0.000000s ]
INFO: [ app_init ] --END-- [ RunTime:0.002000s ]
INFO: [ app_begin ] --START--
INFO: Run Behavior\ReadHtmlCacheBehavior [ RunTime:0.004000s ]
INFO: [ app_begin ] --END-- [ RunTime:0.004000s ]
ERR: 非法操作:js

[ 2016-03-19T02:41:03+08:00 ] 127.0.0.1 /Airblog/Application/Admin/View/Public/js/index.js
INFO: [ app_init ] --START--
INFO: Run Behavior\BuildLiteBehavior [ RunTime:0.000000s ]
INFO: [ app_init ] --END-- [ RunTime:0.002000s ]
INFO: [ app_begin ] --START--
INFO: Run Behavior\ReadHtmlCacheBehavior [ RunTime:0.093006s ]
INFO: [ app_begin ] --END-- [ RunTime:0.093006s ]
ERR: 非法操作:Admin

[ 2016-03-19T02:41:28+08:00 ] 127.0.0.1 /Airblog/Public/js/jquery-1.10.2.min.js
INFO: [ app_init ] --START--
INFO: Run Behavior\BuildLiteBehavior [ RunTime:0.000000s ]
INFO: [ app_init ] --END-- [ RunTime:0.001000s ]
INFO: [ app_begin ] --START--
INFO: Run Behavior\ReadHtmlCacheBehavior [ RunTime:0.002000s ]
INFO: [ app_begin ] --END-- [ RunTime:0.003000s ]
ERR: 非法操作:js

[ 2016-03-19T02:41:29+08:00 ] 127.0.0.1 /Airblog/Application/Admin/View/Public/js/main.js
INFO: [ app_init ] --START--
INFO: Run Behavior\BuildLiteBehavior [ RunTime:0.244014s ]
INFO: [ app_init ] --END-- [ RunTime:0.247014s ]
INFO: [ app_begin ] --START--
INFO: Run Behavior\ReadHtmlCacheBehavior [ RunTime:0.006001s ]
INFO: [ app_begin ] --END-- [ RunTime:0.006001s ]
ERR: 非法操作:Admin

[ 2016-03-19T02:41:29+08:00 ] 127.0.0.1 /Airblog/Application/Admin/View/Public/js/index.js
INFO: [ app_init ] --START--
INFO: Run Behavior\BuildLiteBehavior [ RunTime:0.000000s ]
INFO: [ app_init ] --END-- [ RunTime:0.002000s ]
INFO: [ app_begin ] --START--
INFO: Run Behavior\ReadHtmlCacheBehavior [ RunTime:0.005000s ]
INFO: [ app_begin ] --END-- [ RunTime:0.006000s ]
ERR: 非法操作:Admin

[ 2016-03-19T02:42:40+08:00 ] 127.0.0.1 /Airblog/Application/Admin/View/Public/js/main.js
INFO: [ app_init ] --START--
INFO: Run Behavior\BuildLiteBehavior [ RunTime:0.000000s ]
INFO: [ app_init ] --END-- [ RunTime:0.002000s ]
INFO: [ app_begin ] --START--
INFO: Run Behavior\ReadHtmlCacheBehavior [ RunTime:0.005001s ]
INFO: [ app_begin ] --END-- [ RunTime:0.005001s ]
ERR: 非法操作:Admin

[ 2016-03-19T02:42:40+08:00 ] 127.0.0.1 /Airblog/Public/js/jquery-1.10.2.min.js
INFO: [ app_init ] --START--
INFO: Run Behavior\BuildLiteBehavior [ RunTime:0.000000s ]
INFO: [ app_init ] --END-- [ RunTime:0.004000s ]
INFO: [ app_begin ] --START--
INFO: Run Behavior\ReadHtmlCacheBehavior [ RunTime:0.085005s ]
INFO: [ app_begin ] --END-- [ RunTime:0.085005s ]
ERR: 非法操作:js

[ 2016-03-19T02:42:40+08:00 ] 127.0.0.1 /Airblog/Application/Admin/View/Public/js/index.js
INFO: [ app_init ] --START--
INFO: Run Behavior\BuildLiteBehavior [ RunTime:0.000000s ]
INFO: [ app_init ] --END-- [ RunTime:0.003000s ]
INFO: [ app_begin ] --START--
INFO: Run Behavior\ReadHtmlCacheBehavior [ RunTime:0.004000s ]
INFO: [ app_begin ] --END-- [ RunTime:0.004000s ]
ERR: 非法操作:Admin

[ 2016-03-19T02:42:47+08:00 ] 127.0.0.1 /Airblog/Application/Admin/View/Public/js/index.js
INFO: [ app_init ] --START--
INFO: Run Behavior\BuildLiteBehavior [ RunTime:0.000000s ]
INFO: [ app_init ] --END-- [ RunTime:0.002000s ]
INFO: [ app_begin ] --START--
INFO: Run Behavior\ReadHtmlCacheBehavior [ RunTime:0.002000s ]
INFO: [ app_begin ] --END-- [ RunTime:0.002000s ]
ERR: 非法操作:Admin

[ 2016-03-19T02:42:47+08:00 ] 127.0.0.1 /Airblog/Public/js/jquery-1.10.2.min.js
INFO: [ app_init ] --START--
INFO: Run Behavior\BuildLiteBehavior [ RunTime:0.000000s ]
INFO: [ app_init ] --END-- [ RunTime:0.007000s ]
INFO: [ app_begin ] --START--
INFO: Run Behavior\ReadHtmlCacheBehavior [ RunTime:0.003000s ]
INFO: [ app_begin ] --END-- [ RunTime:0.003000s ]
ERR: 非法操作:js

[ 2016-03-19T02:42:47+08:00 ] 127.0.0.1 /Airblog/Application/Admin/View/Public/js/main.js
INFO: [ app_init ] --START--
INFO: Run Behavior\BuildLiteBehavior [ RunTime:0.001000s ]
INFO: [ app_init ] --END-- [ RunTime:0.006000s ]
INFO: [ app_begin ] --START--
INFO: Run Behavior\ReadHtmlCacheBehavior [ RunTime:0.024002s ]
INFO: [ app_begin ] --END-- [ RunTime:0.024002s ]
ERR: 非法操作:Admin

[ 2016-03-19T02:43:10+08:00 ] 127.0.0.1 /Airblog/Application/Admin/View/Public/js/index.js
INFO: [ app_init ] --START--
INFO: Run Behavior\BuildLiteBehavior [ RunTime:0.000000s ]
INFO: [ app_init ] --END-- [ RunTime:0.003000s ]
INFO: [ app_begin ] --START--
INFO: Run Behavior\ReadHtmlCacheBehavior [ RunTime:0.004000s ]
INFO: [ app_begin ] --END-- [ RunTime:0.005001s ]
ERR: 非法操作:Admin

[ 2016-03-19T02:43:10+08:00 ] 127.0.0.1 /Airblog/Public/js/jquery-1.10.2.min.js
INFO: [ app_init ] --START--
INFO: Run Behavior\BuildLiteBehavior [ RunTime:0.001000s ]
INFO: [ app_init ] --END-- [ RunTime:0.003000s ]
INFO: [ app_begin ] --START--
INFO: Run Behavior\ReadHtmlCacheBehavior [ RunTime:0.039002s ]
INFO: [ app_begin ] --END-- [ RunTime:0.039002s ]
ERR: 非法操作:js

[ 2016-03-19T02:43:11+08:00 ] 127.0.0.1 /Airblog/Application/Admin/View/Public/js/main.js
INFO: [ app_init ] --START--
INFO: Run Behavior\BuildLiteBehavior [ RunTime:0.000000s ]
INFO: [ app_init ] --END-- [ RunTime:0.003000s ]
INFO: [ app_begin ] --START--
INFO: Run Behavior\ReadHtmlCacheBehavior [ RunTime:0.006001s ]
INFO: [ app_begin ] --END-- [ RunTime:0.007001s ]
ERR: 非法操作:Admin

[ 2016-03-19T02:43:44+08:00 ] 127.0.0.1 /Airblog/Application/Admin/View/Public/js/main.js
INFO: [ app_init ] --START--
INFO: Run Behavior\BuildLiteBehavior [ RunTime:0.000000s ]
INFO: [ app_init ] --END-- [ RunTime:0.002000s ]
INFO: [ app_begin ] --START--
INFO: Run Behavior\ReadHtmlCacheBehavior [ RunTime:0.006001s ]
INFO: [ app_begin ] --END-- [ RunTime:0.006001s ]
ERR: 非法操作:Admin

[ 2016-03-19T02:43:45+08:00 ] 127.0.0.1 /Airblog/Application/Admin/View/Public/js/index.js
INFO: [ app_init ] --START--
INFO: Run Behavior\BuildLiteBehavior [ RunTime:0.000000s ]
INFO: [ app_init ] --END-- [ RunTime:0.006001s ]
INFO: [ app_begin ] --START--
INFO: Run Behavior\ReadHtmlCacheBehavior [ RunTime:0.036003s ]
INFO: [ app_begin ] --END-- [ RunTime:0.037003s ]
ERR: 非法操作:Admin

[ 2016-03-19T02:43:51+08:00 ] 127.0.0.1 /Airblog/Application/Admin/View/Public/js/index.js
INFO: [ app_init ] --START--
INFO: Run Behavior\BuildLiteBehavior [ RunTime:0.000000s ]
INFO: [ app_init ] --END-- [ RunTime:0.002000s ]
INFO: [ app_begin ] --START--
INFO: Run Behavior\ReadHtmlCacheBehavior [ RunTime:0.004000s ]
INFO: [ app_begin ] --END-- [ RunTime:0.004000s ]
ERR: 非法操作:Admin

[ 2016-03-19T02:43:51+08:00 ] 127.0.0.1 /Airblog/Application/Admin/View/Public/js/main.js
INFO: [ app_init ] --START--
INFO: Run Behavior\BuildLiteBehavior [ RunTime:0.000000s ]
INFO: [ app_init ] --END-- [ RunTime:0.003000s ]
INFO: [ app_begin ] --START--
INFO: Run Behavior\ReadHtmlCacheBehavior [ RunTime:0.003000s ]
INFO: [ app_begin ] --END-- [ RunTime:0.004000s ]
ERR: 非法操作:Admin

[ 2016-03-19T02:44:53+08:00 ] 127.0.0.1 /Airblog/Application/Admin/View/Public/script/bootstrap-hover-dropdown.js
INFO: [ app_init ] --START--
INFO: Run Behavior\BuildLiteBehavior [ RunTime:0.000000s ]
INFO: [ app_init ] --END-- [ RunTime:0.003000s ]
INFO: [ app_begin ] --START--
INFO: Run Behavior\ReadHtmlCacheBehavior [ RunTime:0.003000s ]
INFO: [ app_begin ] --END-- [ RunTime:0.005000s ]
ERR: 非法操作:Admin

[ 2016-03-19T02:45:00+08:00 ] 127.0.0.1 /Airblog/Application/Admin/View/Public/script/bootstrap-hover-dropdown.js
INFO: [ app_init ] --START--
INFO: Run Behavior\BuildLiteBehavior [ RunTime:0.000000s ]
INFO: [ app_init ] --END-- [ RunTime:0.003000s ]
INFO: [ app_begin ] --START--
INFO: Run Behavior\ReadHtmlCacheBehavior [ RunTime:0.004001s ]
INFO: [ app_begin ] --END-- [ RunTime:0.004001s ]
ERR: 非法操作:Admin

[ 2016-03-19T02:57:22+08:00 ] 127.0.0.1 /Airblog/Public/images/avatar/a1.jpg
INFO: [ app_init ] --START--
INFO: Run Behavior\BuildLiteBehavior [ RunTime:0.000000s ]
INFO: [ app_init ] --END-- [ RunTime:0.002001s ]

[ 2016-03-19T03:01:46+08:00 ] 127.0.0.1 /Airblog/Public/images/avatar/a1.jpg
INFO: [ app_init ] --START--
INFO: Run Behavior\BuildLiteBehavior [ RunTime:0.000000s ]
INFO: [ app_init ] --END-- [ RunTime:0.003000s ]

[ 2016-03-19T03:02:00+08:00 ] 127.0.0.1 /Airblog/Public/images/avatar/a1.jpg
INFO: [ app_init ] --START--
INFO: Run Behavior\BuildLiteBehavior [ RunTime:0.000000s ]
INFO: [ app_init ] --END-- [ RunTime:0.002000s ]

[ 2016-03-19T03:02:04+08:00 ] 127.0.0.1 /Airblog/Public/images/avatar/a1.jpg
INFO: [ app_init ] --START--
INFO: Run Behavior\BuildLiteBehavior [ RunTime:0.000000s ]
INFO: [ app_init ] --END-- [ RunTime:0.004001s ]

[ 2016-03-19T03:02:08+08:00 ] 127.0.0.1 /Airblog/Public/images/avatar/a1.jpg
INFO: [ app_init ] --START--
INFO: Run Behavior\BuildLiteBehavior [ RunTime:0.000000s ]
INFO: [ app_init ] --END-- [ RunTime:0.003000s ]

[ 2016-03-19T03:02:55+08:00 ] 127.0.0.1 /Airblog/Public/images/avatar/a1.jpg
INFO: [ app_init ] --START--
INFO: Run Behavior\BuildLiteBehavior [ RunTime:0.000000s ]
INFO: [ app_init ] --END-- [ RunTime:0.003000s ]

[ 2016-03-19T03:02:59+08:00 ] 127.0.0.1 /Airblog/Public/images/avatar/a1.jpg
INFO: [ app_init ] --START--
INFO: Run Behavior\BuildLiteBehavior [ RunTime:0.000000s ]
INFO: [ app_init ] --END-- [ RunTime:0.002000s ]

[ 2016-03-19T03:03:04+08:00 ] 127.0.0.1 /Airblog/Public/images/avatar/a1.jpg
INFO: [ app_init ] --START--
INFO: Run Behavior\BuildLiteBehavior [ RunTime:0.001000s ]
INFO: [ app_init ] --END-- [ RunTime:0.002000s ]

[ 2016-03-19T03:03:07+08:00 ] 127.0.0.1 /Airblog/Public/images/avatar/a1.jpg
INFO: [ app_init ] --START--
INFO: Run Behavior\BuildLiteBehavior [ RunTime:0.000000s ]
INFO: [ app_init ] --END-- [ RunTime:0.002000s ]

[ 2016-03-19T03:09:00+08:00 ] 127.0.0.1 /Airblog/Public/images/avatar/a1.jpg
INFO: [ app_init ] --START--
INFO: Run Behavior\BuildLiteBehavior [ RunTime:0.000000s ]
INFO: [ app_init ] --END-- [ RunTime:0.003000s ]

[ 2016-03-19T03:14:08+08:00 ] 127.0.0.1 /Airblog/Public/images/avatar/a1.jpg
INFO: [ app_init ] --START--
INFO: Run Behavior\BuildLiteBehavior [ RunTime:0.000000s ]
INFO: [ app_init ] --END-- [ RunTime:0.002000s ]

[ 2016-03-19T03:16:32+08:00 ] 127.0.0.1 /Airblog/Public/images/avatar/a1.jpg
INFO: [ app_init ] --START--
INFO: Run Behavior\BuildLiteBehavior [ RunTime:0.000000s ]
INFO: [ app_init ] --END-- [ RunTime:0.007001s ]

