[ 2016-04-07T16:01:57+08:00 ] 127.0.0.1 /Airblog/
INFO: [ app_init ] --START--
INFO: Run Behavior\BuildLiteBehavior [ RunTime:0.000000s ]
INFO: [ app_init ] --END-- [ RunTime:0.030002s ]
INFO: [ app_begin ] --START--
INFO: Run Behavior\ReadHtmlCacheBehavior [ RunTime:0.019001s ]
INFO: [ app_begin ] --END-- [ RunTime:0.020001s ]
SQL: SHOW COLUMNS FROM `bg_link` [ RunTime:0.0440s ]
SQL: SELECT `name`,`link_url` FROM `bg_link` WHERE `status` = 1  [ RunTime:0.0250s ]
SQL: SHOW COLUMNS FROM `bg_blog` [ RunTime:0.0760s ]
SQL: SELECT `id`,`title`,`thumb`,`create_time` FROM `bg_blog` WHERE `status` = 1 ORDER BY view_count DESC LIMIT 10   [ RunTime:0.0030s ]
SQL: SHOW COLUMNS FROM `bg_tag` [ RunTime:0.0300s ]
SQL: SELECT `id`,`name` FROM `bg_tag` WHERE `status` = 1 ORDER BY sort ASC,create_time DESC LIMIT 20   [ RunTime:0.0040s ]
SQL: SELECT COUNT(*) AS tp_count FROM `bg_blog` WHERE `status` = 1 LIMIT 1   [ RunTime:0.0010s ]
SQL: SELECT `id`,`title`,`thumb`,`blog_info`,`create_time`,`edit_time`,`auther` FROM `bg_blog` WHERE `status` = 1 ORDER BY recommend DESC,id DESC LIMIT 0,10   [ RunTime:0.0020s ]
INFO: [ view_parse ] --START--
INFO: [ template_filter ] --START--
INFO: Run Behavior\ContentReplaceBehavior [ RunTime:0.000000s ]
INFO: [ template_filter ] --END-- [ RunTime:0.000000s ]
NOTIC: [8] A non well formed numeric value encountered D:\download\apache\htdocs\Airblog\Runtime\Cache\Home\2a94b8bda04ff446dcedd42276fc99ee.php 第 137 行.
NOTIC: [8] A non well formed numeric value encountered D:\download\apache\htdocs\Airblog\Runtime\Cache\Home\2a94b8bda04ff446dcedd42276fc99ee.php 第 137 行.
NOTIC: [8] A non well formed numeric value encountered D:\download\apache\htdocs\Airblog\Runtime\Cache\Home\2a94b8bda04ff446dcedd42276fc99ee.php 第 137 行.
NOTIC: [8] A non well formed numeric value encountered D:\download\apache\htdocs\Airblog\Runtime\Cache\Home\2a94b8bda04ff446dcedd42276fc99ee.php 第 137 行.
NOTIC: [8] A non well formed numeric value encountered D:\download\apache\htdocs\Airblog\Runtime\Cache\Home\2a94b8bda04ff446dcedd42276fc99ee.php 第 137 行.
NOTIC: [8] A non well formed numeric value encountered D:\download\apache\htdocs\Airblog\Runtime\Cache\Home\2a94b8bda04ff446dcedd42276fc99ee.php 第 137 行.
NOTIC: [8] A non well formed numeric value encountered D:\download\apache\htdocs\Airblog\Runtime\Cache\Home\2a94b8bda04ff446dcedd42276fc99ee.php 第 137 行.
INFO: Run Behavior\ParseTemplateBehavior [ RunTime:0.202012s ]
INFO: [ view_parse ] --END-- [ RunTime:0.202012s ]
INFO: [ view_filter ] --START--
INFO: Run Behavior\WriteHtmlCacheBehavior [ RunTime:0.010000s ]
INFO: [ view_filter ] --END-- [ RunTime:0.010000s ]
INFO: [ app_end ] --START--
INFO: Run Behavior\ShowPageTraceBehavior [ RunTime:0.030001s ]
INFO: [ app_end ] --END-- [ RunTime:0.031002s ]

[ 2016-04-07T16:02:04+08:00 ] 127.0.0.1 /Airblog/Home/Login/index.html
INFO: [ app_init ] --START--
INFO: Run Behavior\BuildLiteBehavior [ RunTime:0.000000s ]
INFO: [ app_init ] --END-- [ RunTime:0.004000s ]
INFO: [ app_begin ] --START--
INFO: Run Behavior\ReadHtmlCacheBehavior [ RunTime:0.007000s ]
INFO: [ app_begin ] --END-- [ RunTime:0.007000s ]
SQL: SHOW COLUMNS FROM `bg_user` [ RunTime:0.0110s ]
SQL: SHOW COLUMNS FROM `bg_user_info` [ RunTime:0.0870s ]
INFO: [ view_parse ] --START--
INFO: [ template_filter ] --START--
INFO: Run Behavior\ContentReplaceBehavior [ RunTime:0.000000s ]
INFO: [ template_filter ] --END-- [ RunTime:0.000000s ]
INFO: Run Behavior\ParseTemplateBehavior [ RunTime:0.056003s ]
INFO: [ view_parse ] --END-- [ RunTime:0.057003s ]
INFO: [ view_filter ] --START--
INFO: Run Behavior\WriteHtmlCacheBehavior [ RunTime:0.002000s ]
INFO: [ view_filter ] --END-- [ RunTime:0.002000s ]
INFO: [ app_end ] --START--
INFO: Run Behavior\ShowPageTraceBehavior [ RunTime:0.004000s ]
INFO: [ app_end ] --END-- [ RunTime:0.005001s ]

[ 2016-04-07T16:02:10+08:00 ] 127.0.0.1 /Airblog/Home/Login/login_run.html
INFO: [ app_init ] --START--
INFO: Run Behavior\BuildLiteBehavior [ RunTime:0.000000s ]
INFO: [ app_init ] --END-- [ RunTime:0.003000s ]
INFO: [ app_begin ] --START--
INFO: Run Behavior\ReadHtmlCacheBehavior [ RunTime:0.003000s ]
INFO: [ app_begin ] --END-- [ RunTime:0.004000s ]
SQL: SHOW COLUMNS FROM `bg_user` [ RunTime:0.0080s ]
SQL: SHOW COLUMNS FROM `bg_user_info` [ RunTime:0.0110s ]
SQL: SELECT * FROM `bg_user` WHERE `nickname` = '阿尔维奇' AND `user_pass` = 'e10adc3949ba59abbe56e057f20f883e' AND `user_status` = 1 LIMIT 1   [ RunTime:0.0030s ]
SQL: SELECT `login_time`,`login_ip` FROM `bg_user_info` WHERE `user_id` = 1 LIMIT 1   [ RunTime:0.0010s ]
SQL: UPDATE `bg_user_info` SET `login_time`='1460016130',`login_ip`='2130706433',`last_time`='1459434952',`last_ip`='2130706433' WHERE `user_id` = 1 [ RunTime:0.0350s ]

[ 2016-04-07T16:02:12+08:00 ] 127.0.0.1 /Airblog/Home/Index/index.html
INFO: [ app_init ] --START--
INFO: Run Behavior\BuildLiteBehavior [ RunTime:0.000000s ]
INFO: [ app_init ] --END-- [ RunTime:0.002001s ]
INFO: [ app_begin ] --START--
INFO: Run Behavior\ReadHtmlCacheBehavior [ RunTime:0.003001s ]
INFO: [ app_begin ] --END-- [ RunTime:0.003001s ]
SQL: SHOW COLUMNS FROM `bg_link` [ RunTime:0.0090s ]
SQL: SELECT `name`,`link_url` FROM `bg_link` WHERE `status` = 1  [ RunTime:0.0050s ]
SQL: SHOW COLUMNS FROM `bg_blog` [ RunTime:0.0090s ]
SQL: SELECT `id`,`title`,`thumb`,`create_time` FROM `bg_blog` WHERE `status` = 1 ORDER BY view_count DESC LIMIT 10   [ RunTime:0.0030s ]
SQL: SHOW COLUMNS FROM `bg_tag` [ RunTime:0.0090s ]
SQL: SELECT `id`,`name` FROM `bg_tag` WHERE `status` = 1 ORDER BY sort ASC,create_time DESC LIMIT 20   [ RunTime:0.0050s ]
SQL: SELECT COUNT(*) AS tp_count FROM `bg_blog` WHERE `status` = 1 LIMIT 1   [ RunTime:0.0010s ]
SQL: SELECT `id`,`title`,`thumb`,`blog_info`,`create_time`,`edit_time`,`auther` FROM `bg_blog` WHERE `status` = 1 ORDER BY recommend DESC,id DESC LIMIT 0,10   [ RunTime:0.0010s ]
INFO: [ view_parse ] --START--
INFO: [ template_filter ] --START--
INFO: Run Behavior\ContentReplaceBehavior [ RunTime:0.000000s ]
INFO: [ template_filter ] --END-- [ RunTime:0.000000s ]
NOTIC: [8] A non well formed numeric value encountered D:\download\apache\htdocs\Airblog\Runtime\Cache\Home\2a94b8bda04ff446dcedd42276fc99ee.php 第 137 行.
NOTIC: [8] A non well formed numeric value encountered D:\download\apache\htdocs\Airblog\Runtime\Cache\Home\2a94b8bda04ff446dcedd42276fc99ee.php 第 137 行.
NOTIC: [8] A non well formed numeric value encountered D:\download\apache\htdocs\Airblog\Runtime\Cache\Home\2a94b8bda04ff446dcedd42276fc99ee.php 第 137 行.
NOTIC: [8] A non well formed numeric value encountered D:\download\apache\htdocs\Airblog\Runtime\Cache\Home\2a94b8bda04ff446dcedd42276fc99ee.php 第 137 行.
NOTIC: [8] A non well formed numeric value encountered D:\download\apache\htdocs\Airblog\Runtime\Cache\Home\2a94b8bda04ff446dcedd42276fc99ee.php 第 137 行.
NOTIC: [8] A non well formed numeric value encountered D:\download\apache\htdocs\Airblog\Runtime\Cache\Home\2a94b8bda04ff446dcedd42276fc99ee.php 第 137 行.
NOTIC: [8] A non well formed numeric value encountered D:\download\apache\htdocs\Airblog\Runtime\Cache\Home\2a94b8bda04ff446dcedd42276fc99ee.php 第 137 行.
INFO: Run Behavior\ParseTemplateBehavior [ RunTime:0.077005s ]
INFO: [ view_parse ] --END-- [ RunTime:0.077005s ]
INFO: [ view_filter ] --START--
INFO: Run Behavior\WriteHtmlCacheBehavior [ RunTime:0.003000s ]
INFO: [ view_filter ] --END-- [ RunTime:0.003000s ]
INFO: [ app_end ] --START--
INFO: Run Behavior\ShowPageTraceBehavior [ RunTime:0.007000s ]
INFO: [ app_end ] --END-- [ RunTime:0.007000s ]

