[ 2016-04-08T23:36:40+08:00 ] 127.0.0.1 /Airblog/Admin/Index/index.html
INFO: [ app_init ] --START--
INFO: Run Behavior\BuildLiteBehavior [ RunTime:0.000000s ]
INFO: [ app_init ] --END-- [ RunTime:0.002500s ]
INFO: [ app_begin ] --START--
INFO: Run Behavior\ReadHtmlCacheBehavior [ RunTime:0.002500s ]
INFO: [ app_begin ] --END-- [ RunTime:0.003000s ]
SQL: SHOW COLUMNS FROM `bg_auth_group_access` [ RunTime:0.0120s ]
SQL: SELECT `uid`,`group_id`,`title`,`rules` FROM bg_auth_group_access a INNER JOIN bg_auth_group g on a.group_id=g.id  WHERE ( a.uid='1' and g.status='1' )  [ RunTime:0.0125s ]
SQL: SHOW COLUMNS FROM `bg_auth_rule` [ RunTime:0.0140s ]
SQL: SELECT `condition`,`name` FROM `bg_auth_rule` WHERE `id` IN ('1','2','3','4','5','6') AND `type` = 1 AND `status` = 1  [ RunTime:0.0060s ]
SQL: SHOW COLUMNS FROM `bg_user` [ RunTime:0.0105s ]
SQL: SELECT * FROM `bg_user` WHERE `id` = 1 AND `user_type` = 0 LIMIT 1   [ RunTime:0.0070s ]
INFO: [ view_parse ] --START--
INFO: [ template_filter ] --START--
INFO: Run Behavior\ContentReplaceBehavior [ RunTime:0.000000s ]
INFO: [ template_filter ] --END-- [ RunTime:0.001000s ]
INFO: Run Behavior\ParseTemplateBehavior [ RunTime:0.114514s ]
INFO: [ view_parse ] --END-- [ RunTime:0.117515s ]
INFO: [ view_filter ] --START--
INFO: Run Behavior\WriteHtmlCacheBehavior [ RunTime:0.003000s ]
INFO: [ view_filter ] --END-- [ RunTime:0.003500s ]
INFO: [ app_end ] --START--
INFO: Run Behavior\ShowPageTraceBehavior [ RunTime:0.003501s ]
INFO: [ app_end ] --END-- [ RunTime:0.003501s ]

[ 2016-04-08T23:36:44+08:00 ] 127.0.0.1 /Airblog/Admin/User/index.html
INFO: [ app_init ] --START--
INFO: Run Behavior\BuildLiteBehavior [ RunTime:0.000000s ]
INFO: [ app_init ] --END-- [ RunTime:0.002501s ]
INFO: [ app_begin ] --START--
INFO: Run Behavior\ReadHtmlCacheBehavior [ RunTime:0.002500s ]
INFO: [ app_begin ] --END-- [ RunTime:0.003000s ]
SQL: SHOW COLUMNS FROM `bg_auth_group_access` [ RunTime:0.0125s ]
SQL: SELECT `uid`,`group_id`,`title`,`rules` FROM bg_auth_group_access a INNER JOIN bg_auth_group g on a.group_id=g.id  WHERE ( a.uid='1' and g.status='1' )  [ RunTime:0.0060s ]
SQL: SHOW COLUMNS FROM `bg_auth_rule` [ RunTime:0.0160s ]
SQL: SELECT `condition`,`name` FROM `bg_auth_rule` WHERE `id` IN ('1','2','3','4','5','6') AND `type` = 1 AND `status` = 1  [ RunTime:0.0020s ]
INFO: [ view_parse ] --START--
INFO: [ template_filter ] --START--
INFO: Run Behavior\ContentReplaceBehavior [ RunTime:0.000000s ]
INFO: [ template_filter ] --END-- [ RunTime:0.000500s ]
INFO: Run Behavior\ParseTemplateBehavior [ RunTime:0.070009s ]
INFO: [ view_parse ] --END-- [ RunTime:0.070009s ]
INFO: [ view_filter ] --START--
INFO: Run Behavior\WriteHtmlCacheBehavior [ RunTime:0.003000s ]
INFO: [ view_filter ] --END-- [ RunTime:0.003000s ]

[ 2016-04-08T23:42:20+08:00 ] 127.0.0.1 /Airblog/Admin/User/index.html
INFO: [ app_init ] --START--
INFO: Run Behavior\BuildLiteBehavior [ RunTime:0.000000s ]
INFO: [ app_init ] --END-- [ RunTime:0.002500s ]
INFO: [ app_begin ] --START--
INFO: Run Behavior\ReadHtmlCacheBehavior [ RunTime:0.006001s ]
INFO: [ app_begin ] --END-- [ RunTime:0.006501s ]
SQL: SHOW COLUMNS FROM `bg_user` [ RunTime:0.0135s ]
SQL: SELECT * FROM `bg_user` WHERE `id` = 1 AND `user_type` = 0 LIMIT 1   [ RunTime:0.0035s ]
SQL: SELECT COUNT(*) AS tp_count FROM `bg_user` WHERE `user_type` = 0 AND `user_status` <> 2 LIMIT 1   [ RunTime:0.0025s ]
SQL: SELECT `id`,`nickname`,`user_email`,`user_pass`,`avatar`,`reg_token`,`user_status`,`user_type` FROM `bg_user` WHERE `user_type` = 0 AND `user_status` <> 2 ORDER BY id DESC LIMIT 0,10   [ RunTime:0.0010s ]
INFO: [ view_parse ] --START--
INFO: [ template_filter ] --START--
INFO: Run Behavior\ContentReplaceBehavior [ RunTime:0.001000s ]
INFO: [ template_filter ] --END-- [ RunTime:0.001000s ]
NOTIC: [8] Undefined index: user_type D:\download\apache\htdocs\Airblog\Runtime\Cache\Admin\65e605872ed5d34210f5b33beb13f5a3.php 第 173 行.
INFO: Run Behavior\ParseTemplateBehavior [ RunTime:0.073009s ]
INFO: [ view_parse ] --END-- [ RunTime:0.073009s ]
INFO: [ view_filter ] --START--
INFO: Run Behavior\WriteHtmlCacheBehavior [ RunTime:0.002500s ]
INFO: [ view_filter ] --END-- [ RunTime:0.002500s ]
INFO: [ app_end ] --START--
INFO: Run Behavior\ShowPageTraceBehavior [ RunTime:0.007501s ]
INFO: [ app_end ] --END-- [ RunTime:0.008001s ]

[ 2016-04-08T23:42:23+08:00 ] 127.0.0.1 /Airblog/Admin/Blog/index.html
INFO: [ app_init ] --START--
INFO: Run Behavior\BuildLiteBehavior [ RunTime:0.000000s ]
INFO: [ app_init ] --END-- [ RunTime:0.004501s ]
INFO: [ app_begin ] --START--
INFO: Run Behavior\ReadHtmlCacheBehavior [ RunTime:0.005000s ]
INFO: [ app_begin ] --END-- [ RunTime:0.005501s ]
SQL: SHOW COLUMNS FROM `bg_user` [ RunTime:0.0135s ]
SQL: SELECT * FROM `bg_user` WHERE `id` = 1 AND `user_type` = 0 LIMIT 1   [ RunTime:0.0045s ]
SQL: SHOW COLUMNS FROM `bg_blog` [ RunTime:0.0150s ]
SQL: SELECT COUNT(*) AS tp_count FROM `bg_blog` WHERE `status` <> 2 LIMIT 1   [ RunTime:0.0030s ]
SQL: SELECT `id`,`title`,`thumb`,`blog_info`,`content`,`tags`,`create_time`,`edit_time`,`status`,`auther`,`view_count`,`comment_count`,`recommend`,`user_id` FROM `bg_blog` WHERE `status` <> 2 ORDER BY recommend DESC,id DESC LIMIT 0,10   [ RunTime:0.0500s ]
INFO: [ view_parse ] --START--
INFO: [ template_filter ] --START--
INFO: Run Behavior\ContentReplaceBehavior [ RunTime:0.000500s ]
INFO: [ template_filter ] --END-- [ RunTime:0.001000s ]
INFO: Run Behavior\ParseTemplateBehavior [ RunTime:0.069509s ]
INFO: [ view_parse ] --END-- [ RunTime:0.070009s ]
INFO: [ view_filter ] --START--
INFO: Run Behavior\WriteHtmlCacheBehavior [ RunTime:0.002500s ]
INFO: [ view_filter ] --END-- [ RunTime:0.002500s ]
INFO: [ app_end ] --START--
INFO: Run Behavior\ShowPageTraceBehavior [ RunTime:0.003000s ]
INFO: [ app_end ] --END-- [ RunTime:0.003501s ]

[ 2016-04-08T23:42:25+08:00 ] 127.0.0.1 /Airblog/Admin/User/index.html
INFO: [ app_init ] --START--
INFO: Run Behavior\BuildLiteBehavior [ RunTime:0.000500s ]
INFO: [ app_init ] --END-- [ RunTime:0.003500s ]
INFO: [ app_begin ] --START--
INFO: Run Behavior\ReadHtmlCacheBehavior [ RunTime:0.003000s ]
INFO: [ app_begin ] --END-- [ RunTime:0.004001s ]
SQL: SHOW COLUMNS FROM `bg_user` [ RunTime:0.0115s ]
SQL: SELECT * FROM `bg_user` WHERE `id` = 1 AND `user_type` = 0 LIMIT 1   [ RunTime:0.0050s ]
SQL: SELECT COUNT(*) AS tp_count FROM `bg_user` WHERE `user_type` = 0 AND `user_status` <> 2 LIMIT 1   [ RunTime:0.0015s ]
SQL: SELECT `id`,`nickname`,`user_email`,`user_pass`,`avatar`,`reg_token`,`user_status`,`user_type` FROM `bg_user` WHERE `user_type` = 0 AND `user_status` <> 2 ORDER BY id DESC LIMIT 0,10   [ RunTime:0.0020s ]
INFO: [ view_parse ] --START--
INFO: [ template_filter ] --START--
INFO: Run Behavior\ContentReplaceBehavior [ RunTime:0.000500s ]
INFO: [ template_filter ] --END-- [ RunTime:0.000500s ]
NOTIC: [8] Undefined index: user_type D:\download\apache\htdocs\Airblog\Runtime\Cache\Admin\65e605872ed5d34210f5b33beb13f5a3.php 第 173 行.
INFO: Run Behavior\ParseTemplateBehavior [ RunTime:0.060008s ]
INFO: [ view_parse ] --END-- [ RunTime:0.060008s ]
INFO: [ view_filter ] --START--
INFO: Run Behavior\WriteHtmlCacheBehavior [ RunTime:0.002500s ]
INFO: [ view_filter ] --END-- [ RunTime:0.002500s ]
INFO: [ app_end ] --START--
INFO: Run Behavior\ShowPageTraceBehavior [ RunTime:0.005001s ]
INFO: [ app_end ] --END-- [ RunTime:0.005001s ]

[ 2016-04-08T23:48:38+08:00 ] 127.0.0.1 /Airblog/Admin/Common/logout.html
INFO: [ app_init ] --START--
INFO: Run Behavior\BuildLiteBehavior [ RunTime:0.000000s ]
INFO: [ app_init ] --END-- [ RunTime:0.003000s ]
INFO: [ app_begin ] --START--
INFO: Run Behavior\ReadHtmlCacheBehavior [ RunTime:0.003000s ]
INFO: [ app_begin ] --END-- [ RunTime:0.003500s ]
SQL: SHOW COLUMNS FROM `bg_user` [ RunTime:0.0145s ]
SQL: SELECT * FROM `bg_user` WHERE `id` = 1 AND `user_type` = 0 LIMIT 1   [ RunTime:0.0065s ]

[ 2016-04-08T23:48:39+08:00 ] 127.0.0.1 /Airblog/Admin/Login/index.html
INFO: [ app_init ] --START--
INFO: Run Behavior\BuildLiteBehavior [ RunTime:0.000500s ]
INFO: [ app_init ] --END-- [ RunTime:0.002000s ]
INFO: [ app_begin ] --START--
INFO: Run Behavior\ReadHtmlCacheBehavior [ RunTime:0.003001s ]
INFO: [ app_begin ] --END-- [ RunTime:0.003001s ]
SQL: SHOW COLUMNS FROM `bg_user` [ RunTime:0.0360s ]
SQL: SHOW COLUMNS FROM `bg_user_info` [ RunTime:0.0415s ]
INFO: [ view_parse ] --START--
INFO: [ template_filter ] --START--
INFO: Run Behavior\ContentReplaceBehavior [ RunTime:0.000000s ]
INFO: [ template_filter ] --END-- [ RunTime:0.000500s ]
INFO: Run Behavior\ParseTemplateBehavior [ RunTime:0.058007s ]
INFO: [ view_parse ] --END-- [ RunTime:0.059007s ]
INFO: [ view_filter ] --START--
INFO: Run Behavior\WriteHtmlCacheBehavior [ RunTime:0.002501s ]
INFO: [ view_filter ] --END-- [ RunTime:0.003001s ]
INFO: [ app_end ] --START--
INFO: Run Behavior\ShowPageTraceBehavior [ RunTime:0.010001s ]
INFO: [ app_end ] --END-- [ RunTime:0.010001s ]

[ 2016-04-08T23:48:47+08:00 ] 127.0.0.1 /Airblog/Admin/Login/login_run.html
INFO: [ app_init ] --START--
INFO: Run Behavior\BuildLiteBehavior [ RunTime:0.000000s ]
INFO: [ app_init ] --END-- [ RunTime:0.003000s ]
INFO: [ app_begin ] --START--
INFO: Run Behavior\ReadHtmlCacheBehavior [ RunTime:0.005000s ]
INFO: [ app_begin ] --END-- [ RunTime:0.005501s ]
SQL: SHOW COLUMNS FROM `bg_user` [ RunTime:0.0135s ]
SQL: SHOW COLUMNS FROM `bg_user_info` [ RunTime:0.0180s ]
SQL: SELECT * FROM `bg_user` WHERE `nickname` = '阿尔贝尔' AND `user_pass` = 'e10adc3949ba59abbe56e057f20f883e' AND `user_type` = 0 AND `user_status` = 1 LIMIT 1   [ RunTime:0.0035s ]
SQL: SELECT `login_time`,`login_ip` FROM `bg_user_info` WHERE `user_id` = 2 LIMIT 1   [ RunTime:0.0020s ]
SQL: UPDATE `bg_user_info` SET `login_time`='1460130527',`login_ip`='2130706433',`last_time`='1459338944',`last_ip`='2130706433' WHERE `user_id` = 2 [ RunTime:0.0025s ]

[ 2016-04-08T23:48:48+08:00 ] 127.0.0.1 /Airblog/Admin/Index/index.html
INFO: [ app_init ] --START--
INFO: Run Behavior\BuildLiteBehavior [ RunTime:0.000000s ]
INFO: [ app_init ] --END-- [ RunTime:0.002000s ]
INFO: [ app_begin ] --START--
INFO: Run Behavior\ReadHtmlCacheBehavior [ RunTime:0.011502s ]
INFO: [ app_begin ] --END-- [ RunTime:0.012002s ]
SQL: SHOW COLUMNS FROM `bg_auth_group_access` [ RunTime:0.0135s ]
SQL: SELECT `uid`,`group_id`,`title`,`rules` FROM bg_auth_group_access a INNER JOIN bg_auth_group g on a.group_id=g.id  WHERE ( a.uid='2' and g.status='1' )  [ RunTime:0.0085s ]
SQL: SHOW COLUMNS FROM `bg_auth_rule` [ RunTime:0.0115s ]
SQL: SELECT `condition`,`name` FROM `bg_auth_rule` WHERE `id` IN ('1','2','3','4','5','6') AND `type` = 1 AND `status` = 1  [ RunTime:0.0070s ]
SQL: SHOW COLUMNS FROM `bg_user` [ RunTime:0.0125s ]
SQL: SELECT * FROM `bg_user` WHERE `id` = 2 AND `user_type` = 0 LIMIT 1   [ RunTime:0.0055s ]
INFO: [ view_parse ] --START--
INFO: [ template_filter ] --START--
INFO: Run Behavior\ContentReplaceBehavior [ RunTime:0.000000s ]
INFO: [ template_filter ] --END-- [ RunTime:0.000500s ]
INFO: Run Behavior\ParseTemplateBehavior [ RunTime:0.038005s ]
INFO: [ view_parse ] --END-- [ RunTime:0.038505s ]
INFO: [ view_filter ] --START--
INFO: Run Behavior\WriteHtmlCacheBehavior [ RunTime:0.002000s ]
INFO: [ view_filter ] --END-- [ RunTime:0.002500s ]
INFO: [ app_end ] --START--
INFO: Run Behavior\ShowPageTraceBehavior [ RunTime:0.004001s ]
INFO: [ app_end ] --END-- [ RunTime:0.004001s ]

[ 2016-04-08T23:48:52+08:00 ] 127.0.0.1 /Airblog/Admin/User/index.html
INFO: [ app_init ] --START--
INFO: Run Behavior\BuildLiteBehavior [ RunTime:0.000000s ]
INFO: [ app_init ] --END-- [ RunTime:0.005501s ]
INFO: [ app_begin ] --START--
INFO: Run Behavior\ReadHtmlCacheBehavior [ RunTime:0.004000s ]
INFO: [ app_begin ] --END-- [ RunTime:0.004500s ]
SQL: SHOW COLUMNS FROM `bg_auth_group_access` [ RunTime:0.0105s ]
SQL: SELECT `uid`,`group_id`,`title`,`rules` FROM bg_auth_group_access a INNER JOIN bg_auth_group g on a.group_id=g.id  WHERE ( a.uid='2' and g.status='1' )  [ RunTime:0.0050s ]
SQL: SHOW COLUMNS FROM `bg_auth_rule` [ RunTime:0.0145s ]
SQL: SELECT `condition`,`name` FROM `bg_auth_rule` WHERE `id` IN ('1','2','3','4','5','6') AND `type` = 1 AND `status` = 1  [ RunTime:0.0025s ]
SQL: SHOW COLUMNS FROM `bg_user` [ RunTime:0.0120s ]
SQL: SELECT * FROM `bg_user` WHERE `id` = 2 AND `user_type` = 0 LIMIT 1   [ RunTime:0.0055s ]
SQL: SELECT COUNT(*) AS tp_count FROM `bg_user` WHERE `user_type` = 0 AND `user_status` <> 2 LIMIT 1   [ RunTime:0.0010s ]
SQL: SELECT `id`,`nickname`,`user_email`,`user_pass`,`avatar`,`reg_token`,`user_status`,`user_type` FROM `bg_user` WHERE `user_type` = 0 AND `user_status` <> 2 ORDER BY id DESC LIMIT 0,10   [ RunTime:0.0010s ]
INFO: [ view_parse ] --START--
INFO: [ template_filter ] --START--
INFO: Run Behavior\ContentReplaceBehavior [ RunTime:0.000500s ]
INFO: [ template_filter ] --END-- [ RunTime:0.000500s ]
NOTIC: [8] Undefined index: user_type D:\download\apache\htdocs\Airblog\Runtime\Cache\Admin\65e605872ed5d34210f5b33beb13f5a3.php 第 173 行.
INFO: Run Behavior\ParseTemplateBehavior [ RunTime:0.061008s ]
INFO: [ view_parse ] --END-- [ RunTime:0.062008s ]
INFO: [ view_filter ] --START--
INFO: Run Behavior\WriteHtmlCacheBehavior [ RunTime:0.002500s ]
INFO: [ view_filter ] --END-- [ RunTime:0.002500s ]
INFO: [ app_end ] --START--
INFO: Run Behavior\ShowPageTraceBehavior [ RunTime:0.010001s ]
INFO: [ app_end ] --END-- [ RunTime:0.010501s ]

[ 2016-04-08T23:48:55+08:00 ] 127.0.0.1 /Airblog/Admin/Blog/index.html
INFO: [ app_init ] --START--
INFO: Run Behavior\BuildLiteBehavior [ RunTime:0.000000s ]
INFO: [ app_init ] --END-- [ RunTime:0.002000s ]
INFO: [ app_begin ] --START--
INFO: Run Behavior\ReadHtmlCacheBehavior [ RunTime:0.003001s ]
INFO: [ app_begin ] --END-- [ RunTime:0.003001s ]
SQL: SHOW COLUMNS FROM `bg_auth_group_access` [ RunTime:0.0145s ]
SQL: SELECT `uid`,`group_id`,`title`,`rules` FROM bg_auth_group_access a INNER JOIN bg_auth_group g on a.group_id=g.id  WHERE ( a.uid='2' and g.status='1' )  [ RunTime:0.0060s ]
SQL: SHOW COLUMNS FROM `bg_auth_rule` [ RunTime:0.0170s ]
SQL: SELECT `condition`,`name` FROM `bg_auth_rule` WHERE `id` IN ('1','2','3','4','5','6') AND `type` = 1 AND `status` = 1  [ RunTime:0.0045s ]
INFO: [ view_parse ] --START--
INFO: [ template_filter ] --START--
INFO: Run Behavior\ContentReplaceBehavior [ RunTime:0.000000s ]
INFO: [ template_filter ] --END-- [ RunTime:0.000000s ]
INFO: Run Behavior\ParseTemplateBehavior [ RunTime:0.027003s ]
INFO: [ view_parse ] --END-- [ RunTime:0.027003s ]
INFO: [ view_filter ] --START--
INFO: Run Behavior\WriteHtmlCacheBehavior [ RunTime:0.003000s ]
INFO: [ view_filter ] --END-- [ RunTime:0.003000s ]

[ 2016-04-08T23:49:20+08:00 ] 127.0.0.1 /Airblog/Admin/User/see/user_id/2.html
INFO: [ app_init ] --START--
INFO: Run Behavior\BuildLiteBehavior [ RunTime:0.000000s ]
INFO: [ app_init ] --END-- [ RunTime:0.002501s ]
INFO: [ app_begin ] --START--
INFO: Run Behavior\ReadHtmlCacheBehavior [ RunTime:0.002500s ]
INFO: [ app_begin ] --END-- [ RunTime:0.003000s ]
SQL: SHOW COLUMNS FROM `bg_auth_group_access` [ RunTime:0.0115s ]
SQL: SELECT `uid`,`group_id`,`title`,`rules` FROM bg_auth_group_access a INNER JOIN bg_auth_group g on a.group_id=g.id  WHERE ( a.uid='2' and g.status='1' )  [ RunTime:0.0060s ]
SQL: SHOW COLUMNS FROM `bg_auth_rule` [ RunTime:0.0125s ]
SQL: SELECT `condition`,`name` FROM `bg_auth_rule` WHERE `id` IN ('1','2','3','4','5','6') AND `type` = 1 AND `status` = 1  [ RunTime:0.0045s ]
SQL: SHOW COLUMNS FROM `bg_user` [ RunTime:0.0125s ]
SQL: SELECT * FROM `bg_user` WHERE `id` = 2 AND `user_type` = 0 LIMIT 1   [ RunTime:0.0040s ]
SQL: SELECT a.id,a.nickname,a.user_email,a.avatar,a.user_status,a.user_type,b.sex,b.country,b.province,b.city,b.address,b.login_time,b.login_ip,b.last_ip,b.last_time,b.create_time FROM `bg_user` a left join bg_user_info b on a.id=b.user_id  WHERE `id` = '2' LIMIT 1   [ RunTime:0.0025s ]
INFO: [ view_parse ] --START--
INFO: [ template_filter ] --START--
INFO: Run Behavior\ContentReplaceBehavior [ RunTime:0.000500s ]
INFO: [ template_filter ] --END-- [ RunTime:0.000500s ]
INFO: Run Behavior\ParseTemplateBehavior [ RunTime:0.106513s ]
INFO: [ view_parse ] --END-- [ RunTime:0.106513s ]
INFO: [ view_filter ] --START--
INFO: Run Behavior\WriteHtmlCacheBehavior [ RunTime:0.002000s ]
INFO: [ view_filter ] --END-- [ RunTime:0.002501s ]
INFO: [ app_end ] --START--
INFO: Run Behavior\ShowPageTraceBehavior [ RunTime:0.007501s ]
INFO: [ app_end ] --END-- [ RunTime:0.008001s ]

[ 2016-04-08T23:49:24+08:00 ] 127.0.0.1 /Airblog/Admin/User/index.html
INFO: [ app_init ] --START--
INFO: Run Behavior\BuildLiteBehavior [ RunTime:0.000000s ]
INFO: [ app_init ] --END-- [ RunTime:0.002000s ]
INFO: [ app_begin ] --START--
INFO: Run Behavior\ReadHtmlCacheBehavior [ RunTime:0.003501s ]
INFO: [ app_begin ] --END-- [ RunTime:0.004001s ]
SQL: SHOW COLUMNS FROM `bg_auth_group_access` [ RunTime:0.0120s ]
SQL: SELECT `uid`,`group_id`,`title`,`rules` FROM bg_auth_group_access a INNER JOIN bg_auth_group g on a.group_id=g.id  WHERE ( a.uid='2' and g.status='1' )  [ RunTime:0.0070s ]
SQL: SHOW COLUMNS FROM `bg_auth_rule` [ RunTime:0.0110s ]
SQL: SELECT `condition`,`name` FROM `bg_auth_rule` WHERE `id` IN ('1','2','3','4','5','6') AND `type` = 1 AND `status` = 1  [ RunTime:0.0055s ]
SQL: SHOW COLUMNS FROM `bg_user` [ RunTime:0.0130s ]
SQL: SELECT * FROM `bg_user` WHERE `id` = 2 AND `user_type` = 0 LIMIT 1   [ RunTime:0.0060s ]
SQL: SELECT COUNT(*) AS tp_count FROM `bg_user` WHERE `user_type` = 0 AND `user_status` <> 2 LIMIT 1   [ RunTime:0.0015s ]
SQL: SELECT `id`,`nickname`,`user_email`,`user_pass`,`avatar`,`reg_token`,`user_status`,`user_type` FROM `bg_user` WHERE `user_type` = 0 AND `user_status` <> 2 ORDER BY id DESC LIMIT 0,10   [ RunTime:0.0010s ]
INFO: [ view_parse ] --START--
INFO: [ template_filter ] --START--
INFO: Run Behavior\ContentReplaceBehavior [ RunTime:0.000500s ]
INFO: [ template_filter ] --END-- [ RunTime:0.001000s ]
NOTIC: [8] Undefined index: user_type D:\download\apache\htdocs\Airblog\Runtime\Cache\Admin\65e605872ed5d34210f5b33beb13f5a3.php 第 173 行.
INFO: Run Behavior\ParseTemplateBehavior [ RunTime:0.059007s ]
INFO: [ view_parse ] --END-- [ RunTime:0.059507s ]
INFO: [ view_filter ] --START--
INFO: Run Behavior\WriteHtmlCacheBehavior [ RunTime:0.002500s ]
INFO: [ view_filter ] --END-- [ RunTime:0.002500s ]
INFO: [ app_end ] --START--
INFO: Run Behavior\ShowPageTraceBehavior [ RunTime:0.006001s ]
INFO: [ app_end ] --END-- [ RunTime:0.006001s ]

[ 2016-04-08T23:49:27+08:00 ] 127.0.0.1 /Airblog/Admin/User/edit/user_id/2.html
INFO: [ app_init ] --START--
INFO: Run Behavior\BuildLiteBehavior [ RunTime:0.000501s ]
INFO: [ app_init ] --END-- [ RunTime:0.002501s ]
INFO: [ app_begin ] --START--
INFO: Run Behavior\ReadHtmlCacheBehavior [ RunTime:0.003000s ]
INFO: [ app_begin ] --END-- [ RunTime:0.003000s ]
SQL: SHOW COLUMNS FROM `bg_auth_group_access` [ RunTime:0.0110s ]
SQL: SELECT `uid`,`group_id`,`title`,`rules` FROM bg_auth_group_access a INNER JOIN bg_auth_group g on a.group_id=g.id  WHERE ( a.uid='2' and g.status='1' )  [ RunTime:0.0070s ]
SQL: SHOW COLUMNS FROM `bg_auth_rule` [ RunTime:0.0130s ]
SQL: SELECT `condition`,`name` FROM `bg_auth_rule` WHERE `id` IN ('1','2','3','4','5','6') AND `type` = 1 AND `status` = 1  [ RunTime:0.0045s ]
SQL: SHOW COLUMNS FROM `bg_user` [ RunTime:0.0140s ]
SQL: SELECT * FROM `bg_user` WHERE `id` = 2 AND `user_type` = 0 LIMIT 1   [ RunTime:0.0030s ]
SQL: SELECT a.id,a.nickname,a.user_email,a.avatar,a.user_status,a.user_type,b.sex,b.country,b.province,b.city,b.address,b.create_time FROM `bg_user` a left join bg_user_info b on a.id=b.user_id  WHERE `id` = '2' LIMIT 1   [ RunTime:0.0015s ]
INFO: [ view_parse ] --START--
INFO: [ template_filter ] --START--
INFO: Run Behavior\ContentReplaceBehavior [ RunTime:0.001000s ]
INFO: [ template_filter ] --END-- [ RunTime:0.001000s ]
INFO: Run Behavior\ParseTemplateBehavior [ RunTime:0.074009s ]
INFO: [ view_parse ] --END-- [ RunTime:0.074009s ]
INFO: [ view_filter ] --START--
INFO: Run Behavior\WriteHtmlCacheBehavior [ RunTime:0.005501s ]
INFO: [ view_filter ] --END-- [ RunTime:0.005501s ]
INFO: [ app_end ] --START--
INFO: Run Behavior\ShowPageTraceBehavior [ RunTime:0.015002s ]
INFO: [ app_end ] --END-- [ RunTime:0.015002s ]

[ 2016-04-08T23:50:09+08:00 ] 127.0.0.1 /Airblog/Admin/User/edit_run.html
INFO: [ app_init ] --START--
INFO: Run Behavior\BuildLiteBehavior [ RunTime:0.000000s ]
INFO: [ app_init ] --END-- [ RunTime:0.002500s ]
INFO: [ app_begin ] --START--
INFO: Run Behavior\ReadHtmlCacheBehavior [ RunTime:0.002500s ]
INFO: [ app_begin ] --END-- [ RunTime:0.003500s ]
SQL: SHOW COLUMNS FROM `bg_auth_group_access` [ RunTime:0.0115s ]
SQL: SELECT `uid`,`group_id`,`title`,`rules` FROM bg_auth_group_access a INNER JOIN bg_auth_group g on a.group_id=g.id  WHERE ( a.uid='2' and g.status='1' )  [ RunTime:0.0045s ]
SQL: SHOW COLUMNS FROM `bg_auth_rule` [ RunTime:0.0145s ]
SQL: SELECT `condition`,`name` FROM `bg_auth_rule` WHERE `id` IN ('1','2','3','4','5','6') AND `type` = 1 AND `status` = 1  [ RunTime:0.0045s ]
INFO: [ view_parse ] --START--
INFO: [ template_filter ] --START--
INFO: Run Behavior\ContentReplaceBehavior [ RunTime:0.000000s ]
INFO: [ template_filter ] --END-- [ RunTime:0.000500s ]
INFO: Run Behavior\ParseTemplateBehavior [ RunTime:0.030004s ]
INFO: [ view_parse ] --END-- [ RunTime:0.030504s ]
INFO: [ view_filter ] --START--
INFO: Run Behavior\WriteHtmlCacheBehavior [ RunTime:0.003501s ]
INFO: [ view_filter ] --END-- [ RunTime:0.003501s ]

[ 2016-04-08T23:51:43+08:00 ] 127.0.0.1 /Airblog/Admin/Link/index.html
INFO: [ app_init ] --START--
INFO: Run Behavior\BuildLiteBehavior [ RunTime:0.000500s ]
INFO: [ app_init ] --END-- [ RunTime:0.005001s ]
INFO: [ app_begin ] --START--
INFO: Run Behavior\ReadHtmlCacheBehavior [ RunTime:0.003001s ]
INFO: [ app_begin ] --END-- [ RunTime:0.003501s ]
SQL: SHOW COLUMNS FROM `bg_auth_group_access` [ RunTime:0.0135s ]
SQL: SELECT `uid`,`group_id`,`title`,`rules` FROM bg_auth_group_access a INNER JOIN bg_auth_group g on a.group_id=g.id  WHERE ( a.uid='2' and g.status='1' )  [ RunTime:0.0065s ]
SQL: SHOW COLUMNS FROM `bg_auth_rule` [ RunTime:0.0115s ]
SQL: SELECT `condition`,`name` FROM `bg_auth_rule` WHERE `id` IN ('1','2','3','4','5','6') AND `type` = 1 AND `status` = 1  [ RunTime:0.0060s ]
INFO: [ view_parse ] --START--
INFO: [ template_filter ] --START--
INFO: Run Behavior\ContentReplaceBehavior [ RunTime:0.000000s ]
INFO: [ template_filter ] --END-- [ RunTime:0.000500s ]
INFO: Run Behavior\ParseTemplateBehavior [ RunTime:0.029504s ]
INFO: [ view_parse ] --END-- [ RunTime:0.029504s ]
INFO: [ view_filter ] --START--
INFO: Run Behavior\WriteHtmlCacheBehavior [ RunTime:0.003000s ]
INFO: [ view_filter ] --END-- [ RunTime:0.003000s ]

[ 2016-04-08T23:51:57+08:00 ] 127.0.0.1 /Airblog/Admin/Project/index.html
INFO: [ app_init ] --START--
INFO: Run Behavior\BuildLiteBehavior [ RunTime:0.000000s ]
INFO: [ app_init ] --END-- [ RunTime:0.002000s ]
INFO: [ app_begin ] --START--
INFO: Run Behavior\ReadHtmlCacheBehavior [ RunTime:0.003501s ]
INFO: [ app_begin ] --END-- [ RunTime:0.004001s ]
SQL: SHOW COLUMNS FROM `bg_auth_group_access` [ RunTime:0.0125s ]
SQL: SELECT `uid`,`group_id`,`title`,`rules` FROM bg_auth_group_access a INNER JOIN bg_auth_group g on a.group_id=g.id  WHERE ( a.uid='2' and g.status='1' )  [ RunTime:0.0040s ]
SQL: SHOW COLUMNS FROM `bg_auth_rule` [ RunTime:0.0130s ]
SQL: SELECT `condition`,`name` FROM `bg_auth_rule` WHERE `id` IN ('1','2','3','4','5','6') AND `type` = 1 AND `status` = 1  [ RunTime:0.0045s ]
INFO: [ view_parse ] --START--
INFO: [ template_filter ] --START--
INFO: Run Behavior\ContentReplaceBehavior [ RunTime:0.000000s ]
INFO: [ template_filter ] --END-- [ RunTime:0.000500s ]
INFO: Run Behavior\ParseTemplateBehavior [ RunTime:0.030504s ]
INFO: [ view_parse ] --END-- [ RunTime:0.030504s ]
INFO: [ view_filter ] --START--
INFO: Run Behavior\WriteHtmlCacheBehavior [ RunTime:0.004501s ]
INFO: [ view_filter ] --END-- [ RunTime:0.005001s ]

[ 2016-04-08T23:52:03+08:00 ] 127.0.0.1 /Airblog/Admin/User/index.html
INFO: [ app_init ] --START--
INFO: Run Behavior\BuildLiteBehavior [ RunTime:0.000000s ]
INFO: [ app_init ] --END-- [ RunTime:0.003001s ]
INFO: [ app_begin ] --START--
INFO: Run Behavior\ReadHtmlCacheBehavior [ RunTime:0.003000s ]
INFO: [ app_begin ] --END-- [ RunTime:0.003500s ]
SQL: SHOW COLUMNS FROM `bg_auth_group_access` [ RunTime:0.0110s ]
SQL: SELECT `uid`,`group_id`,`title`,`rules` FROM bg_auth_group_access a INNER JOIN bg_auth_group g on a.group_id=g.id  WHERE ( a.uid='2' and g.status='1' )  [ RunTime:0.0055s ]
SQL: SHOW COLUMNS FROM `bg_auth_rule` [ RunTime:0.0120s ]
SQL: SELECT `condition`,`name` FROM `bg_auth_rule` WHERE `id` IN ('1','2','3','4','5','6') AND `type` = 1 AND `status` = 1  [ RunTime:0.0045s ]
SQL: SHOW COLUMNS FROM `bg_user` [ RunTime:0.0125s ]
SQL: SELECT * FROM `bg_user` WHERE `id` = 2 AND `user_type` = 0 LIMIT 1   [ RunTime:0.0045s ]
SQL: SELECT COUNT(*) AS tp_count FROM `bg_user` WHERE `user_type` = 0 AND `user_status` <> 2 LIMIT 1   [ RunTime:0.0025s ]
SQL: SELECT `id`,`nickname`,`user_email`,`user_pass`,`avatar`,`reg_token`,`user_status`,`user_type` FROM `bg_user` WHERE `user_type` = 0 AND `user_status` <> 2 ORDER BY id DESC LIMIT 0,10   [ RunTime:0.0010s ]
INFO: [ view_parse ] --START--
INFO: [ template_filter ] --START--
INFO: Run Behavior\ContentReplaceBehavior [ RunTime:0.001500s ]
INFO: [ template_filter ] --END-- [ RunTime:0.001500s ]
NOTIC: [8] Undefined index: user_type D:\download\apache\htdocs\Airblog\Runtime\Cache\Admin\65e605872ed5d34210f5b33beb13f5a3.php 第 173 行.
INFO: Run Behavior\ParseTemplateBehavior [ RunTime:0.062508s ]
INFO: [ view_parse ] --END-- [ RunTime:0.063008s ]
INFO: [ view_filter ] --START--
INFO: Run Behavior\WriteHtmlCacheBehavior [ RunTime:0.003500s ]
INFO: [ view_filter ] --END-- [ RunTime:0.003500s ]
INFO: [ app_end ] --START--
INFO: Run Behavior\ShowPageTraceBehavior [ RunTime:0.016502s ]
INFO: [ app_end ] --END-- [ RunTime:0.017002s ]

[ 2016-04-08T23:52:29+08:00 ] 127.0.0.1 /Airblog/Admin/User/edit/user_id/2.html
INFO: [ app_init ] --START--
INFO: Run Behavior\BuildLiteBehavior [ RunTime:0.000000s ]
INFO: [ app_init ] --END-- [ RunTime:0.002000s ]
INFO: [ app_begin ] --START--
INFO: Run Behavior\ReadHtmlCacheBehavior [ RunTime:0.007001s ]
INFO: [ app_begin ] --END-- [ RunTime:0.007001s ]
SQL: SHOW COLUMNS FROM `bg_auth_group_access` [ RunTime:0.0125s ]
SQL: SELECT `uid`,`group_id`,`title`,`rules` FROM bg_auth_group_access a INNER JOIN bg_auth_group g on a.group_id=g.id  WHERE ( a.uid='2' and g.status='1' )  [ RunTime:0.0070s ]
SQL: SHOW COLUMNS FROM `bg_auth_rule` [ RunTime:0.0125s ]
SQL: SELECT `condition`,`name` FROM `bg_auth_rule` WHERE `id` IN ('1','2','3','4','5','6') AND `type` = 1 AND `status` = 1  [ RunTime:0.0055s ]
SQL: SHOW COLUMNS FROM `bg_user` [ RunTime:0.0120s ]
SQL: SELECT * FROM `bg_user` WHERE `id` = 2 AND `user_type` = 0 LIMIT 1   [ RunTime:0.0055s ]
SQL: SELECT a.id,a.nickname,a.user_email,a.avatar,a.user_status,a.user_type,b.sex,b.country,b.province,b.city,b.address,b.create_time FROM `bg_user` a left join bg_user_info b on a.id=b.user_id  WHERE `id` = '2' LIMIT 1   [ RunTime:0.0015s ]
INFO: [ view_parse ] --START--
INFO: [ template_filter ] --START--
INFO: Run Behavior\ContentReplaceBehavior [ RunTime:0.000500s ]
INFO: [ template_filter ] --END-- [ RunTime:0.001000s ]
INFO: Run Behavior\ParseTemplateBehavior [ RunTime:0.056507s ]
INFO: [ view_parse ] --END-- [ RunTime:0.057007s ]
INFO: [ view_filter ] --START--
INFO: Run Behavior\WriteHtmlCacheBehavior [ RunTime:0.002501s ]
INFO: [ view_filter ] --END-- [ RunTime:0.002501s ]
INFO: [ app_end ] --START--
INFO: Run Behavior\ShowPageTraceBehavior [ RunTime:0.004500s ]
INFO: [ app_end ] --END-- [ RunTime:0.005000s ]

